2021-01-24 09:58:44,264  INFO [main] - mil.dtic.selenium.RunTest.readExcel 80 - The value of i is -> 1
2021-01-24 09:58:44,269  INFO [main] - mil.dtic.selenium.RunTest.readExcel 81 - testSuitesheet -> Sheet1
2021-01-24 09:58:44,271  INFO [main] - mil.dtic.selenium.RunTest.readExcel 80 - The value of i is -> 2
2021-01-24 09:58:44,271  INFO [main] - mil.dtic.selenium.RunTest.readExcel 81 - testSuitesheet -> Sheet1
2021-01-24 09:58:44,272  INFO [main] - mil.dtic.selenium.RunTest.readExcel 80 - The value of i is -> 3
2021-01-24 09:58:44,273  INFO [main] - mil.dtic.selenium.RunTest.readExcel 81 - testSuitesheet -> Sheet1
2021-01-24 09:58:44,273  INFO [main] - mil.dtic.selenium.RunTest.readExcel 80 - The value of i is -> 4
2021-01-24 09:58:44,274  INFO [main] - mil.dtic.selenium.RunTest.readExcel 81 - testSuitesheet -> Sheet1
2021-01-24 09:58:44,274  INFO [main] - mil.dtic.selenium.RunTest.readExcel 80 - The value of i is -> 5
2021-01-24 09:58:44,275  INFO [main] - mil.dtic.selenium.RunTest.readExcel 81 - testSuitesheet -> Sheet1
2021-01-24 09:58:44,276  INFO [main] - mil.dtic.selenium.RunTest.readExcel 80 - The value of i is -> 6
2021-01-24 09:58:44,276  INFO [main] - mil.dtic.selenium.RunTest.readExcel 81 - testSuitesheet -> Sheet1
2021-01-24 09:58:44,277  INFO [main] - mil.dtic.selenium.RunTest.readExcel 80 - The value of i is -> 7
2021-01-24 09:58:44,278  INFO [main] - mil.dtic.selenium.RunTest.readExcel 81 - testSuitesheet -> Sheet1
2021-01-24 09:58:44,364  INFO [main] - mil.dtic.selenium.RunTest.readExcel 93 - sheetTestSteps is -> RahulShetty
2021-01-24 09:58:44,364  INFO [main] - mil.dtic.selenium.RunTest.readExcel 105 - TestCases: testCaseSerialNumber: 1
2021-01-24 09:58:44,365  INFO [main] - mil.dtic.selenium.RunTest.readExcel 106 - TestCases: testCaseNumber: TC1
2021-01-24 09:58:44,366  INFO [main] - mil.dtic.selenium.RunTest.readExcel 107 - TestCases: testCaseDescription: RahulShetty
2021-01-24 09:58:44,366  INFO [main] - mil.dtic.selenium.RunTest.readExcel 108 - TestCases: testCaseExecutionFlag: Y
2021-01-24 09:58:44,426  INFO [main] - mil.dtic.selenium.Driver.InitateDriver 24 - Now opening Browser
2021-01-24 09:58:44,428  INFO [main] - mil.dtic.selenium.Driver.InitateDriver 27 - Configuration File Reader : Browser -> chrome
2021-01-24 09:58:44,429  INFO [main] - mil.dtic.selenium.Driver.InitateDriver 28 - Configuration File Reader : Driver Path -> ./webdriver/Chrome-Version-87/chromedriver_win32/chromedriver.exe
2021-01-24 09:58:44,430  INFO [main] - mil.dtic.selenium.Driver.InitateDriver 29 - Configuration File Reader : Driver Path -> ./webdriver/Chrome-Version-87/chromedriver_win32/chromedriver.exe
2021-01-24 09:58:44,431  INFO [main] - mil.dtic.selenium.Driver.InitateDriver 43 - In Chrome ...
2021-01-24 09:58:44,439  INFO [main] - mil.dtic.selenium.Driver.InitateDriver 52 - Setting Chrome driver ...
2021-01-24 09:58:48,946  INFO [main] - mil.dtic.selenium.Driver.InitateDriver 60 - Chrome browser started
2021-01-24 09:58:48,958  INFO [main] - mil.dtic.selenium.Driver.InitateDriver 66 - Wait time is -> 10
2021-01-24 09:58:51,039  INFO [main] - mil.dtic.selenium.RunTest.readExcel 152 - testStepsSerialNumber:1
2021-01-24 09:58:51,039  INFO [main] - mil.dtic.selenium.RunTest.readExcel 153 - testStepsDescription:Open url
2021-01-24 09:58:51,040  INFO [main] - mil.dtic.selenium.RunTest.readExcel 154 - webElement:
2021-01-24 09:58:51,040  INFO [main] - mil.dtic.selenium.RunTest.readExcel 155 - webElementValue:
2021-01-24 09:58:51,041  INFO [main] - mil.dtic.selenium.RunTest.readExcel 156 - inputValue:https://rahulshettyacademy.com/AutomationPractice/
2021-01-24 09:58:51,041  INFO [main] - mil.dtic.selenium.RunTest.readExcel 157 - testStepsKeyword:url
2021-01-24 09:58:51,041  INFO [main] - mil.dtic.selenium.RunTest.readExcel 158 - testStepsComparisonType:
2021-01-24 09:58:51,041  INFO [main] - mil.dtic.selenium.RunTest.readExcel 159 - testStepsValueOne:
2021-01-24 09:58:51,042  INFO [main] - mil.dtic.selenium.RunTest.readExcel 160 - testStepsValueTwo:
2021-01-24 09:58:51,042  INFO [main] - mil.dtic.selenium.RunTest.readExcel 161 - testStepsFailMessage:
2021-01-24 09:58:51,042  INFO [main] - mil.dtic.selenium.RunTest.readExcel 162 - testCaseExecutionFlag:Y
2021-01-24 09:58:51,043  INFO [main] - mil.dtic.selenium.RunTest.readExcel 164 - Setting testCaseExecutionFlag:Y to testCaseNumber : TC1
2021-01-24 09:58:51,043  INFO [main] - mil.dtic.selenium.RunTest.readExcel 167 - Executing performActions Method with the five arguments -url https://rahulshettyacademy.com/AutomationPractice/   
2021-01-24 09:58:51,043  INFO [main] - mil.dtic.selenium.KeywordFunctions.runTest 40 - keyword: url inputValue: https://rahulshettyacademy.com/AutomationPractice/ webElementValue:  
2021-01-24 09:58:59,139  INFO [main] - mil.dtic.selenium.KeywordFunctions.runTest 333 - Url is opened sucessfully
2021-01-24 09:58:59,140  INFO [main] - mil.dtic.selenium.RunTest.readExcel 198 - TC1Y
2021-01-24 09:58:59,140  INFO [main] - mil.dtic.selenium.RunTest.readExcel 152 - testStepsSerialNumber:2
2021-01-24 09:58:59,140  INFO [main] - mil.dtic.selenium.RunTest.readExcel 153 - testStepsDescription:Sleep 
2021-01-24 09:58:59,141  INFO [main] - mil.dtic.selenium.RunTest.readExcel 154 - webElement:
2021-01-24 09:58:59,141  INFO [main] - mil.dtic.selenium.RunTest.readExcel 155 - webElementValue:
2021-01-24 09:58:59,141  INFO [main] - mil.dtic.selenium.RunTest.readExcel 156 - inputValue:10
2021-01-24 09:58:59,142  INFO [main] - mil.dtic.selenium.RunTest.readExcel 157 - testStepsKeyword:sleep
2021-01-24 09:58:59,142  INFO [main] - mil.dtic.selenium.RunTest.readExcel 158 - testStepsComparisonType:
2021-01-24 09:58:59,142  INFO [main] - mil.dtic.selenium.RunTest.readExcel 159 - testStepsValueOne:
2021-01-24 09:58:59,143  INFO [main] - mil.dtic.selenium.RunTest.readExcel 160 - testStepsValueTwo:
2021-01-24 09:58:59,143  INFO [main] - mil.dtic.selenium.RunTest.readExcel 161 - testStepsFailMessage:
2021-01-24 09:58:59,143  INFO [main] - mil.dtic.selenium.RunTest.readExcel 162 - testCaseExecutionFlag:Y
2021-01-24 09:58:59,143  INFO [main] - mil.dtic.selenium.RunTest.readExcel 164 - Setting testCaseExecutionFlag:Y to testCaseNumber : TC1
2021-01-24 09:58:59,144  INFO [main] - mil.dtic.selenium.RunTest.readExcel 167 - Executing performActions Method with the five arguments -sleep 10   
2021-01-24 09:58:59,144  INFO [main] - mil.dtic.selenium.KeywordFunctions.runTest 40 - keyword: sleep inputValue: 10 webElementValue:  
2021-01-24 09:59:04,152  INFO [main] - mil.dtic.selenium.KeywordFunctions.runTest 370 - sleep is done sucessfully
2021-01-24 09:59:04,154  INFO [main] - mil.dtic.selenium.RunTest.readExcel 198 - TC1Y
2021-01-24 09:59:04,154  INFO [main] - mil.dtic.selenium.RunTest.readExcel 152 - testStepsSerialNumber:3
2021-01-24 09:59:04,155  INFO [main] - mil.dtic.selenium.RunTest.readExcel 153 - testStepsDescription:click
2021-01-24 09:59:04,155  INFO [main] - mil.dtic.selenium.RunTest.readExcel 154 - webElement:css
2021-01-24 09:59:04,155  INFO [main] - mil.dtic.selenium.RunTest.readExcel 155 - webElementValue:input[value='radio2']
2021-01-24 09:59:04,156  INFO [main] - mil.dtic.selenium.RunTest.readExcel 156 - inputValue:
2021-01-24 09:59:04,156  INFO [main] - mil.dtic.selenium.RunTest.readExcel 157 - testStepsKeyword:radio
2021-01-24 09:59:04,157  INFO [main] - mil.dtic.selenium.RunTest.readExcel 158 - testStepsComparisonType:
2021-01-24 09:59:04,157  INFO [main] - mil.dtic.selenium.RunTest.readExcel 159 - testStepsValueOne:
2021-01-24 09:59:04,157  INFO [main] - mil.dtic.selenium.RunTest.readExcel 160 - testStepsValueTwo:
2021-01-24 09:59:04,158  INFO [main] - mil.dtic.selenium.RunTest.readExcel 161 - testStepsFailMessage:
2021-01-24 09:59:04,158  INFO [main] - mil.dtic.selenium.RunTest.readExcel 162 - testCaseExecutionFlag:Y
2021-01-24 09:59:04,159  INFO [main] - mil.dtic.selenium.RunTest.readExcel 164 - Setting testCaseExecutionFlag:Y to testCaseNumber : TC1
2021-01-24 09:59:04,159  INFO [main] - mil.dtic.selenium.RunTest.readExcel 167 - Executing performActions Method with the five arguments -radio  input[value='radio2']  
2021-01-24 09:59:04,159  INFO [main] - mil.dtic.selenium.KeywordFunctions.runTest 40 - keyword: radio inputValue:  webElementValue:  input[value='radio2']
2021-01-24 09:59:04,174  INFO [main] - mil.dtic.selenium.KeywordFunctions.runDriver 405 - Web Element is an - > css
2021-01-24 09:59:04,275  INFO [main] - mil.dtic.selenium.KeywordFunctions.runTest 272 - Is Exp radio button displayed: true
2021-01-24 09:59:04,303  INFO [main] - mil.dtic.selenium.KeywordFunctions.runTest 276 - Is Exp radio button enabled: true
2021-01-24 09:59:04,320  INFO [main] - mil.dtic.selenium.KeywordFunctions.runTest 281 - Default Radio button selection Status: false
2021-01-24 09:59:04,508  INFO [main] - mil.dtic.selenium.KeywordFunctions.runTest 291 - Experience radio Selection status after perform click() event: true
2021-01-24 09:59:04,509  INFO [main] - mil.dtic.selenium.RunTest.readExcel 198 - TC1Y
2021-01-24 09:59:04,509  INFO [main] - mil.dtic.selenium.RunTest.readExcel 152 - testStepsSerialNumber:4
2021-01-24 09:59:04,509  INFO [main] - mil.dtic.selenium.RunTest.readExcel 153 - testStepsDescription:Sleep 
2021-01-24 09:59:04,509  INFO [main] - mil.dtic.selenium.RunTest.readExcel 154 - webElement:
2021-01-24 09:59:04,510  INFO [main] - mil.dtic.selenium.RunTest.readExcel 155 - webElementValue:
2021-01-24 09:59:04,510  INFO [main] - mil.dtic.selenium.RunTest.readExcel 156 - inputValue:10
2021-01-24 09:59:04,510  INFO [main] - mil.dtic.selenium.RunTest.readExcel 157 - testStepsKeyword:sleep
2021-01-24 09:59:04,510  INFO [main] - mil.dtic.selenium.RunTest.readExcel 158 - testStepsComparisonType:
2021-01-24 09:59:04,511  INFO [main] - mil.dtic.selenium.RunTest.readExcel 159 - testStepsValueOne:
2021-01-24 09:59:04,511  INFO [main] - mil.dtic.selenium.RunTest.readExcel 160 - testStepsValueTwo:
2021-01-24 09:59:04,511  INFO [main] - mil.dtic.selenium.RunTest.readExcel 161 - testStepsFailMessage:
2021-01-24 09:59:04,511  INFO [main] - mil.dtic.selenium.RunTest.readExcel 162 - testCaseExecutionFlag:Y
2021-01-24 09:59:04,511  INFO [main] - mil.dtic.selenium.RunTest.readExcel 164 - Setting testCaseExecutionFlag:Y to testCaseNumber : TC1
2021-01-24 09:59:04,511  INFO [main] - mil.dtic.selenium.RunTest.readExcel 167 - Executing performActions Method with the five arguments -sleep 10   
2021-01-24 09:59:04,512  INFO [main] - mil.dtic.selenium.KeywordFunctions.runTest 40 - keyword: sleep inputValue: 10 webElementValue:  
2021-01-24 09:59:09,514  INFO [main] - mil.dtic.selenium.KeywordFunctions.runTest 370 - sleep is done sucessfully
2021-01-24 09:59:09,514  INFO [main] - mil.dtic.selenium.RunTest.readExcel 198 - TC1Y
2021-01-24 09:59:09,515  INFO [main] - mil.dtic.selenium.RunTest.readExcel 152 - testStepsSerialNumber:5
2021-01-24 09:59:09,515  INFO [main] - mil.dtic.selenium.RunTest.readExcel 153 - testStepsDescription:Dropdown select
2021-01-24 09:59:09,515  INFO [main] - mil.dtic.selenium.RunTest.readExcel 154 - webElement:css
2021-01-24 09:59:09,515  INFO [main] - mil.dtic.selenium.RunTest.readExcel 155 - webElementValue:#dropdown-class-example
2021-01-24 09:59:09,516  INFO [main] - mil.dtic.selenium.RunTest.readExcel 156 - inputValue:option2
2021-01-24 09:59:09,516  INFO [main] - mil.dtic.selenium.RunTest.readExcel 157 - testStepsKeyword:dropdown
2021-01-24 09:59:09,516  INFO [main] - mil.dtic.selenium.RunTest.readExcel 158 - testStepsComparisonType:
2021-01-24 09:59:09,516  INFO [main] - mil.dtic.selenium.RunTest.readExcel 159 - testStepsValueOne:
2021-01-24 09:59:09,516  INFO [main] - mil.dtic.selenium.RunTest.readExcel 160 - testStepsValueTwo:
2021-01-24 09:59:09,517  INFO [main] - mil.dtic.selenium.RunTest.readExcel 161 - testStepsFailMessage:
2021-01-24 09:59:09,517  INFO [main] - mil.dtic.selenium.RunTest.readExcel 162 - testCaseExecutionFlag:Y
2021-01-24 09:59:09,518  INFO [main] - mil.dtic.selenium.RunTest.readExcel 164 - Setting testCaseExecutionFlag:Y to testCaseNumber : TC1
2021-01-24 09:59:09,518  INFO [main] - mil.dtic.selenium.RunTest.readExcel 167 - Executing performActions Method with the five arguments -dropdown option2 #dropdown-class-example  
2021-01-24 09:59:09,518  INFO [main] - mil.dtic.selenium.KeywordFunctions.runTest 40 - keyword: dropdown inputValue: option2 webElementValue:  #dropdown-class-example
2021-01-24 09:59:09,524  INFO [main] - mil.dtic.selenium.KeywordFunctions.runDriver 405 - Web Element is an - > css
2021-01-24 09:59:09,574  INFO [main] - mil.dtic.selenium.KeywordFunctions.runTest 146 - css #dropdown-class-example
2021-01-24 09:59:09,575  INFO [main] - mil.dtic.selenium.KeywordFunctions.runTest 147 - option2
2021-01-24 09:59:09,698  INFO [main] - mil.dtic.selenium.RunTest.readExcel 198 - TC1Y
2021-01-24 09:59:09,698  INFO [main] - mil.dtic.selenium.RunTest.readExcel 152 - testStepsSerialNumber:6
2021-01-24 09:59:09,698  INFO [main] - mil.dtic.selenium.RunTest.readExcel 153 - testStepsDescription:Sleep 
2021-01-24 09:59:09,699  INFO [main] - mil.dtic.selenium.RunTest.readExcel 154 - webElement:
2021-01-24 09:59:09,699  INFO [main] - mil.dtic.selenium.RunTest.readExcel 155 - webElementValue:
2021-01-24 09:59:09,699  INFO [main] - mil.dtic.selenium.RunTest.readExcel 156 - inputValue:10
2021-01-24 09:59:09,699  INFO [main] - mil.dtic.selenium.RunTest.readExcel 157 - testStepsKeyword:sleep
2021-01-24 09:59:09,700  INFO [main] - mil.dtic.selenium.RunTest.readExcel 158 - testStepsComparisonType:
2021-01-24 09:59:09,700  INFO [main] - mil.dtic.selenium.RunTest.readExcel 159 - testStepsValueOne:
2021-01-24 09:59:09,700  INFO [main] - mil.dtic.selenium.RunTest.readExcel 160 - testStepsValueTwo:
2021-01-24 09:59:09,700  INFO [main] - mil.dtic.selenium.RunTest.readExcel 161 - testStepsFailMessage:
2021-01-24 09:59:09,701  INFO [main] - mil.dtic.selenium.RunTest.readExcel 162 - testCaseExecutionFlag:Y
2021-01-24 09:59:09,701  INFO [main] - mil.dtic.selenium.RunTest.readExcel 164 - Setting testCaseExecutionFlag:Y to testCaseNumber : TC1
2021-01-24 09:59:09,702  INFO [main] - mil.dtic.selenium.RunTest.readExcel 167 - Executing performActions Method with the five arguments -sleep 10   
2021-01-24 09:59:09,702  INFO [main] - mil.dtic.selenium.KeywordFunctions.runTest 40 - keyword: sleep inputValue: 10 webElementValue:  
2021-01-24 09:59:14,703  INFO [main] - mil.dtic.selenium.KeywordFunctions.runTest 370 - sleep is done sucessfully
2021-01-24 09:59:14,703  INFO [main] - mil.dtic.selenium.RunTest.readExcel 198 - TC1Y
2021-01-24 09:59:14,703  INFO [main] - mil.dtic.selenium.RunTest.readExcel 152 - testStepsSerialNumber:7
2021-01-24 09:59:14,704  INFO [main] - mil.dtic.selenium.RunTest.readExcel 153 - testStepsDescription:click
2021-01-24 09:59:14,704  INFO [main] - mil.dtic.selenium.RunTest.readExcel 154 - webElement:id
2021-01-24 09:59:14,704  INFO [main] - mil.dtic.selenium.RunTest.readExcel 155 - webElementValue:checkBoxOption3
2021-01-24 09:59:14,705  INFO [main] - mil.dtic.selenium.RunTest.readExcel 156 - inputValue:
2021-01-24 09:59:14,705  INFO [main] - mil.dtic.selenium.RunTest.readExcel 157 - testStepsKeyword:click
2021-01-24 09:59:14,706  INFO [main] - mil.dtic.selenium.RunTest.readExcel 158 - testStepsComparisonType:
2021-01-24 09:59:14,706  INFO [main] - mil.dtic.selenium.RunTest.readExcel 159 - testStepsValueOne:
2021-01-24 09:59:14,706  INFO [main] - mil.dtic.selenium.RunTest.readExcel 160 - testStepsValueTwo:
2021-01-24 09:59:14,706  INFO [main] - mil.dtic.selenium.RunTest.readExcel 161 - testStepsFailMessage:
2021-01-24 09:59:14,706  INFO [main] - mil.dtic.selenium.RunTest.readExcel 162 - testCaseExecutionFlag:Y
2021-01-24 09:59:14,707  INFO [main] - mil.dtic.selenium.RunTest.readExcel 164 - Setting testCaseExecutionFlag:Y to testCaseNumber : TC1
2021-01-24 09:59:14,707  INFO [main] - mil.dtic.selenium.RunTest.readExcel 167 - Executing performActions Method with the five arguments -click  checkBoxOption3  
2021-01-24 09:59:14,707  INFO [main] - mil.dtic.selenium.KeywordFunctions.runTest 40 - keyword: click inputValue:  webElementValue:  checkBoxOption3
2021-01-24 09:59:14,707  INFO [main] - mil.dtic.selenium.KeywordFunctions.runTest 46 - In keyword: click inputValue:  webElementValue:  checkBoxOption3
2021-01-24 09:59:14,708  INFO [main] - mil.dtic.selenium.KeywordFunctions.runDriver 408 - Web Element is an - > id
2021-01-24 09:59:14,807  INFO [main] - mil.dtic.selenium.KeywordFunctions.runTest 48 - Click is performed sucessfully
2021-01-24 09:59:14,807  INFO [main] - mil.dtic.selenium.RunTest.readExcel 198 - TC1Y
2021-01-24 09:59:14,807  INFO [main] - mil.dtic.selenium.RunTest.readExcel 152 - testStepsSerialNumber:8
2021-01-24 09:59:14,808  INFO [main] - mil.dtic.selenium.RunTest.readExcel 153 - testStepsDescription:Sleep 
2021-01-24 09:59:14,808  INFO [main] - mil.dtic.selenium.RunTest.readExcel 154 - webElement:
2021-01-24 09:59:14,808  INFO [main] - mil.dtic.selenium.RunTest.readExcel 155 - webElementValue:
2021-01-24 09:59:14,808  INFO [main] - mil.dtic.selenium.RunTest.readExcel 156 - inputValue:10
2021-01-24 09:59:14,808  INFO [main] - mil.dtic.selenium.RunTest.readExcel 157 - testStepsKeyword:sleep
2021-01-24 09:59:14,809  INFO [main] - mil.dtic.selenium.RunTest.readExcel 158 - testStepsComparisonType:
2021-01-24 09:59:14,809  INFO [main] - mil.dtic.selenium.RunTest.readExcel 159 - testStepsValueOne:
2021-01-24 09:59:14,809  INFO [main] - mil.dtic.selenium.RunTest.readExcel 160 - testStepsValueTwo:
2021-01-24 09:59:14,809  INFO [main] - mil.dtic.selenium.RunTest.readExcel 161 - testStepsFailMessage:
2021-01-24 09:59:14,811  INFO [main] - mil.dtic.selenium.RunTest.readExcel 162 - testCaseExecutionFlag:Y
2021-01-24 09:59:14,811  INFO [main] - mil.dtic.selenium.RunTest.readExcel 164 - Setting testCaseExecutionFlag:Y to testCaseNumber : TC1
2021-01-24 09:59:14,811  INFO [main] - mil.dtic.selenium.RunTest.readExcel 167 - Executing performActions Method with the five arguments -sleep 10   
2021-01-24 09:59:14,811  INFO [main] - mil.dtic.selenium.KeywordFunctions.runTest 40 - keyword: sleep inputValue: 10 webElementValue:  
2021-01-24 09:59:19,822  INFO [main] - mil.dtic.selenium.KeywordFunctions.runTest 370 - sleep is done sucessfully
2021-01-24 09:59:19,822  INFO [main] - mil.dtic.selenium.RunTest.readExcel 198 - TC1Y
2021-01-24 09:59:19,822  INFO [main] - mil.dtic.selenium.RunTest.readExcel 152 - testStepsSerialNumber:9
2021-01-24 09:59:19,822  INFO [main] - mil.dtic.selenium.RunTest.readExcel 153 - testStepsDescription:click
2021-01-24 09:59:19,823  INFO [main] - mil.dtic.selenium.RunTest.readExcel 154 - webElement:id
2021-01-24 09:59:19,823  INFO [main] - mil.dtic.selenium.RunTest.readExcel 155 - webElementValue:openwindow
2021-01-24 09:59:19,824  INFO [main] - mil.dtic.selenium.RunTest.readExcel 156 - inputValue:
2021-01-24 09:59:19,825  INFO [main] - mil.dtic.selenium.RunTest.readExcel 157 - testStepsKeyword:click
2021-01-24 09:59:19,825  INFO [main] - mil.dtic.selenium.RunTest.readExcel 158 - testStepsComparisonType:
2021-01-24 09:59:19,826  INFO [main] - mil.dtic.selenium.RunTest.readExcel 159 - testStepsValueOne:
2021-01-24 09:59:19,826  INFO [main] - mil.dtic.selenium.RunTest.readExcel 160 - testStepsValueTwo:
2021-01-24 09:59:19,826  INFO [main] - mil.dtic.selenium.RunTest.readExcel 161 - testStepsFailMessage:
2021-01-24 09:59:19,826  INFO [main] - mil.dtic.selenium.RunTest.readExcel 162 - testCaseExecutionFlag:Y
2021-01-24 09:59:19,827  INFO [main] - mil.dtic.selenium.RunTest.readExcel 164 - Setting testCaseExecutionFlag:Y to testCaseNumber : TC1
2021-01-24 09:59:19,827  INFO [main] - mil.dtic.selenium.RunTest.readExcel 167 - Executing performActions Method with the five arguments -click  openwindow  
2021-01-24 09:59:19,827  INFO [main] - mil.dtic.selenium.KeywordFunctions.runTest 40 - keyword: click inputValue:  webElementValue:  openwindow
2021-01-24 09:59:19,828  INFO [main] - mil.dtic.selenium.KeywordFunctions.runTest 46 - In keyword: click inputValue:  webElementValue:  openwindow
2021-01-24 09:59:19,828  INFO [main] - mil.dtic.selenium.KeywordFunctions.runDriver 408 - Web Element is an - > id
2021-01-24 09:59:20,012  INFO [main] - mil.dtic.selenium.KeywordFunctions.runTest 48 - Click is performed sucessfully
2021-01-24 09:59:20,012  INFO [main] - mil.dtic.selenium.RunTest.readExcel 198 - TC1Y
2021-01-24 09:59:20,013  INFO [main] - mil.dtic.selenium.RunTest.readExcel 152 - testStepsSerialNumber:10
2021-01-24 09:59:20,013  INFO [main] - mil.dtic.selenium.RunTest.readExcel 153 - testStepsDescription:Sleep 
2021-01-24 09:59:20,013  INFO [main] - mil.dtic.selenium.RunTest.readExcel 154 - webElement:
2021-01-24 09:59:20,013  INFO [main] - mil.dtic.selenium.RunTest.readExcel 155 - webElementValue:
2021-01-24 09:59:20,014  INFO [main] - mil.dtic.selenium.RunTest.readExcel 156 - inputValue:10
2021-01-24 09:59:20,014  INFO [main] - mil.dtic.selenium.RunTest.readExcel 157 - testStepsKeyword:sleep
2021-01-24 09:59:20,014  INFO [main] - mil.dtic.selenium.RunTest.readExcel 158 - testStepsComparisonType:
2021-01-24 09:59:20,014  INFO [main] - mil.dtic.selenium.RunTest.readExcel 159 - testStepsValueOne:
2021-01-24 09:59:20,015  INFO [main] - mil.dtic.selenium.RunTest.readExcel 160 - testStepsValueTwo:
2021-01-24 09:59:20,015  INFO [main] - mil.dtic.selenium.RunTest.readExcel 161 - testStepsFailMessage:
2021-01-24 09:59:20,016  INFO [main] - mil.dtic.selenium.RunTest.readExcel 162 - testCaseExecutionFlag:Y
2021-01-24 09:59:20,016  INFO [main] - mil.dtic.selenium.RunTest.readExcel 164 - Setting testCaseExecutionFlag:Y to testCaseNumber : TC1
2021-01-24 09:59:20,016  INFO [main] - mil.dtic.selenium.RunTest.readExcel 167 - Executing performActions Method with the five arguments -sleep 10   
2021-01-24 09:59:20,017  INFO [main] - mil.dtic.selenium.KeywordFunctions.runTest 40 - keyword: sleep inputValue: 10 webElementValue:  
2021-01-24 09:59:25,036  INFO [main] - mil.dtic.selenium.KeywordFunctions.runTest 370 - sleep is done sucessfully
2021-01-24 09:59:25,037  INFO [main] - mil.dtic.selenium.RunTest.readExcel 198 - TC1Y
2021-01-24 09:59:25,038  INFO [main] - mil.dtic.selenium.RunTest.readExcel 152 - testStepsSerialNumber:11
2021-01-24 09:59:25,039  INFO [main] - mil.dtic.selenium.RunTest.readExcel 153 - testStepsDescription:Enter empty Password
2021-01-24 09:59:25,039  INFO [main] - mil.dtic.selenium.RunTest.readExcel 154 - webElement:id
2021-01-24 09:59:25,039  INFO [main] - mil.dtic.selenium.RunTest.readExcel 155 - webElementValue:name
2021-01-24 09:59:25,040  INFO [main] - mil.dtic.selenium.RunTest.readExcel 156 - inputValue:Tariq
2021-01-24 09:59:25,040  INFO [main] - mil.dtic.selenium.RunTest.readExcel 157 - testStepsKeyword:input
2021-01-24 09:59:25,040  INFO [main] - mil.dtic.selenium.RunTest.readExcel 158 - testStepsComparisonType:
2021-01-24 09:59:25,040  INFO [main] - mil.dtic.selenium.RunTest.readExcel 159 - testStepsValueOne:
2021-01-24 09:59:25,040  INFO [main] - mil.dtic.selenium.RunTest.readExcel 160 - testStepsValueTwo:
2021-01-24 09:59:25,041  INFO [main] - mil.dtic.selenium.RunTest.readExcel 161 - testStepsFailMessage:
2021-01-24 09:59:25,041  INFO [main] - mil.dtic.selenium.RunTest.readExcel 162 - testCaseExecutionFlag:Y
2021-01-24 09:59:25,041  INFO [main] - mil.dtic.selenium.RunTest.readExcel 164 - Setting testCaseExecutionFlag:Y to testCaseNumber : TC1
2021-01-24 09:59:25,041  INFO [main] - mil.dtic.selenium.RunTest.readExcel 167 - Executing performActions Method with the five arguments -input Tariq name  
2021-01-24 09:59:25,041  INFO [main] - mil.dtic.selenium.KeywordFunctions.runTest 40 - keyword: input inputValue: Tariq webElementValue:  name
2021-01-24 09:59:25,041  INFO [main] - mil.dtic.selenium.KeywordFunctions.runTest 93 - In keyword: input inputValue: Tariq webElementValue:  name  
2021-01-24 09:59:25,042  INFO [main] - mil.dtic.selenium.KeywordFunctions.runDriver 408 - Web Element is an - > id
2021-01-24 09:59:25,155  INFO [main] - mil.dtic.selenium.KeywordFunctions.runDriver 408 - Web Element is an - > id
2021-01-24 09:59:25,275  INFO [main] - mil.dtic.selenium.KeywordFunctions.runTest 96 - valueOne :  valueTwo :  failMessage : 
2021-01-24 09:59:25,282  INFO [main] - mil.dtic.selenium.KeywordFunctions.runTest 116 - Input is performed sucessfully
2021-01-24 09:59:25,282  INFO [main] - mil.dtic.selenium.RunTest.readExcel 198 - TC1Y
2021-01-24 09:59:25,282  INFO [main] - mil.dtic.selenium.RunTest.readExcel 152 - testStepsSerialNumber:12
2021-01-24 09:59:25,283  INFO [main] - mil.dtic.selenium.RunTest.readExcel 153 - testStepsDescription:Sleep 
2021-01-24 09:59:25,283  INFO [main] - mil.dtic.selenium.RunTest.readExcel 154 - webElement:
2021-01-24 09:59:25,283  INFO [main] - mil.dtic.selenium.RunTest.readExcel 155 - webElementValue:
2021-01-24 09:59:25,284  INFO [main] - mil.dtic.selenium.RunTest.readExcel 156 - inputValue:10
2021-01-24 09:59:25,284  INFO [main] - mil.dtic.selenium.RunTest.readExcel 157 - testStepsKeyword:sleep
2021-01-24 09:59:25,284  INFO [main] - mil.dtic.selenium.RunTest.readExcel 158 - testStepsComparisonType:
2021-01-24 09:59:25,284  INFO [main] - mil.dtic.selenium.RunTest.readExcel 159 - testStepsValueOne:
2021-01-24 09:59:25,284  INFO [main] - mil.dtic.selenium.RunTest.readExcel 160 - testStepsValueTwo:
2021-01-24 09:59:25,285  INFO [main] - mil.dtic.selenium.RunTest.readExcel 161 - testStepsFailMessage:
2021-01-24 09:59:25,286  INFO [main] - mil.dtic.selenium.RunTest.readExcel 162 - testCaseExecutionFlag:Y
2021-01-24 09:59:25,286  INFO [main] - mil.dtic.selenium.RunTest.readExcel 164 - Setting testCaseExecutionFlag:Y to testCaseNumber : TC1
2021-01-24 09:59:25,286  INFO [main] - mil.dtic.selenium.RunTest.readExcel 167 - Executing performActions Method with the five arguments -sleep 10   
2021-01-24 09:59:25,286  INFO [main] - mil.dtic.selenium.KeywordFunctions.runTest 40 - keyword: sleep inputValue: 10 webElementValue:  
2021-01-24 09:59:30,292  INFO [main] - mil.dtic.selenium.KeywordFunctions.runTest 370 - sleep is done sucessfully
2021-01-24 09:59:30,292  INFO [main] - mil.dtic.selenium.RunTest.readExcel 198 - TC1Y
2021-01-24 09:59:30,292  INFO [main] - mil.dtic.selenium.RunTest.readExcel 152 - testStepsSerialNumber:13
2021-01-24 09:59:30,292  INFO [main] - mil.dtic.selenium.RunTest.readExcel 153 - testStepsDescription:click
2021-01-24 09:59:30,292  INFO [main] - mil.dtic.selenium.RunTest.readExcel 154 - webElement:id
2021-01-24 09:59:30,292  INFO [main] - mil.dtic.selenium.RunTest.readExcel 155 - webElementValue:confirmbtn
2021-01-24 09:59:30,292  INFO [main] - mil.dtic.selenium.RunTest.readExcel 156 - inputValue:
2021-01-24 09:59:30,292  INFO [main] - mil.dtic.selenium.RunTest.readExcel 157 - testStepsKeyword:click
2021-01-24 09:59:30,292  INFO [main] - mil.dtic.selenium.RunTest.readExcel 158 - testStepsComparisonType:
2021-01-24 09:59:30,292  INFO [main] - mil.dtic.selenium.RunTest.readExcel 159 - testStepsValueOne:
2021-01-24 09:59:30,292  INFO [main] - mil.dtic.selenium.RunTest.readExcel 160 - testStepsValueTwo:
2021-01-24 09:59:30,293  INFO [main] - mil.dtic.selenium.RunTest.readExcel 161 - testStepsFailMessage:
2021-01-24 09:59:30,293  INFO [main] - mil.dtic.selenium.RunTest.readExcel 162 - testCaseExecutionFlag:Y
2021-01-24 09:59:30,293  INFO [main] - mil.dtic.selenium.RunTest.readExcel 164 - Setting testCaseExecutionFlag:Y to testCaseNumber : TC1
2021-01-24 09:59:30,293  INFO [main] - mil.dtic.selenium.RunTest.readExcel 167 - Executing performActions Method with the five arguments -click  confirmbtn  
2021-01-24 09:59:30,293  INFO [main] - mil.dtic.selenium.KeywordFunctions.runTest 40 - keyword: click inputValue:  webElementValue:  confirmbtn
2021-01-24 09:59:30,293  INFO [main] - mil.dtic.selenium.KeywordFunctions.runTest 46 - In keyword: click inputValue:  webElementValue:  confirmbtn
2021-01-24 09:59:30,294  INFO [main] - mil.dtic.selenium.KeywordFunctions.runDriver 408 - Web Element is an - > id
2021-01-24 09:59:30,380  INFO [main] - mil.dtic.selenium.KeywordFunctions.runTest 48 - Click is performed sucessfully
2021-01-24 09:59:30,381  INFO [main] - mil.dtic.selenium.RunTest.readExcel 198 - TC1Y
2021-01-24 09:59:30,381  INFO [main] - mil.dtic.selenium.RunTest.readExcel 152 - testStepsSerialNumber:14
2021-01-24 09:59:30,382  INFO [main] - mil.dtic.selenium.RunTest.readExcel 153 - testStepsDescription:Sleep 
2021-01-24 09:59:30,398  INFO [main] - mil.dtic.selenium.RunTest.readExcel 154 - webElement:
2021-01-24 09:59:30,398  INFO [main] - mil.dtic.selenium.RunTest.readExcel 155 - webElementValue:
2021-01-24 09:59:30,399  INFO [main] - mil.dtic.selenium.RunTest.readExcel 156 - inputValue:10
2021-01-24 09:59:30,400  INFO [main] - mil.dtic.selenium.RunTest.readExcel 157 - testStepsKeyword:sleep
2021-01-24 09:59:30,404  INFO [main] - mil.dtic.selenium.RunTest.readExcel 158 - testStepsComparisonType:
2021-01-24 09:59:30,405  INFO [main] - mil.dtic.selenium.RunTest.readExcel 159 - testStepsValueOne:
2021-01-24 09:59:30,407  INFO [main] - mil.dtic.selenium.RunTest.readExcel 160 - testStepsValueTwo:
2021-01-24 09:59:30,409  INFO [main] - mil.dtic.selenium.RunTest.readExcel 161 - testStepsFailMessage:
2021-01-24 09:59:30,412  INFO [main] - mil.dtic.selenium.RunTest.readExcel 162 - testCaseExecutionFlag:Y
2021-01-24 09:59:30,413  INFO [main] - mil.dtic.selenium.RunTest.readExcel 164 - Setting testCaseExecutionFlag:Y to testCaseNumber : TC1
2021-01-24 09:59:30,413  INFO [main] - mil.dtic.selenium.RunTest.readExcel 167 - Executing performActions Method with the five arguments -sleep 10   
2021-01-24 09:59:30,413  INFO [main] - mil.dtic.selenium.KeywordFunctions.runTest 40 - keyword: sleep inputValue: 10 webElementValue:  
2021-01-24 09:59:35,428  INFO [main] - mil.dtic.selenium.KeywordFunctions.runTest 370 - sleep is done sucessfully
2021-01-24 09:59:35,429  INFO [main] - mil.dtic.selenium.RunTest.readExcel 198 - TC1Y
2021-01-24 09:59:35,429  INFO [main] - mil.dtic.selenium.RunTest.readExcel 152 - testStepsSerialNumber:15
2021-01-24 09:59:35,430  INFO [main] - mil.dtic.selenium.RunTest.readExcel 153 - testStepsDescription:hover
2021-01-24 09:59:35,432  INFO [main] - mil.dtic.selenium.RunTest.readExcel 154 - webElement:id
2021-01-24 09:59:35,433  INFO [main] - mil.dtic.selenium.RunTest.readExcel 155 - webElementValue:mousehover
2021-01-24 09:59:35,433  INFO [main] - mil.dtic.selenium.RunTest.readExcel 156 - inputValue:
2021-01-24 09:59:35,434  INFO [main] - mil.dtic.selenium.RunTest.readExcel 157 - testStepsKeyword:hover
2021-01-24 09:59:35,435  INFO [main] - mil.dtic.selenium.RunTest.readExcel 158 - testStepsComparisonType:
2021-01-24 09:59:35,436  INFO [main] - mil.dtic.selenium.RunTest.readExcel 159 - testStepsValueOne:
2021-01-24 09:59:35,437  INFO [main] - mil.dtic.selenium.RunTest.readExcel 160 - testStepsValueTwo:
2021-01-24 09:59:35,437  INFO [main] - mil.dtic.selenium.RunTest.readExcel 161 - testStepsFailMessage:
2021-01-24 09:59:35,438  INFO [main] - mil.dtic.selenium.RunTest.readExcel 162 - testCaseExecutionFlag:Y
2021-01-24 09:59:35,438  INFO [main] - mil.dtic.selenium.RunTest.readExcel 164 - Setting testCaseExecutionFlag:Y to testCaseNumber : TC1
2021-01-24 09:59:35,438  INFO [main] - mil.dtic.selenium.RunTest.readExcel 167 - Executing performActions Method with the five arguments -hover  mousehover  
2021-01-24 09:59:35,439  INFO [main] - mil.dtic.selenium.KeywordFunctions.runTest 40 - keyword: hover inputValue:  webElementValue:  mousehover
2021-01-24 09:59:35,439  INFO [main] - mil.dtic.selenium.RunTest.readExcel 198 - TC1Y
2021-01-24 09:59:35,439  INFO [main] - mil.dtic.selenium.RunTest.readExcel 152 - testStepsSerialNumber:16
2021-01-24 09:59:35,440  INFO [main] - mil.dtic.selenium.RunTest.readExcel 153 - testStepsDescription:Sleep 
2021-01-24 09:59:35,440  INFO [main] - mil.dtic.selenium.RunTest.readExcel 154 - webElement:
2021-01-24 09:59:35,440  INFO [main] - mil.dtic.selenium.RunTest.readExcel 155 - webElementValue:
2021-01-24 09:59:35,441  INFO [main] - mil.dtic.selenium.RunTest.readExcel 156 - inputValue:100
2021-01-24 09:59:35,441  INFO [main] - mil.dtic.selenium.RunTest.readExcel 157 - testStepsKeyword:sleep
2021-01-24 09:59:35,441  INFO [main] - mil.dtic.selenium.RunTest.readExcel 158 - testStepsComparisonType:
2021-01-24 09:59:35,442  INFO [main] - mil.dtic.selenium.RunTest.readExcel 159 - testStepsValueOne:
2021-01-24 09:59:35,442  INFO [main] - mil.dtic.selenium.RunTest.readExcel 160 - testStepsValueTwo:
2021-01-24 09:59:35,442  INFO [main] - mil.dtic.selenium.RunTest.readExcel 161 - testStepsFailMessage:
2021-01-24 09:59:35,443  INFO [main] - mil.dtic.selenium.RunTest.readExcel 162 - testCaseExecutionFlag:Y
2021-01-24 09:59:35,444  INFO [main] - mil.dtic.selenium.RunTest.readExcel 164 - Setting testCaseExecutionFlag:Y to testCaseNumber : TC1
2021-01-24 09:59:35,445  INFO [main] - mil.dtic.selenium.RunTest.readExcel 167 - Executing performActions Method with the five arguments -sleep 100   
2021-01-24 09:59:35,445  INFO [main] - mil.dtic.selenium.KeywordFunctions.runTest 40 - keyword: sleep inputValue: 100 webElementValue:  
2021-01-24 09:59:40,455  INFO [main] - mil.dtic.selenium.KeywordFunctions.runTest 370 - sleep is done sucessfully
2021-01-24 09:59:40,455  INFO [main] - mil.dtic.selenium.RunTest.readExcel 198 - TC1Y
2021-01-24 09:59:40,455  INFO [main] - mil.dtic.selenium.RunTest.readExcel 152 - testStepsSerialNumber:17
2021-01-24 09:59:40,456  INFO [main] - mil.dtic.selenium.RunTest.readExcel 153 - testStepsDescription:Close Browser
2021-01-24 09:59:40,456  INFO [main] - mil.dtic.selenium.RunTest.readExcel 154 - webElement:
2021-01-24 09:59:40,456  INFO [main] - mil.dtic.selenium.RunTest.readExcel 155 - webElementValue:
2021-01-24 09:59:40,456  INFO [main] - mil.dtic.selenium.RunTest.readExcel 156 - inputValue:
2021-01-24 09:59:40,456  INFO [main] - mil.dtic.selenium.RunTest.readExcel 157 - testStepsKeyword:CloseBrowser
2021-01-24 09:59:40,456  INFO [main] - mil.dtic.selenium.RunTest.readExcel 158 - testStepsComparisonType:
2021-01-24 09:59:40,457  INFO [main] - mil.dtic.selenium.RunTest.readExcel 159 - testStepsValueOne:
2021-01-24 09:59:40,457  INFO [main] - mil.dtic.selenium.RunTest.readExcel 160 - testStepsValueTwo:
2021-01-24 09:59:40,457  INFO [main] - mil.dtic.selenium.RunTest.readExcel 161 - testStepsFailMessage:
2021-01-24 09:59:40,457  INFO [main] - mil.dtic.selenium.RunTest.readExcel 162 - testCaseExecutionFlag:Y
2021-01-24 09:59:40,457  INFO [main] - mil.dtic.selenium.RunTest.readExcel 164 - Setting testCaseExecutionFlag:Y to testCaseNumber : TC1
2021-01-24 09:59:40,457  INFO [main] - mil.dtic.selenium.RunTest.readExcel 167 - Executing performActions Method with the five arguments -CloseBrowser    
2021-01-24 09:59:40,457  INFO [main] - mil.dtic.selenium.KeywordFunctions.runTest 40 - keyword: CloseBrowser inputValue:  webElementValue:  
2021-01-24 09:59:41,347  INFO [main] - mil.dtic.selenium.KeywordFunctions.runTest 345 - Browser is closed sucessfully
2021-01-24 09:59:41,348  INFO [main] - mil.dtic.selenium.RunTest.readExcel 198 - TC1Y
2021-01-24 09:59:41,348  INFO [main] - mil.dtic.selenium.RunTest.readExcel 232 - Adding to case list ...
2021-01-24 09:59:41,348  INFO [main] - mil.dtic.selenium.RunTest.writeToExcelFile 297 - Sheet -> RahulShetty Test Case # -> TC1 Row Number is -> 1
2021-01-24 09:59:41,419  INFO [main] - mil.dtic.selenium.RunTest.writeToExcelFile 317 - obj.toString() -> TC1
2021-01-24 09:59:41,422  INFO [main] - mil.dtic.selenium.RunTest.writeToExcelFile 317 - obj.toString() -> 1
2021-01-24 09:59:41,425  INFO [main] - mil.dtic.selenium.RunTest.writeToExcelFile 317 - obj.toString() -> Open url
2021-01-24 09:59:41,426  INFO [main] - mil.dtic.selenium.RunTest.writeToExcelFile 317 - obj.toString() -> 
2021-01-24 09:59:41,427  INFO [main] - mil.dtic.selenium.RunTest.writeToExcelFile 317 - obj.toString() -> https://rahulshettyacademy.com/AutomationPractice/
2021-01-24 09:59:41,428  INFO [main] - mil.dtic.selenium.RunTest.writeToExcelFile 317 - obj.toString() -> url
2021-01-24 09:59:41,430  INFO [main] - mil.dtic.selenium.RunTest.writeToExcelFile 317 - obj.toString() -> PASSED
2021-01-24 09:59:41,432  INFO [main] - mil.dtic.selenium.RunTest.writeToExcelFile 317 - obj.toString() -> Url is opened sucessfully
2021-01-24 09:59:41,677  INFO [main] - mil.dtic.selenium.RunTest.writeToExcelFile 297 - Sheet -> RahulShetty Test Case # -> TC1 Row Number is -> 2
2021-01-24 09:59:41,683  INFO [main] - mil.dtic.selenium.RunTest.writeToExcelFile 317 - obj.toString() -> TC1
2021-01-24 09:59:41,684  INFO [main] - mil.dtic.selenium.RunTest.writeToExcelFile 317 - obj.toString() -> 2
2021-01-24 09:59:41,685  INFO [main] - mil.dtic.selenium.RunTest.writeToExcelFile 317 - obj.toString() -> Sleep 
2021-01-24 09:59:41,745  INFO [main] - mil.dtic.selenium.RunTest.writeToExcelFile 317 - obj.toString() -> 
2021-01-24 09:59:41,746  INFO [main] - mil.dtic.selenium.RunTest.writeToExcelFile 317 - obj.toString() -> 10
2021-01-24 09:59:41,747  INFO [main] - mil.dtic.selenium.RunTest.writeToExcelFile 317 - obj.toString() -> sleep
2021-01-24 09:59:41,747  INFO [main] - mil.dtic.selenium.RunTest.writeToExcelFile 317 - obj.toString() -> PASSED
2021-01-24 09:59:41,749  INFO [main] - mil.dtic.selenium.RunTest.writeToExcelFile 317 - obj.toString() -> sleep is done sucessfully
2021-01-24 09:59:41,771  INFO [main] - mil.dtic.selenium.RunTest.writeToExcelFile 297 - Sheet -> RahulShetty Test Case # -> TC1 Row Number is -> 3
2021-01-24 09:59:41,776  INFO [main] - mil.dtic.selenium.RunTest.writeToExcelFile 317 - obj.toString() -> TC1
2021-01-24 09:59:41,777  INFO [main] - mil.dtic.selenium.RunTest.writeToExcelFile 317 - obj.toString() -> 3
2021-01-24 09:59:41,778  INFO [main] - mil.dtic.selenium.RunTest.writeToExcelFile 317 - obj.toString() -> click
2021-01-24 09:59:41,789  INFO [main] - mil.dtic.selenium.RunTest.writeToExcelFile 317 - obj.toString() -> input[value='radio2']
2021-01-24 09:59:41,793  INFO [main] - mil.dtic.selenium.RunTest.writeToExcelFile 317 - obj.toString() -> 
2021-01-24 09:59:41,794  INFO [main] - mil.dtic.selenium.RunTest.writeToExcelFile 317 - obj.toString() -> radio
2021-01-24 09:59:41,795  INFO [main] - mil.dtic.selenium.RunTest.writeToExcelFile 317 - obj.toString() -> PASSED
2021-01-24 09:59:41,796  INFO [main] - mil.dtic.selenium.RunTest.writeToExcelFile 317 - obj.toString() -> radio button selection was done successfully
2021-01-24 09:59:41,818  INFO [main] - mil.dtic.selenium.RunTest.writeToExcelFile 297 - Sheet -> RahulShetty Test Case # -> TC1 Row Number is -> 4
2021-01-24 09:59:41,824  INFO [main] - mil.dtic.selenium.RunTest.writeToExcelFile 317 - obj.toString() -> TC1
2021-01-24 09:59:41,825  INFO [main] - mil.dtic.selenium.RunTest.writeToExcelFile 317 - obj.toString() -> 4
2021-01-24 09:59:41,831  INFO [main] - mil.dtic.selenium.RunTest.writeToExcelFile 317 - obj.toString() -> Sleep 
2021-01-24 09:59:41,832  INFO [main] - mil.dtic.selenium.RunTest.writeToExcelFile 317 - obj.toString() -> 
2021-01-24 09:59:41,833  INFO [main] - mil.dtic.selenium.RunTest.writeToExcelFile 317 - obj.toString() -> 10
2021-01-24 09:59:41,833  INFO [main] - mil.dtic.selenium.RunTest.writeToExcelFile 317 - obj.toString() -> sleep
2021-01-24 09:59:41,834  INFO [main] - mil.dtic.selenium.RunTest.writeToExcelFile 317 - obj.toString() -> PASSED
2021-01-24 09:59:41,834  INFO [main] - mil.dtic.selenium.RunTest.writeToExcelFile 317 - obj.toString() -> sleep is done sucessfully
2021-01-24 09:59:41,865  INFO [main] - mil.dtic.selenium.RunTest.writeToExcelFile 297 - Sheet -> RahulShetty Test Case # -> TC1 Row Number is -> 5
2021-01-24 09:59:41,869  INFO [main] - mil.dtic.selenium.RunTest.writeToExcelFile 317 - obj.toString() -> TC1
2021-01-24 09:59:41,869  INFO [main] - mil.dtic.selenium.RunTest.writeToExcelFile 317 - obj.toString() -> 5
2021-01-24 09:59:41,870  INFO [main] - mil.dtic.selenium.RunTest.writeToExcelFile 317 - obj.toString() -> Dropdown select
2021-01-24 09:59:41,871  INFO [main] - mil.dtic.selenium.RunTest.writeToExcelFile 317 - obj.toString() -> #dropdown-class-example
2021-01-24 09:59:41,871  INFO [main] - mil.dtic.selenium.RunTest.writeToExcelFile 317 - obj.toString() -> option2
2021-01-24 09:59:41,872  INFO [main] - mil.dtic.selenium.RunTest.writeToExcelFile 317 - obj.toString() -> dropdown
2021-01-24 09:59:41,872  INFO [main] - mil.dtic.selenium.RunTest.writeToExcelFile 317 - obj.toString() -> PASSED
2021-01-24 09:59:41,873  INFO [main] - mil.dtic.selenium.RunTest.writeToExcelFile 317 - obj.toString() -> dropdown selection was done successfully
2021-01-24 09:59:41,900  INFO [main] - mil.dtic.selenium.RunTest.writeToExcelFile 297 - Sheet -> RahulShetty Test Case # -> TC1 Row Number is -> 6
2021-01-24 09:59:41,907  INFO [main] - mil.dtic.selenium.RunTest.writeToExcelFile 317 - obj.toString() -> TC1
2021-01-24 09:59:41,908  INFO [main] - mil.dtic.selenium.RunTest.writeToExcelFile 317 - obj.toString() -> 6
2021-01-24 09:59:41,909  INFO [main] - mil.dtic.selenium.RunTest.writeToExcelFile 317 - obj.toString() -> Sleep 
2021-01-24 09:59:41,910  INFO [main] - mil.dtic.selenium.RunTest.writeToExcelFile 317 - obj.toString() -> 
2021-01-24 09:59:41,911  INFO [main] - mil.dtic.selenium.RunTest.writeToExcelFile 317 - obj.toString() -> 10
2021-01-24 09:59:41,912  INFO [main] - mil.dtic.selenium.RunTest.writeToExcelFile 317 - obj.toString() -> sleep
2021-01-24 09:59:41,912  INFO [main] - mil.dtic.selenium.RunTest.writeToExcelFile 317 - obj.toString() -> PASSED
2021-01-24 09:59:41,913  INFO [main] - mil.dtic.selenium.RunTest.writeToExcelFile 317 - obj.toString() -> sleep is done sucessfully
2021-01-24 09:59:41,942  INFO [main] - mil.dtic.selenium.RunTest.writeToExcelFile 297 - Sheet -> RahulShetty Test Case # -> TC1 Row Number is -> 7
2021-01-24 09:59:41,944  INFO [main] - mil.dtic.selenium.RunTest.writeToExcelFile 317 - obj.toString() -> TC1
2021-01-24 09:59:41,944  INFO [main] - mil.dtic.selenium.RunTest.writeToExcelFile 317 - obj.toString() -> 7
2021-01-24 09:59:41,945  INFO [main] - mil.dtic.selenium.RunTest.writeToExcelFile 317 - obj.toString() -> click
2021-01-24 09:59:41,946  INFO [main] - mil.dtic.selenium.RunTest.writeToExcelFile 317 - obj.toString() -> checkBoxOption3
2021-01-24 09:59:41,946  INFO [main] - mil.dtic.selenium.RunTest.writeToExcelFile 317 - obj.toString() -> 
2021-01-24 09:59:41,947  INFO [main] - mil.dtic.selenium.RunTest.writeToExcelFile 317 - obj.toString() -> click
2021-01-24 09:59:41,947  INFO [main] - mil.dtic.selenium.RunTest.writeToExcelFile 317 - obj.toString() -> PASSED
2021-01-24 09:59:41,948  INFO [main] - mil.dtic.selenium.RunTest.writeToExcelFile 317 - obj.toString() -> Click is performed sucessfully
2021-01-24 09:59:41,993  INFO [main] - mil.dtic.selenium.RunTest.writeToExcelFile 297 - Sheet -> RahulShetty Test Case # -> TC1 Row Number is -> 8
2021-01-24 09:59:41,999  INFO [main] - mil.dtic.selenium.RunTest.writeToExcelFile 317 - obj.toString() -> TC1
2021-01-24 09:59:42,001  INFO [main] - mil.dtic.selenium.RunTest.writeToExcelFile 317 - obj.toString() -> 8
2021-01-24 09:59:42,001  INFO [main] - mil.dtic.selenium.RunTest.writeToExcelFile 317 - obj.toString() -> Sleep 
2021-01-24 09:59:42,003  INFO [main] - mil.dtic.selenium.RunTest.writeToExcelFile 317 - obj.toString() -> 
2021-01-24 09:59:42,004  INFO [main] - mil.dtic.selenium.RunTest.writeToExcelFile 317 - obj.toString() -> 10
2021-01-24 09:59:42,005  INFO [main] - mil.dtic.selenium.RunTest.writeToExcelFile 317 - obj.toString() -> sleep
2021-01-24 09:59:42,006  INFO [main] - mil.dtic.selenium.RunTest.writeToExcelFile 317 - obj.toString() -> PASSED
2021-01-24 09:59:42,007  INFO [main] - mil.dtic.selenium.RunTest.writeToExcelFile 317 - obj.toString() -> sleep is done sucessfully
2021-01-24 09:59:42,072  INFO [main] - mil.dtic.selenium.RunTest.writeToExcelFile 297 - Sheet -> RahulShetty Test Case # -> TC1 Row Number is -> 9
2021-01-24 09:59:42,075  INFO [main] - mil.dtic.selenium.RunTest.writeToExcelFile 317 - obj.toString() -> TC1
2021-01-24 09:59:42,076  INFO [main] - mil.dtic.selenium.RunTest.writeToExcelFile 317 - obj.toString() -> 9
2021-01-24 09:59:42,076  INFO [main] - mil.dtic.selenium.RunTest.writeToExcelFile 317 - obj.toString() -> click
2021-01-24 09:59:42,077  INFO [main] - mil.dtic.selenium.RunTest.writeToExcelFile 317 - obj.toString() -> openwindow
2021-01-24 09:59:42,077  INFO [main] - mil.dtic.selenium.RunTest.writeToExcelFile 317 - obj.toString() -> 
2021-01-24 09:59:42,078  INFO [main] - mil.dtic.selenium.RunTest.writeToExcelFile 317 - obj.toString() -> click
2021-01-24 09:59:42,078  INFO [main] - mil.dtic.selenium.RunTest.writeToExcelFile 317 - obj.toString() -> PASSED
2021-01-24 09:59:42,078  INFO [main] - mil.dtic.selenium.RunTest.writeToExcelFile 317 - obj.toString() -> Click is performed sucessfully
2021-01-24 09:59:42,110  INFO [main] - mil.dtic.selenium.RunTest.writeToExcelFile 297 - Sheet -> RahulShetty Test Case # -> TC1 Row Number is -> 10
2021-01-24 09:59:42,117  INFO [main] - mil.dtic.selenium.RunTest.writeToExcelFile 317 - obj.toString() -> TC1
2021-01-24 09:59:42,118  INFO [main] - mil.dtic.selenium.RunTest.writeToExcelFile 317 - obj.toString() -> 10
2021-01-24 09:59:42,118  INFO [main] - mil.dtic.selenium.RunTest.writeToExcelFile 317 - obj.toString() -> Sleep 
2021-01-24 09:59:42,119  INFO [main] - mil.dtic.selenium.RunTest.writeToExcelFile 317 - obj.toString() -> 
2021-01-24 09:59:42,120  INFO [main] - mil.dtic.selenium.RunTest.writeToExcelFile 317 - obj.toString() -> 10
2021-01-24 09:59:42,124  INFO [main] - mil.dtic.selenium.RunTest.writeToExcelFile 317 - obj.toString() -> sleep
2021-01-24 09:59:42,125  INFO [main] - mil.dtic.selenium.RunTest.writeToExcelFile 317 - obj.toString() -> PASSED
2021-01-24 09:59:42,125  INFO [main] - mil.dtic.selenium.RunTest.writeToExcelFile 317 - obj.toString() -> sleep is done sucessfully
2021-01-24 09:59:42,167  INFO [main] - mil.dtic.selenium.RunTest.writeToExcelFile 297 - Sheet -> RahulShetty Test Case # -> TC1 Row Number is -> 11
2021-01-24 09:59:42,170  INFO [main] - mil.dtic.selenium.RunTest.writeToExcelFile 317 - obj.toString() -> TC1
2021-01-24 09:59:42,170  INFO [main] - mil.dtic.selenium.RunTest.writeToExcelFile 317 - obj.toString() -> 11
2021-01-24 09:59:42,171  INFO [main] - mil.dtic.selenium.RunTest.writeToExcelFile 317 - obj.toString() -> Enter empty Password
2021-01-24 09:59:42,173  INFO [main] - mil.dtic.selenium.RunTest.writeToExcelFile 317 - obj.toString() -> name
2021-01-24 09:59:42,175  INFO [main] - mil.dtic.selenium.RunTest.writeToExcelFile 317 - obj.toString() -> Tariq
2021-01-24 09:59:42,179  INFO [main] - mil.dtic.selenium.RunTest.writeToExcelFile 317 - obj.toString() -> input
2021-01-24 09:59:42,181  INFO [main] - mil.dtic.selenium.RunTest.writeToExcelFile 317 - obj.toString() -> PASSED
2021-01-24 09:59:42,183  INFO [main] - mil.dtic.selenium.RunTest.writeToExcelFile 317 - obj.toString() -> Input is performed sucessfully
2021-01-24 09:59:42,213  INFO [main] - mil.dtic.selenium.RunTest.writeToExcelFile 297 - Sheet -> RahulShetty Test Case # -> TC1 Row Number is -> 12
2021-01-24 09:59:42,215  INFO [main] - mil.dtic.selenium.RunTest.writeToExcelFile 317 - obj.toString() -> TC1
2021-01-24 09:59:42,216  INFO [main] - mil.dtic.selenium.RunTest.writeToExcelFile 317 - obj.toString() -> 12
2021-01-24 09:59:42,216  INFO [main] - mil.dtic.selenium.RunTest.writeToExcelFile 317 - obj.toString() -> Sleep 
2021-01-24 09:59:42,217  INFO [main] - mil.dtic.selenium.RunTest.writeToExcelFile 317 - obj.toString() -> 
2021-01-24 09:59:42,217  INFO [main] - mil.dtic.selenium.RunTest.writeToExcelFile 317 - obj.toString() -> 10
2021-01-24 09:59:42,217  INFO [main] - mil.dtic.selenium.RunTest.writeToExcelFile 317 - obj.toString() -> sleep
2021-01-24 09:59:42,218  INFO [main] - mil.dtic.selenium.RunTest.writeToExcelFile 317 - obj.toString() -> PASSED
2021-01-24 09:59:42,218  INFO [main] - mil.dtic.selenium.RunTest.writeToExcelFile 317 - obj.toString() -> sleep is done sucessfully
2021-01-24 09:59:42,270  INFO [main] - mil.dtic.selenium.RunTest.writeToExcelFile 297 - Sheet -> RahulShetty Test Case # -> TC1 Row Number is -> 13
2021-01-24 09:59:42,272  INFO [main] - mil.dtic.selenium.RunTest.writeToExcelFile 317 - obj.toString() -> TC1
2021-01-24 09:59:42,272  INFO [main] - mil.dtic.selenium.RunTest.writeToExcelFile 317 - obj.toString() -> 13
2021-01-24 09:59:42,275  INFO [main] - mil.dtic.selenium.RunTest.writeToExcelFile 317 - obj.toString() -> click
2021-01-24 09:59:42,276  INFO [main] - mil.dtic.selenium.RunTest.writeToExcelFile 317 - obj.toString() -> confirmbtn
2021-01-24 09:59:42,277  INFO [main] - mil.dtic.selenium.RunTest.writeToExcelFile 317 - obj.toString() -> 
2021-01-24 09:59:42,278  INFO [main] - mil.dtic.selenium.RunTest.writeToExcelFile 317 - obj.toString() -> click
2021-01-24 09:59:42,278  INFO [main] - mil.dtic.selenium.RunTest.writeToExcelFile 317 - obj.toString() -> PASSED
2021-01-24 09:59:42,279  INFO [main] - mil.dtic.selenium.RunTest.writeToExcelFile 317 - obj.toString() -> Click is performed sucessfully
2021-01-24 09:59:42,347  INFO [main] - mil.dtic.selenium.RunTest.writeToExcelFile 297 - Sheet -> RahulShetty Test Case # -> TC1 Row Number is -> 14
2021-01-24 09:59:42,356  INFO [main] - mil.dtic.selenium.RunTest.writeToExcelFile 317 - obj.toString() -> TC1
2021-01-24 09:59:42,357  INFO [main] - mil.dtic.selenium.RunTest.writeToExcelFile 317 - obj.toString() -> 14
2021-01-24 09:59:42,358  INFO [main] - mil.dtic.selenium.RunTest.writeToExcelFile 317 - obj.toString() -> Sleep 
2021-01-24 09:59:42,359  INFO [main] - mil.dtic.selenium.RunTest.writeToExcelFile 317 - obj.toString() -> 
2021-01-24 09:59:42,361  INFO [main] - mil.dtic.selenium.RunTest.writeToExcelFile 317 - obj.toString() -> 10
2021-01-24 09:59:42,361  INFO [main] - mil.dtic.selenium.RunTest.writeToExcelFile 317 - obj.toString() -> sleep
2021-01-24 09:59:42,362  INFO [main] - mil.dtic.selenium.RunTest.writeToExcelFile 317 - obj.toString() -> PASSED
2021-01-24 09:59:42,362  INFO [main] - mil.dtic.selenium.RunTest.writeToExcelFile 317 - obj.toString() -> sleep is done sucessfully
2021-01-24 09:59:42,401  INFO [main] - mil.dtic.selenium.RunTest.writeToExcelFile 297 - Sheet -> RahulShetty Test Case # -> TC1 Row Number is -> 15
2021-01-24 09:59:42,409  INFO [main] - mil.dtic.selenium.RunTest.writeToExcelFile 317 - obj.toString() -> TC1
2021-01-24 09:59:42,410  INFO [main] - mil.dtic.selenium.RunTest.writeToExcelFile 317 - obj.toString() -> 15
2021-01-24 09:59:42,410  INFO [main] - mil.dtic.selenium.RunTest.writeToExcelFile 317 - obj.toString() -> hover
2021-01-24 09:59:42,412  INFO [main] - mil.dtic.selenium.RunTest.writeToExcelFile 317 - obj.toString() -> mousehover
2021-01-24 09:59:42,413  INFO [main] - mil.dtic.selenium.RunTest.writeToExcelFile 317 - obj.toString() -> 
2021-01-24 09:59:42,420  INFO [main] - mil.dtic.selenium.RunTest.writeToExcelFile 317 - obj.toString() -> hover
2021-01-24 09:59:42,429  INFO [main] - mil.dtic.selenium.RunTest.writeToExcelFile 317 - obj.toString() -> FAILED
2021-01-24 09:59:42,430  INFO [main] - mil.dtic.selenium.RunTest.writeToExcelFile 317 - obj.toString() -> Done
2021-01-24 09:59:42,491  INFO [main] - mil.dtic.selenium.RunTest.writeToExcelFile 297 - Sheet -> RahulShetty Test Case # -> TC1 Row Number is -> 16
2021-01-24 09:59:42,497  INFO [main] - mil.dtic.selenium.RunTest.writeToExcelFile 317 - obj.toString() -> TC1
2021-01-24 09:59:42,500  INFO [main] - mil.dtic.selenium.RunTest.writeToExcelFile 317 - obj.toString() -> 16
2021-01-24 09:59:42,500  INFO [main] - mil.dtic.selenium.RunTest.writeToExcelFile 317 - obj.toString() -> Sleep 
2021-01-24 09:59:42,506  INFO [main] - mil.dtic.selenium.RunTest.writeToExcelFile 317 - obj.toString() -> 
2021-01-24 09:59:42,507  INFO [main] - mil.dtic.selenium.RunTest.writeToExcelFile 317 - obj.toString() -> 100
2021-01-24 09:59:42,508  INFO [main] - mil.dtic.selenium.RunTest.writeToExcelFile 317 - obj.toString() -> sleep
2021-01-24 09:59:42,508  INFO [main] - mil.dtic.selenium.RunTest.writeToExcelFile 317 - obj.toString() -> PASSED
2021-01-24 09:59:42,514  INFO [main] - mil.dtic.selenium.RunTest.writeToExcelFile 317 - obj.toString() -> sleep is done sucessfully
2021-01-24 09:59:42,560  INFO [main] - mil.dtic.selenium.RunTest.writeToExcelFile 297 - Sheet -> RahulShetty Test Case # -> TC1 Row Number is -> 17
2021-01-24 09:59:42,563  INFO [main] - mil.dtic.selenium.RunTest.writeToExcelFile 317 - obj.toString() -> TC1
2021-01-24 09:59:42,564  INFO [main] - mil.dtic.selenium.RunTest.writeToExcelFile 317 - obj.toString() -> 17
2021-01-24 09:59:42,565  INFO [main] - mil.dtic.selenium.RunTest.writeToExcelFile 317 - obj.toString() -> Close Browser
2021-01-24 09:59:42,565  INFO [main] - mil.dtic.selenium.RunTest.writeToExcelFile 317 - obj.toString() -> 
2021-01-24 09:59:42,566  INFO [main] - mil.dtic.selenium.RunTest.writeToExcelFile 317 - obj.toString() -> 
2021-01-24 09:59:42,567  INFO [main] - mil.dtic.selenium.RunTest.writeToExcelFile 317 - obj.toString() -> CloseBrowser
2021-01-24 09:59:42,567  INFO [main] - mil.dtic.selenium.RunTest.writeToExcelFile 317 - obj.toString() -> PASSED
2021-01-24 09:59:42,567  INFO [main] - mil.dtic.selenium.RunTest.writeToExcelFile 317 - obj.toString() -> Browser is closed sucessfully
2021-01-24 09:59:42,616  INFO [main] - mil.dtic.selenium.RunTest.writeToExcelFile 297 - Sheet -> Test Cases Test Case # -> TC1 Row Number is -> 1
2021-01-24 09:59:42,617  INFO [main] - mil.dtic.selenium.RunTest.writeToExcelFile 317 - obj.toString() -> RahulShetty
2021-01-24 09:59:42,618  INFO [main] - mil.dtic.selenium.RunTest.writeToExcelFile 317 - obj.toString() -> 1
2021-01-24 09:59:42,618  INFO [main] - mil.dtic.selenium.RunTest.writeToExcelFile 317 - obj.toString() -> TC1
2021-01-24 09:59:42,618  INFO [main] - mil.dtic.selenium.RunTest.writeToExcelFile 317 - obj.toString() -> RahulShetty
2021-01-24 09:59:42,619  INFO [main] - mil.dtic.selenium.RunTest.writeToExcelFile 317 - obj.toString() -> Y
2021-01-24 09:59:42,620  INFO [main] - mil.dtic.selenium.RunTest.writeToExcelFile 317 - obj.toString() -> FAILED
2021-01-24 09:59:42,626  INFO [main] - mil.dtic.selenium.RunTest.writeToExcelFile 297 - Sheet -> Test Suite Test Case # -> LoginTestcases Row Number is -> 1
2021-01-24 09:59:42,627  INFO [main] - mil.dtic.selenium.RunTest.writeToExcelFile 317 - obj.toString() -> 1
2021-01-24 09:59:42,627  INFO [main] - mil.dtic.selenium.RunTest.writeToExcelFile 317 - obj.toString() -> LoginTestcases
2021-01-24 09:59:42,628  INFO [main] - mil.dtic.selenium.RunTest.writeToExcelFile 317 - obj.toString() -> N
2021-01-24 09:59:42,628  INFO [main] - mil.dtic.selenium.RunTest.writeToExcelFile 317 - obj.toString() -> SKIPPED
2021-01-24 09:59:42,632  INFO [main] - mil.dtic.selenium.RunTest.writeToExcelFile 297 - Sheet -> Test Suite Test Case # -> UserRegistrationTestCases Row Number is -> 2
2021-01-24 09:59:42,633  INFO [main] - mil.dtic.selenium.RunTest.writeToExcelFile 317 - obj.toString() -> 2
2021-01-24 09:59:42,634  INFO [main] - mil.dtic.selenium.RunTest.writeToExcelFile 317 - obj.toString() -> UserRegistrationTestCases
2021-01-24 09:59:42,634  INFO [main] - mil.dtic.selenium.RunTest.writeToExcelFile 317 - obj.toString() -> N
2021-01-24 09:59:42,635  INFO [main] - mil.dtic.selenium.RunTest.writeToExcelFile 317 - obj.toString() -> SKIPPED
2021-01-24 09:59:42,639  INFO [main] - mil.dtic.selenium.RunTest.writeToExcelFile 297 - Sheet -> Test Suite Test Case # -> AnotherTestCase Row Number is -> 3
2021-01-24 09:59:42,640  INFO [main] - mil.dtic.selenium.RunTest.writeToExcelFile 317 - obj.toString() -> 3
2021-01-24 09:59:42,641  INFO [main] - mil.dtic.selenium.RunTest.writeToExcelFile 317 - obj.toString() -> AnotherTestCase
2021-01-24 09:59:42,641  INFO [main] - mil.dtic.selenium.RunTest.writeToExcelFile 317 - obj.toString() -> N
2021-01-24 09:59:42,642  INFO [main] - mil.dtic.selenium.RunTest.writeToExcelFile 317 - obj.toString() -> SKIPPED
2021-01-24 09:59:42,667  INFO [main] - mil.dtic.selenium.RunTest.writeToExcelFile 297 - Sheet -> Test Suite Test Case # -> TricentisAuto Row Number is -> 4
2021-01-24 09:59:42,672  INFO [main] - mil.dtic.selenium.RunTest.writeToExcelFile 317 - obj.toString() -> 4
2021-01-24 09:59:42,673  INFO [main] - mil.dtic.selenium.RunTest.writeToExcelFile 317 - obj.toString() -> TricentisAuto
2021-01-24 09:59:42,676  INFO [main] - mil.dtic.selenium.RunTest.writeToExcelFile 317 - obj.toString() -> N
2021-01-24 09:59:42,676  INFO [main] - mil.dtic.selenium.RunTest.writeToExcelFile 317 - obj.toString() -> SKIPPED
2021-01-24 09:59:42,680  INFO [main] - mil.dtic.selenium.RunTest.writeToExcelFile 297 - Sheet -> Test Suite Test Case # -> TricentisAutoTest Row Number is -> 5
2021-01-24 09:59:42,682  INFO [main] - mil.dtic.selenium.RunTest.writeToExcelFile 317 - obj.toString() -> 5
2021-01-24 09:59:42,683  INFO [main] - mil.dtic.selenium.RunTest.writeToExcelFile 317 - obj.toString() -> TricentisAutoTest
2021-01-24 09:59:42,683  INFO [main] - mil.dtic.selenium.RunTest.writeToExcelFile 317 - obj.toString() -> N
2021-01-24 09:59:42,683  INFO [main] - mil.dtic.selenium.RunTest.writeToExcelFile 317 - obj.toString() -> SKIPPED
2021-01-24 09:59:42,692  INFO [main] - mil.dtic.selenium.RunTest.writeToExcelFile 297 - Sheet -> Test Suite Test Case # -> Tricentis Row Number is -> 6
2021-01-24 09:59:42,693  INFO [main] - mil.dtic.selenium.RunTest.writeToExcelFile 317 - obj.toString() -> 6
2021-01-24 09:59:42,693  INFO [main] - mil.dtic.selenium.RunTest.writeToExcelFile 317 - obj.toString() -> Tricentis
2021-01-24 09:59:42,694  INFO [main] - mil.dtic.selenium.RunTest.writeToExcelFile 317 - obj.toString() -> N
2021-01-24 09:59:42,694  INFO [main] - mil.dtic.selenium.RunTest.writeToExcelFile 317 - obj.toString() -> SKIPPED
2021-01-24 09:59:42,702  INFO [main] - mil.dtic.selenium.RunTest.writeToExcelFile 297 - Sheet -> Test Suite Test Case # -> RahulShetty Row Number is -> 7
2021-01-24 09:59:42,705  INFO [main] - mil.dtic.selenium.RunTest.writeToExcelFile 317 - obj.toString() -> 7
2021-01-24 09:59:42,707  INFO [main] - mil.dtic.selenium.RunTest.writeToExcelFile 317 - obj.toString() -> RahulShetty
2021-01-24 09:59:42,708  INFO [main] - mil.dtic.selenium.RunTest.writeToExcelFile 317 - obj.toString() -> Y
2021-01-24 09:59:42,708  INFO [main] - mil.dtic.selenium.RunTest.writeToExcelFile 317 - obj.toString() -> FAILED
2021-01-24 09:59:42,961  INFO [main] - mil.dtic.selenium.RunTest.readExcel 275 - Closing workbook ...
2021-01-24 10:05:24,121  INFO [main] - mil.dtic.selenium.RunTest.readExcel 80 - The value of i is -> 1
2021-01-24 10:05:24,125  INFO [main] - mil.dtic.selenium.RunTest.readExcel 81 - testSuitesheet -> Sheet1
2021-01-24 10:05:24,127  INFO [main] - mil.dtic.selenium.RunTest.readExcel 80 - The value of i is -> 2
2021-01-24 10:05:24,128  INFO [main] - mil.dtic.selenium.RunTest.readExcel 81 - testSuitesheet -> Sheet1
2021-01-24 10:05:24,128  INFO [main] - mil.dtic.selenium.RunTest.readExcel 80 - The value of i is -> 3
2021-01-24 10:05:24,129  INFO [main] - mil.dtic.selenium.RunTest.readExcel 81 - testSuitesheet -> Sheet1
2021-01-24 10:05:24,129  INFO [main] - mil.dtic.selenium.RunTest.readExcel 80 - The value of i is -> 4
2021-01-24 10:05:24,130  INFO [main] - mil.dtic.selenium.RunTest.readExcel 81 - testSuitesheet -> Sheet1
2021-01-24 10:05:24,131  INFO [main] - mil.dtic.selenium.RunTest.readExcel 80 - The value of i is -> 5
2021-01-24 10:05:24,132  INFO [main] - mil.dtic.selenium.RunTest.readExcel 81 - testSuitesheet -> Sheet1
2021-01-24 10:05:24,132  INFO [main] - mil.dtic.selenium.RunTest.readExcel 80 - The value of i is -> 6
2021-01-24 10:05:24,132  INFO [main] - mil.dtic.selenium.RunTest.readExcel 81 - testSuitesheet -> Sheet1
2021-01-24 10:05:24,219  INFO [main] - mil.dtic.selenium.RunTest.readExcel 93 - sheetTestSteps is -> Tricentis
2021-01-24 10:05:24,219  INFO [main] - mil.dtic.selenium.RunTest.readExcel 105 - TestCases: testCaseSerialNumber: 1
2021-01-24 10:05:24,220  INFO [main] - mil.dtic.selenium.RunTest.readExcel 106 - TestCases: testCaseNumber: TC10
2021-01-24 10:05:24,225  INFO [main] - mil.dtic.selenium.RunTest.readExcel 107 - TestCases: testCaseDescription: Tricentis 
2021-01-24 10:05:24,225  INFO [main] - mil.dtic.selenium.RunTest.readExcel 108 - TestCases: testCaseExecutionFlag: Y
2021-01-24 10:05:24,277  INFO [main] - mil.dtic.selenium.Driver.InitateDriver 24 - Now opening Browser
2021-01-24 10:05:24,278  INFO [main] - mil.dtic.selenium.Driver.InitateDriver 27 - Configuration File Reader : Browser -> chrome
2021-01-24 10:05:24,278  INFO [main] - mil.dtic.selenium.Driver.InitateDriver 28 - Configuration File Reader : Driver Path -> ./webdriver/Chrome-Version-87/chromedriver_win32/chromedriver.exe
2021-01-24 10:05:24,278  INFO [main] - mil.dtic.selenium.Driver.InitateDriver 29 - Configuration File Reader : Driver Path -> ./webdriver/Chrome-Version-87/chromedriver_win32/chromedriver.exe
2021-01-24 10:05:24,281  INFO [main] - mil.dtic.selenium.Driver.InitateDriver 43 - In Chrome ...
2021-01-24 10:05:24,288  INFO [main] - mil.dtic.selenium.Driver.InitateDriver 52 - Setting Chrome driver ...
2021-01-24 10:05:28,675  INFO [main] - mil.dtic.selenium.Driver.InitateDriver 60 - Chrome browser started
2021-01-24 10:05:28,687  INFO [main] - mil.dtic.selenium.Driver.InitateDriver 66 - Wait time is -> 10
2021-01-24 10:05:30,760  INFO [main] - mil.dtic.selenium.RunTest.readExcel 152 - testStepsSerialNumber:1
2021-01-24 10:05:30,761  INFO [main] - mil.dtic.selenium.RunTest.readExcel 153 - testStepsDescription:Open url
2021-01-24 10:05:30,761  INFO [main] - mil.dtic.selenium.RunTest.readExcel 154 - webElement:
2021-01-24 10:05:30,761  INFO [main] - mil.dtic.selenium.RunTest.readExcel 155 - webElementValue:
2021-01-24 10:05:30,761  INFO [main] - mil.dtic.selenium.RunTest.readExcel 156 - inputValue:http://sampleapp.tricentis.com/101/app.php
2021-01-24 10:05:30,761  INFO [main] - mil.dtic.selenium.RunTest.readExcel 157 - testStepsKeyword:url
2021-01-24 10:05:30,762  INFO [main] - mil.dtic.selenium.RunTest.readExcel 158 - testStepsComparisonType:
2021-01-24 10:05:30,762  INFO [main] - mil.dtic.selenium.RunTest.readExcel 159 - testStepsValueOne:
2021-01-24 10:05:30,762  INFO [main] - mil.dtic.selenium.RunTest.readExcel 160 - testStepsValueTwo:
2021-01-24 10:05:30,762  INFO [main] - mil.dtic.selenium.RunTest.readExcel 161 - testStepsFailMessage:
2021-01-24 10:05:30,762  INFO [main] - mil.dtic.selenium.RunTest.readExcel 162 - testCaseExecutionFlag:Y
2021-01-24 10:05:30,763  INFO [main] - mil.dtic.selenium.RunTest.readExcel 164 - Setting testCaseExecutionFlag:Y to testCaseNumber : TC10
2021-01-24 10:05:30,763  INFO [main] - mil.dtic.selenium.RunTest.readExcel 167 - Executing performActions Method with the five arguments -url http://sampleapp.tricentis.com/101/app.php   
2021-01-24 10:05:30,763  INFO [main] - mil.dtic.selenium.KeywordFunctions.runTest 40 - keyword: url inputValue: http://sampleapp.tricentis.com/101/app.php webElementValue:  
2021-01-24 10:05:35,689  INFO [main] - mil.dtic.selenium.KeywordFunctions.runTest 333 - Url is opened sucessfully
2021-01-24 10:05:35,689  INFO [main] - mil.dtic.selenium.RunTest.readExcel 198 - TC10Y
2021-01-24 10:05:35,690  INFO [main] - mil.dtic.selenium.RunTest.readExcel 152 - testStepsSerialNumber:2
2021-01-24 10:05:35,690  INFO [main] - mil.dtic.selenium.RunTest.readExcel 153 - testStepsDescription:Dropdown select
2021-01-24 10:05:35,691  INFO [main] - mil.dtic.selenium.RunTest.readExcel 154 - webElement:xpath
2021-01-24 10:05:35,691  INFO [main] - mil.dtic.selenium.RunTest.readExcel 155 - webElementValue://*[@id="make"]
2021-01-24 10:05:35,691  INFO [main] - mil.dtic.selenium.RunTest.readExcel 156 - inputValue:Audi
2021-01-24 10:05:35,691  INFO [main] - mil.dtic.selenium.RunTest.readExcel 157 - testStepsKeyword:dropdown
2021-01-24 10:05:35,692  INFO [main] - mil.dtic.selenium.RunTest.readExcel 158 - testStepsComparisonType:
2021-01-24 10:05:35,692  INFO [main] - mil.dtic.selenium.RunTest.readExcel 159 - testStepsValueOne:
2021-01-24 10:05:35,692  INFO [main] - mil.dtic.selenium.RunTest.readExcel 160 - testStepsValueTwo:
2021-01-24 10:05:35,693  INFO [main] - mil.dtic.selenium.RunTest.readExcel 161 - testStepsFailMessage:
2021-01-24 10:05:35,693  INFO [main] - mil.dtic.selenium.RunTest.readExcel 162 - testCaseExecutionFlag:Y
2021-01-24 10:05:35,694  INFO [main] - mil.dtic.selenium.RunTest.readExcel 164 - Setting testCaseExecutionFlag:Y to testCaseNumber : TC10
2021-01-24 10:05:35,694  INFO [main] - mil.dtic.selenium.RunTest.readExcel 167 - Executing performActions Method with the five arguments -dropdown Audi //*[@id="make"]  
2021-01-24 10:05:35,694  INFO [main] - mil.dtic.selenium.KeywordFunctions.runTest 40 - keyword: dropdown inputValue: Audi webElementValue:  //*[@id="make"]
2021-01-24 10:05:35,698  INFO [main] - mil.dtic.selenium.KeywordFunctions.runDriver 411 - Web Element is an - > xpath
2021-01-24 10:05:35,864  INFO [main] - mil.dtic.selenium.KeywordFunctions.runTest 146 - xpath //*[@id="make"]
2021-01-24 10:05:35,864  INFO [main] - mil.dtic.selenium.KeywordFunctions.runTest 147 - Audi
2021-01-24 10:05:35,965  INFO [main] - mil.dtic.selenium.RunTest.readExcel 198 - TC10Y
2021-01-24 10:05:35,966  INFO [main] - mil.dtic.selenium.RunTest.readExcel 152 - testStepsSerialNumber:3
2021-01-24 10:05:35,966  INFO [main] - mil.dtic.selenium.RunTest.readExcel 153 - testStepsDescription:Dropdown select
2021-01-24 10:05:35,966  INFO [main] - mil.dtic.selenium.RunTest.readExcel 154 - webElement:xpath
2021-01-24 10:05:35,966  INFO [main] - mil.dtic.selenium.RunTest.readExcel 155 - webElementValue://*[@id="model"]
2021-01-24 10:05:35,967  INFO [main] - mil.dtic.selenium.RunTest.readExcel 156 - inputValue:Motorcycle
2021-01-24 10:05:35,967  INFO [main] - mil.dtic.selenium.RunTest.readExcel 157 - testStepsKeyword:dropdown
2021-01-24 10:05:35,967  INFO [main] - mil.dtic.selenium.RunTest.readExcel 158 - testStepsComparisonType:
2021-01-24 10:05:35,968  INFO [main] - mil.dtic.selenium.RunTest.readExcel 159 - testStepsValueOne:
2021-01-24 10:05:35,968  INFO [main] - mil.dtic.selenium.RunTest.readExcel 160 - testStepsValueTwo:
2021-01-24 10:05:35,968  INFO [main] - mil.dtic.selenium.RunTest.readExcel 161 - testStepsFailMessage:
2021-01-24 10:05:35,969  INFO [main] - mil.dtic.selenium.RunTest.readExcel 162 - testCaseExecutionFlag:Y
2021-01-24 10:05:35,969  INFO [main] - mil.dtic.selenium.RunTest.readExcel 164 - Setting testCaseExecutionFlag:Y to testCaseNumber : TC10
2021-01-24 10:05:35,969  INFO [main] - mil.dtic.selenium.RunTest.readExcel 167 - Executing performActions Method with the five arguments -dropdown Motorcycle //*[@id="model"]  
2021-01-24 10:05:35,970  INFO [main] - mil.dtic.selenium.KeywordFunctions.runTest 40 - keyword: dropdown inputValue: Motorcycle webElementValue:  //*[@id="model"]
2021-01-24 10:05:35,970  INFO [main] - mil.dtic.selenium.KeywordFunctions.runDriver 411 - Web Element is an - > xpath
2021-01-24 10:05:36,029  INFO [main] - mil.dtic.selenium.KeywordFunctions.runTest 146 - xpath //*[@id="model"]
2021-01-24 10:05:36,029  INFO [main] - mil.dtic.selenium.KeywordFunctions.runTest 147 - Motorcycle
2021-01-24 10:05:36,111  INFO [main] - mil.dtic.selenium.RunTest.readExcel 198 - TC10Y
2021-01-24 10:05:36,112  INFO [main] - mil.dtic.selenium.RunTest.readExcel 152 - testStepsSerialNumber:4
2021-01-24 10:05:36,112  INFO [main] - mil.dtic.selenium.RunTest.readExcel 153 - testStepsDescription:Enter Cylinder Capacity
2021-01-24 10:05:36,112  INFO [main] - mil.dtic.selenium.RunTest.readExcel 154 - webElement:xpath
2021-01-24 10:05:36,112  INFO [main] - mil.dtic.selenium.RunTest.readExcel 155 - webElementValue://*[@id="cylindercapacity"]
2021-01-24 10:05:36,113  INFO [main] - mil.dtic.selenium.RunTest.readExcel 156 - inputValue:2000
2021-01-24 10:05:36,113  INFO [main] - mil.dtic.selenium.RunTest.readExcel 157 - testStepsKeyword:input
2021-01-24 10:05:36,113  INFO [main] - mil.dtic.selenium.RunTest.readExcel 158 - testStepsComparisonType:
2021-01-24 10:05:36,113  INFO [main] - mil.dtic.selenium.RunTest.readExcel 159 - testStepsValueOne:
2021-01-24 10:05:36,113  INFO [main] - mil.dtic.selenium.RunTest.readExcel 160 - testStepsValueTwo:
2021-01-24 10:05:36,114  INFO [main] - mil.dtic.selenium.RunTest.readExcel 161 - testStepsFailMessage:
2021-01-24 10:05:36,114  INFO [main] - mil.dtic.selenium.RunTest.readExcel 162 - testCaseExecutionFlag:Y
2021-01-24 10:05:36,115  INFO [main] - mil.dtic.selenium.RunTest.readExcel 164 - Setting testCaseExecutionFlag:Y to testCaseNumber : TC10
2021-01-24 10:05:36,115  INFO [main] - mil.dtic.selenium.RunTest.readExcel 167 - Executing performActions Method with the five arguments -input 2000 //*[@id="cylindercapacity"]  
2021-01-24 10:05:36,116  INFO [main] - mil.dtic.selenium.KeywordFunctions.runTest 40 - keyword: input inputValue: 2000 webElementValue:  //*[@id="cylindercapacity"]
2021-01-24 10:05:36,116  INFO [main] - mil.dtic.selenium.KeywordFunctions.runTest 93 - In keyword: input inputValue: 2000 webElementValue:  //*[@id="cylindercapacity"]  
2021-01-24 10:05:36,116  INFO [main] - mil.dtic.selenium.KeywordFunctions.runDriver 411 - Web Element is an - > xpath
2021-01-24 10:05:36,213  INFO [main] - mil.dtic.selenium.KeywordFunctions.runDriver 411 - Web Element is an - > xpath
2021-01-24 10:05:36,360  INFO [main] - mil.dtic.selenium.KeywordFunctions.runTest 96 - valueOne :  valueTwo :  failMessage : 
2021-01-24 10:05:36,367  INFO [main] - mil.dtic.selenium.KeywordFunctions.runTest 116 - Input is performed sucessfully
2021-01-24 10:05:36,367  INFO [main] - mil.dtic.selenium.RunTest.readExcel 198 - TC10Y
2021-01-24 10:05:36,368  INFO [main] - mil.dtic.selenium.RunTest.readExcel 152 - testStepsSerialNumber:5
2021-01-24 10:05:36,368  INFO [main] - mil.dtic.selenium.RunTest.readExcel 153 - testStepsDescription:Enter Engine Performance
2021-01-24 10:05:36,368  INFO [main] - mil.dtic.selenium.RunTest.readExcel 154 - webElement:xpath
2021-01-24 10:05:36,369  INFO [main] - mil.dtic.selenium.RunTest.readExcel 155 - webElementValue://*[@id="engineperformance"]
2021-01-24 10:05:36,369  INFO [main] - mil.dtic.selenium.RunTest.readExcel 156 - inputValue:1000
2021-01-24 10:05:36,369  INFO [main] - mil.dtic.selenium.RunTest.readExcel 157 - testStepsKeyword:input
2021-01-24 10:05:36,370  INFO [main] - mil.dtic.selenium.RunTest.readExcel 158 - testStepsComparisonType:
2021-01-24 10:05:36,370  INFO [main] - mil.dtic.selenium.RunTest.readExcel 159 - testStepsValueOne:
2021-01-24 10:05:36,370  INFO [main] - mil.dtic.selenium.RunTest.readExcel 160 - testStepsValueTwo:
2021-01-24 10:05:36,370  INFO [main] - mil.dtic.selenium.RunTest.readExcel 161 - testStepsFailMessage:
2021-01-24 10:05:36,371  INFO [main] - mil.dtic.selenium.RunTest.readExcel 162 - testCaseExecutionFlag:Y
2021-01-24 10:05:36,372  INFO [main] - mil.dtic.selenium.RunTest.readExcel 164 - Setting testCaseExecutionFlag:Y to testCaseNumber : TC10
2021-01-24 10:05:36,372  INFO [main] - mil.dtic.selenium.RunTest.readExcel 167 - Executing performActions Method with the five arguments -input 1000 //*[@id="engineperformance"]  
2021-01-24 10:05:36,372  INFO [main] - mil.dtic.selenium.KeywordFunctions.runTest 40 - keyword: input inputValue: 1000 webElementValue:  //*[@id="engineperformance"]
2021-01-24 10:05:36,372  INFO [main] - mil.dtic.selenium.KeywordFunctions.runTest 93 - In keyword: input inputValue: 1000 webElementValue:  //*[@id="engineperformance"]  
2021-01-24 10:05:36,373  INFO [main] - mil.dtic.selenium.KeywordFunctions.runDriver 411 - Web Element is an - > xpath
2021-01-24 10:05:36,459  INFO [main] - mil.dtic.selenium.KeywordFunctions.runDriver 411 - Web Element is an - > xpath
2021-01-24 10:05:36,617  INFO [main] - mil.dtic.selenium.KeywordFunctions.runTest 96 - valueOne :  valueTwo :  failMessage : 
2021-01-24 10:05:36,617  INFO [main] - mil.dtic.selenium.KeywordFunctions.runTest 116 - Input is performed sucessfully
2021-01-24 10:05:36,618  INFO [main] - mil.dtic.selenium.RunTest.readExcel 198 - TC10Y
2021-01-24 10:05:36,618  INFO [main] - mil.dtic.selenium.RunTest.readExcel 152 - testStepsSerialNumber:6
2021-01-24 10:05:36,618  INFO [main] - mil.dtic.selenium.RunTest.readExcel 153 - testStepsDescription:Enter Date Of Manufacture
2021-01-24 10:05:36,618  INFO [main] - mil.dtic.selenium.RunTest.readExcel 154 - webElement:xpath
2021-01-24 10:05:36,619  INFO [main] - mil.dtic.selenium.RunTest.readExcel 155 - webElementValue://*[@id="dateofmanufacture"]
2021-01-24 10:05:36,619  INFO [main] - mil.dtic.selenium.RunTest.readExcel 156 - inputValue:03/03/2020
2021-01-24 10:05:36,619  INFO [main] - mil.dtic.selenium.RunTest.readExcel 157 - testStepsKeyword:input
2021-01-24 10:05:36,620  INFO [main] - mil.dtic.selenium.RunTest.readExcel 158 - testStepsComparisonType:
2021-01-24 10:05:36,620  INFO [main] - mil.dtic.selenium.RunTest.readExcel 159 - testStepsValueOne:
2021-01-24 10:05:36,620  INFO [main] - mil.dtic.selenium.RunTest.readExcel 160 - testStepsValueTwo:
2021-01-24 10:05:36,620  INFO [main] - mil.dtic.selenium.RunTest.readExcel 161 - testStepsFailMessage:
2021-01-24 10:05:36,621  INFO [main] - mil.dtic.selenium.RunTest.readExcel 162 - testCaseExecutionFlag:Y
2021-01-24 10:05:36,621  INFO [main] - mil.dtic.selenium.RunTest.readExcel 164 - Setting testCaseExecutionFlag:Y to testCaseNumber : TC10
2021-01-24 10:05:36,621  INFO [main] - mil.dtic.selenium.RunTest.readExcel 167 - Executing performActions Method with the five arguments -input 03/03/2020 //*[@id="dateofmanufacture"]  
2021-01-24 10:05:36,621  INFO [main] - mil.dtic.selenium.KeywordFunctions.runTest 40 - keyword: input inputValue: 03/03/2020 webElementValue:  //*[@id="dateofmanufacture"]
2021-01-24 10:05:36,622  INFO [main] - mil.dtic.selenium.KeywordFunctions.runTest 93 - In keyword: input inputValue: 03/03/2020 webElementValue:  //*[@id="dateofmanufacture"]  
2021-01-24 10:05:36,625  INFO [main] - mil.dtic.selenium.KeywordFunctions.runDriver 411 - Web Element is an - > xpath
2021-01-24 10:05:36,706  INFO [main] - mil.dtic.selenium.KeywordFunctions.runDriver 411 - Web Element is an - > xpath
2021-01-24 10:05:36,929  INFO [main] - mil.dtic.selenium.KeywordFunctions.runTest 96 - valueOne :  valueTwo :  failMessage : 
2021-01-24 10:05:36,930  INFO [main] - mil.dtic.selenium.KeywordFunctions.runTest 116 - Input is performed sucessfully
2021-01-24 10:05:36,930  INFO [main] - mil.dtic.selenium.RunTest.readExcel 198 - TC10Y
2021-01-24 10:05:36,930  INFO [main] - mil.dtic.selenium.RunTest.readExcel 152 - testStepsSerialNumber:7
2021-01-24 10:05:36,930  INFO [main] - mil.dtic.selenium.RunTest.readExcel 153 - testStepsDescription:Enter Number Of Seats
2021-01-24 10:05:36,931  INFO [main] - mil.dtic.selenium.RunTest.readExcel 154 - webElement:xpath
2021-01-24 10:05:36,931  INFO [main] - mil.dtic.selenium.RunTest.readExcel 155 - webElementValue://*[@id="numberofseats"]
2021-01-24 10:05:36,931  INFO [main] - mil.dtic.selenium.RunTest.readExcel 156 - inputValue:4
2021-01-24 10:05:36,931  INFO [main] - mil.dtic.selenium.RunTest.readExcel 157 - testStepsKeyword:input
2021-01-24 10:05:36,931  INFO [main] - mil.dtic.selenium.RunTest.readExcel 158 - testStepsComparisonType:
2021-01-24 10:05:36,932  INFO [main] - mil.dtic.selenium.RunTest.readExcel 159 - testStepsValueOne:
2021-01-24 10:05:36,932  INFO [main] - mil.dtic.selenium.RunTest.readExcel 160 - testStepsValueTwo:
2021-01-24 10:05:36,932  INFO [main] - mil.dtic.selenium.RunTest.readExcel 161 - testStepsFailMessage:
2021-01-24 10:05:36,932  INFO [main] - mil.dtic.selenium.RunTest.readExcel 162 - testCaseExecutionFlag:Y
2021-01-24 10:05:36,932  INFO [main] - mil.dtic.selenium.RunTest.readExcel 164 - Setting testCaseExecutionFlag:Y to testCaseNumber : TC10
2021-01-24 10:05:36,933  INFO [main] - mil.dtic.selenium.RunTest.readExcel 167 - Executing performActions Method with the five arguments -input 4 //*[@id="numberofseats"]  
2021-01-24 10:05:36,933  INFO [main] - mil.dtic.selenium.KeywordFunctions.runTest 40 - keyword: input inputValue: 4 webElementValue:  //*[@id="numberofseats"]
2021-01-24 10:05:36,933  INFO [main] - mil.dtic.selenium.KeywordFunctions.runTest 93 - In keyword: input inputValue: 4 webElementValue:  //*[@id="numberofseats"]  
2021-01-24 10:05:36,933  INFO [main] - mil.dtic.selenium.KeywordFunctions.runDriver 411 - Web Element is an - > xpath
2021-01-24 10:05:37,012 ERROR [main] - mil.dtic.selenium.KeywordFunctions.runTest 121 - Not able to enter input : invalid element state
  (Session info: chrome=87.0.4280.141)
Build info: version: '3.141.5', revision: 'd54ebd709a', time: '2018-11-06T11:42:16'
System info: host: 'EVC156-1', ip: '10.0.0.136', os.name: 'Windows 10', os.arch: 'amd64', os.version: '10.0', java.version: '1.8.0_241'
Driver info: org.openqa.selenium.chrome.ChromeDriver
Capabilities {acceptInsecureCerts: false, browserName: chrome, browserVersion: 87.0.4280.141, chrome: {chromedriverVersion: 87.0.4280.88 (89e2380a3e36c..., userDataDir: C:\Users\hashe\AppData\Loca...}, goog:chromeOptions: {debuggerAddress: localhost:52044}, javascriptEnabled: true, networkConnectionEnabled: false, pageLoadStrategy: normal, platform: WINDOWS, platformName: WINDOWS, proxy: Proxy(), setWindowRect: true, strictFileInteractability: false, timeouts: {implicit: 0, pageLoad: 300000, script: 30000}, unhandledPromptBehavior: dismiss and notify, webauthn:virtualAuthenticators: true}
Session ID: 54c06e6f0f205909345d33039bf6b7e9
2021-01-24 10:12:11,557  INFO [main] - mil.dtic.selenium.RunTest.readExcel 80 - The value of i is -> 1
2021-01-24 10:12:11,560  INFO [main] - mil.dtic.selenium.RunTest.readExcel 81 - testSuitesheet -> Sheet1
2021-01-24 10:12:11,562  INFO [main] - mil.dtic.selenium.RunTest.readExcel 80 - The value of i is -> 2
2021-01-24 10:12:11,563  INFO [main] - mil.dtic.selenium.RunTest.readExcel 81 - testSuitesheet -> Sheet1
2021-01-24 10:12:11,564  INFO [main] - mil.dtic.selenium.RunTest.readExcel 80 - The value of i is -> 3
2021-01-24 10:12:11,564  INFO [main] - mil.dtic.selenium.RunTest.readExcel 81 - testSuitesheet -> Sheet1
2021-01-24 10:12:11,565  INFO [main] - mil.dtic.selenium.RunTest.readExcel 80 - The value of i is -> 4
2021-01-24 10:12:11,565  INFO [main] - mil.dtic.selenium.RunTest.readExcel 81 - testSuitesheet -> Sheet1
2021-01-24 10:12:11,634  INFO [main] - mil.dtic.selenium.RunTest.readExcel 93 - sheetTestSteps is -> TricentisAuto
2021-01-24 10:12:11,636  INFO [main] - mil.dtic.selenium.RunTest.readExcel 105 - TestCases: testCaseSerialNumber: 1
2021-01-24 10:12:11,636  INFO [main] - mil.dtic.selenium.RunTest.readExcel 106 - TestCases: testCaseNumber: TC6
2021-01-24 10:12:11,637  INFO [main] - mil.dtic.selenium.RunTest.readExcel 107 - TestCases: testCaseDescription: Tricentis  Auto Test
2021-01-24 10:12:11,638  INFO [main] - mil.dtic.selenium.RunTest.readExcel 108 - TestCases: testCaseExecutionFlag: Y
2021-01-24 10:12:11,699  INFO [main] - mil.dtic.selenium.Driver.InitateDriver 24 - Now opening Browser
2021-01-24 10:12:11,700  INFO [main] - mil.dtic.selenium.Driver.InitateDriver 27 - Configuration File Reader : Browser -> chrome
2021-01-24 10:12:11,706  INFO [main] - mil.dtic.selenium.Driver.InitateDriver 28 - Configuration File Reader : Driver Path -> ./webdriver/Chrome-Version-87/chromedriver_win32/chromedriver.exe
2021-01-24 10:12:11,707  INFO [main] - mil.dtic.selenium.Driver.InitateDriver 29 - Configuration File Reader : Driver Path -> ./webdriver/Chrome-Version-87/chromedriver_win32/chromedriver.exe
2021-01-24 10:12:11,708  INFO [main] - mil.dtic.selenium.Driver.InitateDriver 43 - In Chrome ...
2021-01-24 10:12:11,714  INFO [main] - mil.dtic.selenium.Driver.InitateDriver 52 - Setting Chrome driver ...
2021-01-24 10:12:16,032  INFO [main] - mil.dtic.selenium.Driver.InitateDriver 60 - Chrome browser started
2021-01-24 10:12:16,056  INFO [main] - mil.dtic.selenium.Driver.InitateDriver 66 - Wait time is -> 10
2021-01-24 10:12:18,126  INFO [main] - mil.dtic.selenium.RunTest.readExcel 152 - testStepsSerialNumber:1
2021-01-24 10:12:18,126  INFO [main] - mil.dtic.selenium.RunTest.readExcel 153 - testStepsDescription:Open url
2021-01-24 10:12:18,127  INFO [main] - mil.dtic.selenium.RunTest.readExcel 154 - webElement:
2021-01-24 10:12:18,127  INFO [main] - mil.dtic.selenium.RunTest.readExcel 155 - webElementValue:
2021-01-24 10:12:18,127  INFO [main] - mil.dtic.selenium.RunTest.readExcel 156 - inputValue:http://sampleapp.tricentis.com/101/app.php
2021-01-24 10:12:18,128  INFO [main] - mil.dtic.selenium.RunTest.readExcel 157 - testStepsKeyword:url
2021-01-24 10:12:18,128  INFO [main] - mil.dtic.selenium.RunTest.readExcel 158 - testStepsComparisonType:
2021-01-24 10:12:18,128  INFO [main] - mil.dtic.selenium.RunTest.readExcel 159 - testStepsValueOne:
2021-01-24 10:12:18,128  INFO [main] - mil.dtic.selenium.RunTest.readExcel 160 - testStepsValueTwo:
2021-01-24 10:12:18,129  INFO [main] - mil.dtic.selenium.RunTest.readExcel 161 - testStepsFailMessage:
2021-01-24 10:12:18,129  INFO [main] - mil.dtic.selenium.RunTest.readExcel 162 - testCaseExecutionFlag:Y
2021-01-24 10:12:18,129  INFO [main] - mil.dtic.selenium.RunTest.readExcel 164 - Setting testCaseExecutionFlag:Y to testCaseNumber : TC6
2021-01-24 10:12:18,130  INFO [main] - mil.dtic.selenium.RunTest.readExcel 167 - Executing performActions Method with the five arguments -url http://sampleapp.tricentis.com/101/app.php   
2021-01-24 10:12:18,130  INFO [main] - mil.dtic.selenium.KeywordFunctions.runTest 40 - keyword: url inputValue: http://sampleapp.tricentis.com/101/app.php webElementValue:  
2021-01-24 10:12:19,906  INFO [main] - mil.dtic.selenium.KeywordFunctions.runTest 333 - Url is opened sucessfully
2021-01-24 10:12:19,906  INFO [main] - mil.dtic.selenium.RunTest.readExcel 198 - TC6Y
2021-01-24 10:12:19,907  INFO [main] - mil.dtic.selenium.RunTest.readExcel 152 - testStepsSerialNumber:2
2021-01-24 10:12:19,907  INFO [main] - mil.dtic.selenium.RunTest.readExcel 153 - testStepsDescription:Dropdown select
2021-01-24 10:12:19,908  INFO [main] - mil.dtic.selenium.RunTest.readExcel 154 - webElement:xpath
2021-01-24 10:12:19,908  INFO [main] - mil.dtic.selenium.RunTest.readExcel 155 - webElementValue://*[@id="make"]
2021-01-24 10:12:19,909  INFO [main] - mil.dtic.selenium.RunTest.readExcel 156 - inputValue:BMW
2021-01-24 10:12:19,909  INFO [main] - mil.dtic.selenium.RunTest.readExcel 157 - testStepsKeyword:dropdown
2021-01-24 10:12:19,910  INFO [main] - mil.dtic.selenium.RunTest.readExcel 158 - testStepsComparisonType:
2021-01-24 10:12:19,910  INFO [main] - mil.dtic.selenium.RunTest.readExcel 159 - testStepsValueOne:
2021-01-24 10:12:19,910  INFO [main] - mil.dtic.selenium.RunTest.readExcel 160 - testStepsValueTwo:
2021-01-24 10:12:19,911  INFO [main] - mil.dtic.selenium.RunTest.readExcel 161 - testStepsFailMessage:
2021-01-24 10:12:19,911  INFO [main] - mil.dtic.selenium.RunTest.readExcel 162 - testCaseExecutionFlag:Y
2021-01-24 10:12:19,911  INFO [main] - mil.dtic.selenium.RunTest.readExcel 164 - Setting testCaseExecutionFlag:Y to testCaseNumber : TC6
2021-01-24 10:12:19,912  INFO [main] - mil.dtic.selenium.RunTest.readExcel 167 - Executing performActions Method with the five arguments -dropdown BMW //*[@id="make"]  
2021-01-24 10:12:19,912  INFO [main] - mil.dtic.selenium.KeywordFunctions.runTest 40 - keyword: dropdown inputValue: BMW webElementValue:  //*[@id="make"]
2021-01-24 10:12:19,916  INFO [main] - mil.dtic.selenium.KeywordFunctions.runDriver 411 - Web Element is an - > xpath
2021-01-24 10:12:20,022  INFO [main] - mil.dtic.selenium.KeywordFunctions.runTest 146 - xpath //*[@id="make"]
2021-01-24 10:12:20,023  INFO [main] - mil.dtic.selenium.KeywordFunctions.runTest 147 - BMW
2021-01-24 10:12:20,116  INFO [main] - mil.dtic.selenium.RunTest.readExcel 198 - TC6Y
2021-01-24 10:12:20,117  INFO [main] - mil.dtic.selenium.RunTest.readExcel 152 - testStepsSerialNumber:3
2021-01-24 10:12:20,117  INFO [main] - mil.dtic.selenium.RunTest.readExcel 153 - testStepsDescription:Enter Engine Performance
2021-01-24 10:12:20,118  INFO [main] - mil.dtic.selenium.RunTest.readExcel 154 - webElement:xpath
2021-01-24 10:12:20,118  INFO [main] - mil.dtic.selenium.RunTest.readExcel 155 - webElementValue://*[@id="engineperformance"]
2021-01-24 10:12:20,119  INFO [main] - mil.dtic.selenium.RunTest.readExcel 156 - inputValue:300000
2021-01-24 10:12:20,119  INFO [main] - mil.dtic.selenium.RunTest.readExcel 157 - testStepsKeyword:input
2021-01-24 10:12:20,119  INFO [main] - mil.dtic.selenium.RunTest.readExcel 158 - testStepsComparisonType:range
2021-01-24 10:12:20,121  INFO [main] - mil.dtic.selenium.RunTest.readExcel 159 - testStepsValueOne:1
2021-01-24 10:12:20,121  INFO [main] - mil.dtic.selenium.RunTest.readExcel 160 - testStepsValueTwo:3000
2021-01-24 10:12:20,122  INFO [main] - mil.dtic.selenium.RunTest.readExcel 161 - testStepsFailMessage:Exceeded maximum 
2021-01-24 10:12:20,122  INFO [main] - mil.dtic.selenium.RunTest.readExcel 162 - testCaseExecutionFlag:Y
2021-01-24 10:12:20,122  INFO [main] - mil.dtic.selenium.RunTest.readExcel 164 - Setting testCaseExecutionFlag:Y to testCaseNumber : TC6
2021-01-24 10:12:20,123  INFO [main] - mil.dtic.selenium.RunTest.readExcel 167 - Executing performActions Method with the five arguments -input 300000 //*[@id="engineperformance"] 1 3000
2021-01-24 10:12:20,123  INFO [main] - mil.dtic.selenium.KeywordFunctions.runTest 40 - keyword: input inputValue: 300000 webElementValue:  //*[@id="engineperformance"]
2021-01-24 10:12:20,124  INFO [main] - mil.dtic.selenium.KeywordFunctions.runTest 93 - In keyword: input inputValue: 300000 webElementValue:  //*[@id="engineperformance"] 1 3000
2021-01-24 10:12:20,125  INFO [main] - mil.dtic.selenium.KeywordFunctions.runDriver 411 - Web Element is an - > xpath
2021-01-24 10:12:20,205  INFO [main] - mil.dtic.selenium.KeywordFunctions.runDriver 411 - Web Element is an - > xpath
2021-01-24 10:12:20,402  INFO [main] - mil.dtic.selenium.KeywordFunctions.runTest 96 - valueOne : 1 valueTwo : 3000 failMessage : Exceeded maximum 
2021-01-24 10:12:20,410  INFO [main] - mil.dtic.selenium.KeywordFunctions.runTest 98 - failMessage is <Exceeded maximum >
2021-01-24 10:12:20,411  INFO [main] - mil.dtic.selenium.KeywordFunctions.runTest 100 - comparisonType is <range>
2021-01-24 10:12:20,411  INFO [main] - mil.dtic.selenium.KeywordFunctions.runTest 101 - Before : compareBoolean is <false>
2021-01-24 10:12:20,412  INFO [main] - mil.dtic.selenium.KeywordFunctions.compare 439 - Is input value : 300000 within range of 1 and 3000?
2021-01-24 10:12:20,412  INFO [main] - mil.dtic.selenium.KeywordFunctions.runTest 104 - After : compareBoolean is <false>
2021-01-24 10:12:20,412  INFO [main] - mil.dtic.selenium.KeywordFunctions.runTest 106 - Inside ...
2021-01-24 10:12:20,413  INFO [main] - mil.dtic.selenium.RunTest.readExcel 198 - TC6Y
2021-01-24 10:12:20,413  INFO [main] - mil.dtic.selenium.RunTest.readExcel 152 - testStepsSerialNumber:4
2021-01-24 10:12:20,414  INFO [main] - mil.dtic.selenium.RunTest.readExcel 153 - testStepsDescription:Enter Manufacturing Date
2021-01-24 10:12:20,414  INFO [main] - mil.dtic.selenium.RunTest.readExcel 154 - webElement:xpath
2021-01-24 10:12:20,414  INFO [main] - mil.dtic.selenium.RunTest.readExcel 155 - webElementValue://*[@id="dateofmanufacture"]
2021-01-24 10:12:20,414  INFO [main] - mil.dtic.selenium.RunTest.readExcel 156 - inputValue:10/12/2019
2021-01-24 10:12:20,415  INFO [main] - mil.dtic.selenium.RunTest.readExcel 157 - testStepsKeyword:input
2021-01-24 10:12:20,415  INFO [main] - mil.dtic.selenium.RunTest.readExcel 158 - testStepsComparisonType:between
2021-01-24 10:12:20,416  INFO [main] - mil.dtic.selenium.RunTest.readExcel 159 - testStepsValueOne:2019-01-08
2021-01-24 10:12:20,416  INFO [main] - mil.dtic.selenium.RunTest.readExcel 160 - testStepsValueTwo:2019-05-08
2021-01-24 10:12:20,416  INFO [main] - mil.dtic.selenium.RunTest.readExcel 161 - testStepsFailMessage:Date range
2021-01-24 10:12:20,416  INFO [main] - mil.dtic.selenium.RunTest.readExcel 162 - testCaseExecutionFlag:Y
2021-01-24 10:12:20,417  INFO [main] - mil.dtic.selenium.RunTest.readExcel 164 - Setting testCaseExecutionFlag:Y to testCaseNumber : TC6
2021-01-24 10:12:20,417  INFO [main] - mil.dtic.selenium.RunTest.readExcel 167 - Executing performActions Method with the five arguments -input 10/12/2019 //*[@id="dateofmanufacture"] 2019-01-08 2019-05-08
2021-01-24 10:12:20,417  INFO [main] - mil.dtic.selenium.KeywordFunctions.runTest 40 - keyword: input inputValue: 10/12/2019 webElementValue:  //*[@id="dateofmanufacture"]
2021-01-24 10:12:20,417  INFO [main] - mil.dtic.selenium.KeywordFunctions.runTest 93 - In keyword: input inputValue: 10/12/2019 webElementValue:  //*[@id="dateofmanufacture"] 2019-01-08 2019-05-08
2021-01-24 10:12:20,418  INFO [main] - mil.dtic.selenium.KeywordFunctions.runDriver 411 - Web Element is an - > xpath
2021-01-24 10:12:20,566  INFO [main] - mil.dtic.selenium.KeywordFunctions.runDriver 411 - Web Element is an - > xpath
2021-01-24 10:12:20,871  INFO [main] - mil.dtic.selenium.KeywordFunctions.runTest 96 - valueOne : 2019-01-08 valueTwo : 2019-05-08 failMessage : Date range
2021-01-24 10:12:20,871  INFO [main] - mil.dtic.selenium.KeywordFunctions.runTest 98 - failMessage is <Date range>
2021-01-24 10:12:20,872  INFO [main] - mil.dtic.selenium.KeywordFunctions.runTest 100 - comparisonType is <between>
2021-01-24 10:12:20,872  INFO [main] - mil.dtic.selenium.KeywordFunctions.runTest 101 - Before : compareBoolean is <false>
2021-01-24 10:12:20,873 ERROR [main] - mil.dtic.selenium.KeywordFunctions.runTest 121 - Not able to enter input : For input string: "2019-01-08"
2021-01-24 10:15:38,154  INFO [main] - mil.dtic.selenium.RunTest.readExcel 80 - The value of i is -> 1
2021-01-24 10:15:38,158  INFO [main] - mil.dtic.selenium.RunTest.readExcel 81 - testSuitesheet -> Sheet1
2021-01-24 10:15:38,161  INFO [main] - mil.dtic.selenium.RunTest.readExcel 80 - The value of i is -> 2
2021-01-24 10:15:38,162  INFO [main] - mil.dtic.selenium.RunTest.readExcel 81 - testSuitesheet -> Sheet1
2021-01-24 10:15:38,163  INFO [main] - mil.dtic.selenium.RunTest.readExcel 80 - The value of i is -> 3
2021-01-24 10:15:38,164  INFO [main] - mil.dtic.selenium.RunTest.readExcel 81 - testSuitesheet -> Sheet1
2021-01-24 10:15:38,164  INFO [main] - mil.dtic.selenium.RunTest.readExcel 80 - The value of i is -> 4
2021-01-24 10:15:38,165  INFO [main] - mil.dtic.selenium.RunTest.readExcel 81 - testSuitesheet -> Sheet1
2021-01-24 10:15:38,249  INFO [main] - mil.dtic.selenium.RunTest.readExcel 93 - sheetTestSteps is -> TricentisAuto
2021-01-24 10:15:38,249  INFO [main] - mil.dtic.selenium.RunTest.readExcel 105 - TestCases: testCaseSerialNumber: 1
2021-01-24 10:15:38,249  INFO [main] - mil.dtic.selenium.RunTest.readExcel 106 - TestCases: testCaseNumber: TC6
2021-01-24 10:15:38,250  INFO [main] - mil.dtic.selenium.RunTest.readExcel 107 - TestCases: testCaseDescription: Tricentis  Auto Test
2021-01-24 10:15:38,250  INFO [main] - mil.dtic.selenium.RunTest.readExcel 108 - TestCases: testCaseExecutionFlag: Y
2021-01-24 10:15:38,300  INFO [main] - mil.dtic.selenium.Driver.InitateDriver 24 - Now opening Browser
2021-01-24 10:15:38,301  INFO [main] - mil.dtic.selenium.Driver.InitateDriver 27 - Configuration File Reader : Browser -> chrome
2021-01-24 10:15:38,305  INFO [main] - mil.dtic.selenium.Driver.InitateDriver 28 - Configuration File Reader : Driver Path -> ./webdriver/Chrome-Version-87/chromedriver_win32/chromedriver.exe
2021-01-24 10:15:38,306  INFO [main] - mil.dtic.selenium.Driver.InitateDriver 29 - Configuration File Reader : Driver Path -> ./webdriver/Chrome-Version-87/chromedriver_win32/chromedriver.exe
2021-01-24 10:15:38,306  INFO [main] - mil.dtic.selenium.Driver.InitateDriver 43 - In Chrome ...
2021-01-24 10:15:38,318  INFO [main] - mil.dtic.selenium.Driver.InitateDriver 52 - Setting Chrome driver ...
2021-01-24 10:15:42,717  INFO [main] - mil.dtic.selenium.Driver.InitateDriver 60 - Chrome browser started
2021-01-24 10:15:42,728  INFO [main] - mil.dtic.selenium.Driver.InitateDriver 66 - Wait time is -> 10
2021-01-24 10:15:44,803  INFO [main] - mil.dtic.selenium.RunTest.readExcel 152 - testStepsSerialNumber:1
2021-01-24 10:15:44,804  INFO [main] - mil.dtic.selenium.RunTest.readExcel 153 - testStepsDescription:Open url
2021-01-24 10:15:44,804  INFO [main] - mil.dtic.selenium.RunTest.readExcel 154 - webElement:
2021-01-24 10:15:44,804  INFO [main] - mil.dtic.selenium.RunTest.readExcel 155 - webElementValue:
2021-01-24 10:15:44,804  INFO [main] - mil.dtic.selenium.RunTest.readExcel 156 - inputValue:http://sampleapp.tricentis.com/101/app.php
2021-01-24 10:15:44,805  INFO [main] - mil.dtic.selenium.RunTest.readExcel 157 - testStepsKeyword:url
2021-01-24 10:15:44,805  INFO [main] - mil.dtic.selenium.RunTest.readExcel 158 - testStepsComparisonType:
2021-01-24 10:15:44,805  INFO [main] - mil.dtic.selenium.RunTest.readExcel 159 - testStepsValueOne:
2021-01-24 10:15:44,806  INFO [main] - mil.dtic.selenium.RunTest.readExcel 160 - testStepsValueTwo:
2021-01-24 10:15:44,806  INFO [main] - mil.dtic.selenium.RunTest.readExcel 161 - testStepsFailMessage:
2021-01-24 10:15:44,806  INFO [main] - mil.dtic.selenium.RunTest.readExcel 162 - testCaseExecutionFlag:Y
2021-01-24 10:15:44,806  INFO [main] - mil.dtic.selenium.RunTest.readExcel 164 - Setting testCaseExecutionFlag:Y to testCaseNumber : TC6
2021-01-24 10:15:44,806  INFO [main] - mil.dtic.selenium.RunTest.readExcel 167 - Executing performActions Method with the five arguments -url http://sampleapp.tricentis.com/101/app.php   
2021-01-24 10:15:44,806  INFO [main] - mil.dtic.selenium.KeywordFunctions.runTest 40 - keyword: url inputValue: http://sampleapp.tricentis.com/101/app.php webElementValue:  
2021-01-24 10:15:46,455  INFO [main] - mil.dtic.selenium.KeywordFunctions.runTest 333 - Url is opened sucessfully
2021-01-24 10:15:46,456  INFO [main] - mil.dtic.selenium.RunTest.readExcel 198 - TC6Y
2021-01-24 10:15:46,457  INFO [main] - mil.dtic.selenium.RunTest.readExcel 152 - testStepsSerialNumber:2
2021-01-24 10:15:46,458  INFO [main] - mil.dtic.selenium.RunTest.readExcel 153 - testStepsDescription:Dropdown select
2021-01-24 10:15:46,459  INFO [main] - mil.dtic.selenium.RunTest.readExcel 154 - webElement:xpath
2021-01-24 10:15:46,460  INFO [main] - mil.dtic.selenium.RunTest.readExcel 155 - webElementValue://*[@id="make"]
2021-01-24 10:15:46,460  INFO [main] - mil.dtic.selenium.RunTest.readExcel 156 - inputValue:BMW
2021-01-24 10:15:46,461  INFO [main] - mil.dtic.selenium.RunTest.readExcel 157 - testStepsKeyword:dropdown
2021-01-24 10:15:46,461  INFO [main] - mil.dtic.selenium.RunTest.readExcel 158 - testStepsComparisonType:
2021-01-24 10:15:46,462  INFO [main] - mil.dtic.selenium.RunTest.readExcel 159 - testStepsValueOne:
2021-01-24 10:15:46,462  INFO [main] - mil.dtic.selenium.RunTest.readExcel 160 - testStepsValueTwo:
2021-01-24 10:15:46,462  INFO [main] - mil.dtic.selenium.RunTest.readExcel 161 - testStepsFailMessage:
2021-01-24 10:15:46,464  INFO [main] - mil.dtic.selenium.RunTest.readExcel 162 - testCaseExecutionFlag:Y
2021-01-24 10:15:46,464  INFO [main] - mil.dtic.selenium.RunTest.readExcel 164 - Setting testCaseExecutionFlag:Y to testCaseNumber : TC6
2021-01-24 10:15:46,465  INFO [main] - mil.dtic.selenium.RunTest.readExcel 167 - Executing performActions Method with the five arguments -dropdown BMW //*[@id="make"]  
2021-01-24 10:15:46,465  INFO [main] - mil.dtic.selenium.KeywordFunctions.runTest 40 - keyword: dropdown inputValue: BMW webElementValue:  //*[@id="make"]
2021-01-24 10:15:46,469  INFO [main] - mil.dtic.selenium.KeywordFunctions.runDriver 411 - Web Element is an - > xpath
2021-01-24 10:15:46,554  INFO [main] - mil.dtic.selenium.KeywordFunctions.runTest 146 - xpath //*[@id="make"]
2021-01-24 10:15:46,556  INFO [main] - mil.dtic.selenium.KeywordFunctions.runTest 147 - BMW
2021-01-24 10:15:46,659  INFO [main] - mil.dtic.selenium.RunTest.readExcel 198 - TC6Y
2021-01-24 10:15:46,660  INFO [main] - mil.dtic.selenium.RunTest.readExcel 152 - testStepsSerialNumber:3
2021-01-24 10:15:46,661  INFO [main] - mil.dtic.selenium.RunTest.readExcel 153 - testStepsDescription:Enter Engine Performance
2021-01-24 10:15:46,661  INFO [main] - mil.dtic.selenium.RunTest.readExcel 154 - webElement:xpath
2021-01-24 10:15:46,661  INFO [main] - mil.dtic.selenium.RunTest.readExcel 155 - webElementValue://*[@id="engineperformance"]
2021-01-24 10:15:46,662  INFO [main] - mil.dtic.selenium.RunTest.readExcel 156 - inputValue:300000
2021-01-24 10:15:46,663  INFO [main] - mil.dtic.selenium.RunTest.readExcel 157 - testStepsKeyword:input
2021-01-24 10:15:46,663  INFO [main] - mil.dtic.selenium.RunTest.readExcel 158 - testStepsComparisonType:range
2021-01-24 10:15:46,664  INFO [main] - mil.dtic.selenium.RunTest.readExcel 159 - testStepsValueOne:1
2021-01-24 10:15:46,664  INFO [main] - mil.dtic.selenium.RunTest.readExcel 160 - testStepsValueTwo:3000
2021-01-24 10:15:46,664  INFO [main] - mil.dtic.selenium.RunTest.readExcel 161 - testStepsFailMessage:Exceeded maximum 
2021-01-24 10:15:46,665  INFO [main] - mil.dtic.selenium.RunTest.readExcel 162 - testCaseExecutionFlag:Y
2021-01-24 10:15:46,665  INFO [main] - mil.dtic.selenium.RunTest.readExcel 164 - Setting testCaseExecutionFlag:Y to testCaseNumber : TC6
2021-01-24 10:15:46,666  INFO [main] - mil.dtic.selenium.RunTest.readExcel 167 - Executing performActions Method with the five arguments -input 300000 //*[@id="engineperformance"] 1 3000
2021-01-24 10:15:46,667  INFO [main] - mil.dtic.selenium.KeywordFunctions.runTest 40 - keyword: input inputValue: 300000 webElementValue:  //*[@id="engineperformance"]
2021-01-24 10:15:46,667  INFO [main] - mil.dtic.selenium.KeywordFunctions.runTest 93 - In keyword: input inputValue: 300000 webElementValue:  //*[@id="engineperformance"] 1 3000
2021-01-24 10:15:46,667  INFO [main] - mil.dtic.selenium.KeywordFunctions.runDriver 411 - Web Element is an - > xpath
2021-01-24 10:15:46,761  INFO [main] - mil.dtic.selenium.KeywordFunctions.runDriver 411 - Web Element is an - > xpath
2021-01-24 10:15:46,959  INFO [main] - mil.dtic.selenium.KeywordFunctions.runTest 96 - valueOne : 1 valueTwo : 3000 failMessage : Exceeded maximum 
2021-01-24 10:15:46,966  INFO [main] - mil.dtic.selenium.KeywordFunctions.runTest 98 - failMessage is <Exceeded maximum >
2021-01-24 10:15:46,966  INFO [main] - mil.dtic.selenium.KeywordFunctions.runTest 100 - comparisonType is <range>
2021-01-24 10:15:46,967  INFO [main] - mil.dtic.selenium.KeywordFunctions.runTest 101 - Before : compareBoolean is <false>
2021-01-24 10:15:46,967  INFO [main] - mil.dtic.selenium.KeywordFunctions.compare 439 - Is input value : 300000 within range of 1 and 3000?
2021-01-24 10:15:46,968  INFO [main] - mil.dtic.selenium.KeywordFunctions.runTest 104 - After : compareBoolean is <false>
2021-01-24 10:15:46,968  INFO [main] - mil.dtic.selenium.KeywordFunctions.runTest 106 - Inside ...
2021-01-24 10:15:46,968  INFO [main] - mil.dtic.selenium.RunTest.readExcel 198 - TC6Y
2021-01-24 10:15:46,969  INFO [main] - mil.dtic.selenium.RunTest.readExcel 152 - testStepsSerialNumber:4
2021-01-24 10:15:46,969  INFO [main] - mil.dtic.selenium.RunTest.readExcel 153 - testStepsDescription:Enter Manufacturing Date
2021-01-24 10:15:46,969  INFO [main] - mil.dtic.selenium.RunTest.readExcel 154 - webElement:xpath
2021-01-24 10:15:46,969  INFO [main] - mil.dtic.selenium.RunTest.readExcel 155 - webElementValue://*[@id="dateofmanufacture"]
2021-01-24 10:15:46,970  INFO [main] - mil.dtic.selenium.RunTest.readExcel 156 - inputValue:10/12/2019
2021-01-24 10:15:46,970  INFO [main] - mil.dtic.selenium.RunTest.readExcel 157 - testStepsKeyword:input
2021-01-24 10:15:46,970  INFO [main] - mil.dtic.selenium.RunTest.readExcel 158 - testStepsComparisonType:between
2021-01-24 10:15:46,970  INFO [main] - mil.dtic.selenium.RunTest.readExcel 159 - testStepsValueOne:2019-01-08
2021-01-24 10:15:46,971  INFO [main] - mil.dtic.selenium.RunTest.readExcel 160 - testStepsValueTwo:2019-05-08
2021-01-24 10:15:46,971  INFO [main] - mil.dtic.selenium.RunTest.readExcel 161 - testStepsFailMessage:Date range
2021-01-24 10:15:46,971  INFO [main] - mil.dtic.selenium.RunTest.readExcel 162 - testCaseExecutionFlag:Y
2021-01-24 10:15:46,972  INFO [main] - mil.dtic.selenium.RunTest.readExcel 164 - Setting testCaseExecutionFlag:Y to testCaseNumber : TC6
2021-01-24 10:15:46,972  INFO [main] - mil.dtic.selenium.RunTest.readExcel 167 - Executing performActions Method with the five arguments -input 10/12/2019 //*[@id="dateofmanufacture"] 2019-01-08 2019-05-08
2021-01-24 10:15:46,972  INFO [main] - mil.dtic.selenium.KeywordFunctions.runTest 40 - keyword: input inputValue: 10/12/2019 webElementValue:  //*[@id="dateofmanufacture"]
2021-01-24 10:15:46,972  INFO [main] - mil.dtic.selenium.KeywordFunctions.runTest 93 - In keyword: input inputValue: 10/12/2019 webElementValue:  //*[@id="dateofmanufacture"] 2019-01-08 2019-05-08
2021-01-24 10:15:46,973  INFO [main] - mil.dtic.selenium.KeywordFunctions.runDriver 411 - Web Element is an - > xpath
2021-01-24 10:15:47,061  INFO [main] - mil.dtic.selenium.KeywordFunctions.runDriver 411 - Web Element is an - > xpath
2021-01-24 10:15:47,281  INFO [main] - mil.dtic.selenium.KeywordFunctions.runTest 96 - valueOne : 2019-01-08 valueTwo : 2019-05-08 failMessage : Date range
2021-01-24 10:15:47,281  INFO [main] - mil.dtic.selenium.KeywordFunctions.runTest 98 - failMessage is <Date range>
2021-01-24 10:15:47,282  INFO [main] - mil.dtic.selenium.KeywordFunctions.runTest 100 - comparisonType is <between>
2021-01-24 10:15:47,282  INFO [main] - mil.dtic.selenium.KeywordFunctions.runTest 101 - Before : compareBoolean is <false>
2021-01-24 10:15:47,283 ERROR [main] - mil.dtic.selenium.KeywordFunctions.runTest 121 - Not able to enter input : For input string: "2019-01-08"
2021-01-24 10:22:39,421  INFO [main] - mil.dtic.selenium.RunTest.readExcel 80 - The value of i is -> 1
2021-01-24 10:22:39,424  INFO [main] - mil.dtic.selenium.RunTest.readExcel 81 - testSuitesheet -> Sheet1
2021-01-24 10:22:39,427  INFO [main] - mil.dtic.selenium.RunTest.readExcel 80 - The value of i is -> 2
2021-01-24 10:22:39,428  INFO [main] - mil.dtic.selenium.RunTest.readExcel 81 - testSuitesheet -> Sheet1
2021-01-24 10:22:39,429  INFO [main] - mil.dtic.selenium.RunTest.readExcel 80 - The value of i is -> 3
2021-01-24 10:22:39,429  INFO [main] - mil.dtic.selenium.RunTest.readExcel 81 - testSuitesheet -> Sheet1
2021-01-24 10:22:39,429  INFO [main] - mil.dtic.selenium.RunTest.readExcel 80 - The value of i is -> 4
2021-01-24 10:22:39,431  INFO [main] - mil.dtic.selenium.RunTest.readExcel 81 - testSuitesheet -> Sheet1
2021-01-24 10:22:39,513  INFO [main] - mil.dtic.selenium.RunTest.readExcel 93 - sheetTestSteps is -> TricentisAuto
2021-01-24 10:22:39,513  INFO [main] - mil.dtic.selenium.RunTest.readExcel 105 - TestCases: testCaseSerialNumber: 1
2021-01-24 10:22:39,513  INFO [main] - mil.dtic.selenium.RunTest.readExcel 106 - TestCases: testCaseNumber: TC6
2021-01-24 10:22:39,514  INFO [main] - mil.dtic.selenium.RunTest.readExcel 107 - TestCases: testCaseDescription: Tricentis  Auto Test
2021-01-24 10:22:39,514  INFO [main] - mil.dtic.selenium.RunTest.readExcel 108 - TestCases: testCaseExecutionFlag: Y
2021-01-24 10:22:39,567  INFO [main] - mil.dtic.selenium.Driver.InitateDriver 24 - Now opening Browser
2021-01-24 10:22:39,568  INFO [main] - mil.dtic.selenium.Driver.InitateDriver 27 - Configuration File Reader : Browser -> chrome
2021-01-24 10:22:39,576  INFO [main] - mil.dtic.selenium.Driver.InitateDriver 28 - Configuration File Reader : Driver Path -> ./webdriver/Chrome-Version-87/chromedriver_win32/chromedriver.exe
2021-01-24 10:22:39,577  INFO [main] - mil.dtic.selenium.Driver.InitateDriver 29 - Configuration File Reader : Driver Path -> ./webdriver/Chrome-Version-87/chromedriver_win32/chromedriver.exe
2021-01-24 10:22:39,577  INFO [main] - mil.dtic.selenium.Driver.InitateDriver 43 - In Chrome ...
2021-01-24 10:22:39,584  INFO [main] - mil.dtic.selenium.Driver.InitateDriver 52 - Setting Chrome driver ...
2021-01-24 10:22:43,874  INFO [main] - mil.dtic.selenium.Driver.InitateDriver 60 - Chrome browser started
2021-01-24 10:22:43,885  INFO [main] - mil.dtic.selenium.Driver.InitateDriver 66 - Wait time is -> 10
2021-01-24 10:22:45,945  INFO [main] - mil.dtic.selenium.RunTest.readExcel 152 - testStepsSerialNumber:1
2021-01-24 10:22:45,945  INFO [main] - mil.dtic.selenium.RunTest.readExcel 153 - testStepsDescription:Open url
2021-01-24 10:22:45,946  INFO [main] - mil.dtic.selenium.RunTest.readExcel 154 - webElement:
2021-01-24 10:22:45,946  INFO [main] - mil.dtic.selenium.RunTest.readExcel 155 - webElementValue:
2021-01-24 10:22:45,946  INFO [main] - mil.dtic.selenium.RunTest.readExcel 156 - inputValue:http://sampleapp.tricentis.com/101/app.php
2021-01-24 10:22:45,946  INFO [main] - mil.dtic.selenium.RunTest.readExcel 157 - testStepsKeyword:url
2021-01-24 10:22:45,947  INFO [main] - mil.dtic.selenium.RunTest.readExcel 158 - testStepsComparisonType:
2021-01-24 10:22:45,947  INFO [main] - mil.dtic.selenium.RunTest.readExcel 159 - testStepsValueOne:
2021-01-24 10:22:45,947  INFO [main] - mil.dtic.selenium.RunTest.readExcel 160 - testStepsValueTwo:
2021-01-24 10:22:45,947  INFO [main] - mil.dtic.selenium.RunTest.readExcel 161 - testStepsFailMessage:
2021-01-24 10:22:45,948  INFO [main] - mil.dtic.selenium.RunTest.readExcel 162 - testCaseExecutionFlag:Y
2021-01-24 10:22:45,948  INFO [main] - mil.dtic.selenium.RunTest.readExcel 164 - Setting testCaseExecutionFlag:Y to testCaseNumber : TC6
2021-01-24 10:22:45,948  INFO [main] - mil.dtic.selenium.RunTest.readExcel 167 - Executing performActions Method with the five arguments -url http://sampleapp.tricentis.com/101/app.php   
2021-01-24 10:22:45,949  INFO [main] - mil.dtic.selenium.KeywordFunctions.runTest 40 - keyword: url inputValue: http://sampleapp.tricentis.com/101/app.php webElementValue:  
2021-01-24 10:22:51,112  INFO [main] - mil.dtic.selenium.KeywordFunctions.runTest 333 - Url is opened sucessfully
2021-01-24 10:22:51,112  INFO [main] - mil.dtic.selenium.RunTest.readExcel 198 - TC6Y
2021-01-24 10:22:51,113  INFO [main] - mil.dtic.selenium.RunTest.readExcel 152 - testStepsSerialNumber:2
2021-01-24 10:22:51,113  INFO [main] - mil.dtic.selenium.RunTest.readExcel 153 - testStepsDescription:Dropdown select
2021-01-24 10:22:51,113  INFO [main] - mil.dtic.selenium.RunTest.readExcel 154 - webElement:xpath
2021-01-24 10:22:51,113  INFO [main] - mil.dtic.selenium.RunTest.readExcel 155 - webElementValue://*[@id="make"]
2021-01-24 10:22:51,113  INFO [main] - mil.dtic.selenium.RunTest.readExcel 156 - inputValue:BMW
2021-01-24 10:22:51,114  INFO [main] - mil.dtic.selenium.RunTest.readExcel 157 - testStepsKeyword:dropdown
2021-01-24 10:22:51,114  INFO [main] - mil.dtic.selenium.RunTest.readExcel 158 - testStepsComparisonType:
2021-01-24 10:22:51,114  INFO [main] - mil.dtic.selenium.RunTest.readExcel 159 - testStepsValueOne:
2021-01-24 10:22:51,115  INFO [main] - mil.dtic.selenium.RunTest.readExcel 160 - testStepsValueTwo:
2021-01-24 10:22:51,115  INFO [main] - mil.dtic.selenium.RunTest.readExcel 161 - testStepsFailMessage:
2021-01-24 10:22:51,116  INFO [main] - mil.dtic.selenium.RunTest.readExcel 162 - testCaseExecutionFlag:Y
2021-01-24 10:22:51,116  INFO [main] - mil.dtic.selenium.RunTest.readExcel 164 - Setting testCaseExecutionFlag:Y to testCaseNumber : TC6
2021-01-24 10:22:51,116  INFO [main] - mil.dtic.selenium.RunTest.readExcel 167 - Executing performActions Method with the five arguments -dropdown BMW //*[@id="make"]  
2021-01-24 10:22:51,116  INFO [main] - mil.dtic.selenium.KeywordFunctions.runTest 40 - keyword: dropdown inputValue: BMW webElementValue:  //*[@id="make"]
2021-01-24 10:22:51,120  INFO [main] - mil.dtic.selenium.KeywordFunctions.runDriver 411 - Web Element is an - > xpath
2021-01-24 10:22:51,199  INFO [main] - mil.dtic.selenium.KeywordFunctions.runTest 146 - xpath //*[@id="make"]
2021-01-24 10:22:51,200  INFO [main] - mil.dtic.selenium.KeywordFunctions.runTest 147 - BMW
2021-01-24 10:22:51,284  INFO [main] - mil.dtic.selenium.RunTest.readExcel 198 - TC6Y
2021-01-24 10:22:51,284  INFO [main] - mil.dtic.selenium.RunTest.readExcel 152 - testStepsSerialNumber:3
2021-01-24 10:22:51,285  INFO [main] - mil.dtic.selenium.RunTest.readExcel 153 - testStepsDescription:Enter Engine Performance
2021-01-24 10:22:51,285  INFO [main] - mil.dtic.selenium.RunTest.readExcel 154 - webElement:xpath
2021-01-24 10:22:51,285  INFO [main] - mil.dtic.selenium.RunTest.readExcel 155 - webElementValue://*[@id="engineperformance"]
2021-01-24 10:22:51,286  INFO [main] - mil.dtic.selenium.RunTest.readExcel 156 - inputValue:300000
2021-01-24 10:22:51,286  INFO [main] - mil.dtic.selenium.RunTest.readExcel 157 - testStepsKeyword:input
2021-01-24 10:22:51,286  INFO [main] - mil.dtic.selenium.RunTest.readExcel 158 - testStepsComparisonType:range
2021-01-24 10:22:51,287  INFO [main] - mil.dtic.selenium.RunTest.readExcel 159 - testStepsValueOne:1
2021-01-24 10:22:51,287  INFO [main] - mil.dtic.selenium.RunTest.readExcel 160 - testStepsValueTwo:3000
2021-01-24 10:22:51,287  INFO [main] - mil.dtic.selenium.RunTest.readExcel 161 - testStepsFailMessage:Exceeded maximum 
2021-01-24 10:22:51,288  INFO [main] - mil.dtic.selenium.RunTest.readExcel 162 - testCaseExecutionFlag:Y
2021-01-24 10:22:51,288  INFO [main] - mil.dtic.selenium.RunTest.readExcel 164 - Setting testCaseExecutionFlag:Y to testCaseNumber : TC6
2021-01-24 10:22:51,288  INFO [main] - mil.dtic.selenium.RunTest.readExcel 167 - Executing performActions Method with the five arguments -input 300000 //*[@id="engineperformance"] 1 3000
2021-01-24 10:22:51,289  INFO [main] - mil.dtic.selenium.KeywordFunctions.runTest 40 - keyword: input inputValue: 300000 webElementValue:  //*[@id="engineperformance"]
2021-01-24 10:22:51,289  INFO [main] - mil.dtic.selenium.KeywordFunctions.runTest 93 - In keyword: input inputValue: 300000 webElementValue:  //*[@id="engineperformance"] 1 3000
2021-01-24 10:22:51,290  INFO [main] - mil.dtic.selenium.KeywordFunctions.runDriver 411 - Web Element is an - > xpath
2021-01-24 10:22:51,354  INFO [main] - mil.dtic.selenium.KeywordFunctions.runDriver 411 - Web Element is an - > xpath
2021-01-24 10:22:51,518  INFO [main] - mil.dtic.selenium.KeywordFunctions.runTest 96 - valueOne : 1 valueTwo : 3000 failMessage : Exceeded maximum 
2021-01-24 10:22:51,523  INFO [main] - mil.dtic.selenium.KeywordFunctions.runTest 98 - failMessage is <Exceeded maximum >
2021-01-24 10:22:51,524  INFO [main] - mil.dtic.selenium.KeywordFunctions.runTest 100 - comparisonType is <range>
2021-01-24 10:22:51,524  INFO [main] - mil.dtic.selenium.KeywordFunctions.runTest 101 - Before : compareBoolean is <false>
2021-01-24 10:22:51,524  INFO [main] - mil.dtic.selenium.KeywordFunctions.compare 439 - Is input value : 300000 within range of 1 and 3000?
2021-01-24 10:22:51,524  INFO [main] - mil.dtic.selenium.KeywordFunctions.runTest 104 - After : compareBoolean is <false>
2021-01-24 10:22:51,525  INFO [main] - mil.dtic.selenium.KeywordFunctions.runTest 106 - Inside ...
2021-01-24 10:22:51,525  INFO [main] - mil.dtic.selenium.RunTest.readExcel 198 - TC6Y
2021-01-24 10:22:51,525  INFO [main] - mil.dtic.selenium.RunTest.readExcel 152 - testStepsSerialNumber:4
2021-01-24 10:22:51,526  INFO [main] - mil.dtic.selenium.RunTest.readExcel 153 - testStepsDescription:Enter Manufacturing Date
2021-01-24 10:22:51,526  INFO [main] - mil.dtic.selenium.RunTest.readExcel 154 - webElement:xpath
2021-01-24 10:22:51,526  INFO [main] - mil.dtic.selenium.RunTest.readExcel 155 - webElementValue://*[@id="dateofmanufacture"]
2021-01-24 10:22:51,526  INFO [main] - mil.dtic.selenium.RunTest.readExcel 156 - inputValue:10/12/2019
2021-01-24 10:22:51,527  INFO [main] - mil.dtic.selenium.RunTest.readExcel 157 - testStepsKeyword:input
2021-01-24 10:22:51,527  INFO [main] - mil.dtic.selenium.RunTest.readExcel 158 - testStepsComparisonType:between
2021-01-24 10:22:51,527  INFO [main] - mil.dtic.selenium.RunTest.readExcel 159 - testStepsValueOne:10/12/2019
2021-01-24 10:22:51,527  INFO [main] - mil.dtic.selenium.RunTest.readExcel 160 - testStepsValueTwo:05/08/2019
2021-01-24 10:22:51,527  INFO [main] - mil.dtic.selenium.RunTest.readExcel 161 - testStepsFailMessage:Date range
2021-01-24 10:22:51,528  INFO [main] - mil.dtic.selenium.RunTest.readExcel 162 - testCaseExecutionFlag:Y
2021-01-24 10:22:51,528  INFO [main] - mil.dtic.selenium.RunTest.readExcel 164 - Setting testCaseExecutionFlag:Y to testCaseNumber : TC6
2021-01-24 10:22:51,528  INFO [main] - mil.dtic.selenium.RunTest.readExcel 167 - Executing performActions Method with the five arguments -input 10/12/2019 //*[@id="dateofmanufacture"] 10/12/2019 05/08/2019
2021-01-24 10:22:51,528  INFO [main] - mil.dtic.selenium.KeywordFunctions.runTest 40 - keyword: input inputValue: 10/12/2019 webElementValue:  //*[@id="dateofmanufacture"]
2021-01-24 10:22:51,529  INFO [main] - mil.dtic.selenium.KeywordFunctions.runTest 93 - In keyword: input inputValue: 10/12/2019 webElementValue:  //*[@id="dateofmanufacture"] 10/12/2019 05/08/2019
2021-01-24 10:22:51,529  INFO [main] - mil.dtic.selenium.KeywordFunctions.runDriver 411 - Web Element is an - > xpath
2021-01-24 10:22:51,625  INFO [main] - mil.dtic.selenium.KeywordFunctions.runDriver 411 - Web Element is an - > xpath
2021-01-24 10:22:51,823  INFO [main] - mil.dtic.selenium.KeywordFunctions.runTest 96 - valueOne : 10/12/2019 valueTwo : 05/08/2019 failMessage : Date range
2021-01-24 10:22:51,823  INFO [main] - mil.dtic.selenium.KeywordFunctions.runTest 98 - failMessage is <Date range>
2021-01-24 10:22:51,823  INFO [main] - mil.dtic.selenium.KeywordFunctions.runTest 100 - comparisonType is <between>
2021-01-24 10:22:51,823  INFO [main] - mil.dtic.selenium.KeywordFunctions.runTest 101 - Before : compareBoolean is <false>
2021-01-24 10:22:51,824 ERROR [main] - mil.dtic.selenium.KeywordFunctions.runTest 121 - Not able to enter input : For input string: "10/12/2019"
2021-01-24 10:24:22,210  INFO [main] - mil.dtic.selenium.RunTest.readExcel 80 - The value of i is -> 1
2021-01-24 10:24:22,213  INFO [main] - mil.dtic.selenium.RunTest.readExcel 81 - testSuitesheet -> Sheet1
2021-01-24 10:24:22,215  INFO [main] - mil.dtic.selenium.RunTest.readExcel 80 - The value of i is -> 2
2021-01-24 10:24:22,216  INFO [main] - mil.dtic.selenium.RunTest.readExcel 81 - testSuitesheet -> Sheet1
2021-01-24 10:24:22,216  INFO [main] - mil.dtic.selenium.RunTest.readExcel 80 - The value of i is -> 3
2021-01-24 10:24:22,217  INFO [main] - mil.dtic.selenium.RunTest.readExcel 81 - testSuitesheet -> Sheet1
2021-01-24 10:24:22,217  INFO [main] - mil.dtic.selenium.RunTest.readExcel 80 - The value of i is -> 4
2021-01-24 10:24:22,218  INFO [main] - mil.dtic.selenium.RunTest.readExcel 81 - testSuitesheet -> Sheet1
2021-01-24 10:24:22,302  INFO [main] - mil.dtic.selenium.RunTest.readExcel 93 - sheetTestSteps is -> TricentisAuto
2021-01-24 10:24:22,303  INFO [main] - mil.dtic.selenium.RunTest.readExcel 105 - TestCases: testCaseSerialNumber: 1
2021-01-24 10:24:22,304  INFO [main] - mil.dtic.selenium.RunTest.readExcel 106 - TestCases: testCaseNumber: TC6
2021-01-24 10:24:22,307  INFO [main] - mil.dtic.selenium.RunTest.readExcel 107 - TestCases: testCaseDescription: Tricentis  Auto Test
2021-01-24 10:24:22,307  INFO [main] - mil.dtic.selenium.RunTest.readExcel 108 - TestCases: testCaseExecutionFlag: Y
2021-01-24 10:24:22,382  INFO [main] - mil.dtic.selenium.Driver.InitateDriver 24 - Now opening Browser
2021-01-24 10:24:22,383  INFO [main] - mil.dtic.selenium.Driver.InitateDriver 27 - Configuration File Reader : Browser -> chrome
2021-01-24 10:24:22,390  INFO [main] - mil.dtic.selenium.Driver.InitateDriver 28 - Configuration File Reader : Driver Path -> ./webdriver/Chrome-Version-87/chromedriver_win32/chromedriver.exe
2021-01-24 10:24:22,391  INFO [main] - mil.dtic.selenium.Driver.InitateDriver 29 - Configuration File Reader : Driver Path -> ./webdriver/Chrome-Version-87/chromedriver_win32/chromedriver.exe
2021-01-24 10:24:22,392  INFO [main] - mil.dtic.selenium.Driver.InitateDriver 43 - In Chrome ...
2021-01-24 10:24:22,399  INFO [main] - mil.dtic.selenium.Driver.InitateDriver 52 - Setting Chrome driver ...
2021-01-24 10:24:26,697  INFO [main] - mil.dtic.selenium.Driver.InitateDriver 60 - Chrome browser started
2021-01-24 10:24:26,717  INFO [main] - mil.dtic.selenium.Driver.InitateDriver 66 - Wait time is -> 10
2021-01-24 10:24:28,808  INFO [main] - mil.dtic.selenium.RunTest.readExcel 152 - testStepsSerialNumber:1
2021-01-24 10:24:28,809  INFO [main] - mil.dtic.selenium.RunTest.readExcel 153 - testStepsDescription:Open url
2021-01-24 10:24:28,809  INFO [main] - mil.dtic.selenium.RunTest.readExcel 154 - webElement:
2021-01-24 10:24:28,810  INFO [main] - mil.dtic.selenium.RunTest.readExcel 155 - webElementValue:
2021-01-24 10:24:28,811  INFO [main] - mil.dtic.selenium.RunTest.readExcel 156 - inputValue:http://sampleapp.tricentis.com/101/app.php
2021-01-24 10:24:28,811  INFO [main] - mil.dtic.selenium.RunTest.readExcel 157 - testStepsKeyword:url
2021-01-24 10:24:28,812  INFO [main] - mil.dtic.selenium.RunTest.readExcel 158 - testStepsComparisonType:
2021-01-24 10:24:28,812  INFO [main] - mil.dtic.selenium.RunTest.readExcel 159 - testStepsValueOne:
2021-01-24 10:24:28,813  INFO [main] - mil.dtic.selenium.RunTest.readExcel 160 - testStepsValueTwo:
2021-01-24 10:24:28,813  INFO [main] - mil.dtic.selenium.RunTest.readExcel 161 - testStepsFailMessage:
2021-01-24 10:24:28,813  INFO [main] - mil.dtic.selenium.RunTest.readExcel 162 - testCaseExecutionFlag:Y
2021-01-24 10:24:28,814  INFO [main] - mil.dtic.selenium.RunTest.readExcel 164 - Setting testCaseExecutionFlag:Y to testCaseNumber : TC6
2021-01-24 10:24:28,814  INFO [main] - mil.dtic.selenium.RunTest.readExcel 167 - Executing performActions Method with the five arguments -url http://sampleapp.tricentis.com/101/app.php   
2021-01-24 10:24:28,815  INFO [main] - mil.dtic.selenium.KeywordFunctions.runTest 40 - keyword: url inputValue: http://sampleapp.tricentis.com/101/app.php webElementValue:  
2021-01-24 10:24:30,397  INFO [main] - mil.dtic.selenium.KeywordFunctions.runTest 333 - Url is opened sucessfully
2021-01-24 10:24:30,398  INFO [main] - mil.dtic.selenium.RunTest.readExcel 198 - TC6Y
2021-01-24 10:24:30,398  INFO [main] - mil.dtic.selenium.RunTest.readExcel 152 - testStepsSerialNumber:2
2021-01-24 10:24:30,399  INFO [main] - mil.dtic.selenium.RunTest.readExcel 153 - testStepsDescription:Dropdown select
2021-01-24 10:24:30,399  INFO [main] - mil.dtic.selenium.RunTest.readExcel 154 - webElement:xpath
2021-01-24 10:24:30,399  INFO [main] - mil.dtic.selenium.RunTest.readExcel 155 - webElementValue://*[@id="make"]
2021-01-24 10:24:30,400  INFO [main] - mil.dtic.selenium.RunTest.readExcel 156 - inputValue:BMW
2021-01-24 10:24:30,400  INFO [main] - mil.dtic.selenium.RunTest.readExcel 157 - testStepsKeyword:dropdown
2021-01-24 10:24:30,401  INFO [main] - mil.dtic.selenium.RunTest.readExcel 158 - testStepsComparisonType:
2021-01-24 10:24:30,402  INFO [main] - mil.dtic.selenium.RunTest.readExcel 159 - testStepsValueOne:
2021-01-24 10:24:30,402  INFO [main] - mil.dtic.selenium.RunTest.readExcel 160 - testStepsValueTwo:
2021-01-24 10:24:30,402  INFO [main] - mil.dtic.selenium.RunTest.readExcel 161 - testStepsFailMessage:
2021-01-24 10:24:30,403  INFO [main] - mil.dtic.selenium.RunTest.readExcel 162 - testCaseExecutionFlag:Y
2021-01-24 10:24:30,403  INFO [main] - mil.dtic.selenium.RunTest.readExcel 164 - Setting testCaseExecutionFlag:Y to testCaseNumber : TC6
2021-01-24 10:24:30,403  INFO [main] - mil.dtic.selenium.RunTest.readExcel 167 - Executing performActions Method with the five arguments -dropdown BMW //*[@id="make"]  
2021-01-24 10:24:30,404  INFO [main] - mil.dtic.selenium.KeywordFunctions.runTest 40 - keyword: dropdown inputValue: BMW webElementValue:  //*[@id="make"]
2021-01-24 10:24:30,407  INFO [main] - mil.dtic.selenium.KeywordFunctions.runDriver 411 - Web Element is an - > xpath
2021-01-24 10:24:30,562  INFO [main] - mil.dtic.selenium.KeywordFunctions.runTest 146 - xpath //*[@id="make"]
2021-01-24 10:24:30,563  INFO [main] - mil.dtic.selenium.KeywordFunctions.runTest 147 - BMW
2021-01-24 10:24:30,643  INFO [main] - mil.dtic.selenium.RunTest.readExcel 198 - TC6Y
2021-01-24 10:24:30,643  INFO [main] - mil.dtic.selenium.RunTest.readExcel 152 - testStepsSerialNumber:3
2021-01-24 10:24:30,644  INFO [main] - mil.dtic.selenium.RunTest.readExcel 153 - testStepsDescription:Enter Engine Performance
2021-01-24 10:24:30,644  INFO [main] - mil.dtic.selenium.RunTest.readExcel 154 - webElement:xpath
2021-01-24 10:24:30,644  INFO [main] - mil.dtic.selenium.RunTest.readExcel 155 - webElementValue://*[@id="engineperformance"]
2021-01-24 10:24:30,645  INFO [main] - mil.dtic.selenium.RunTest.readExcel 156 - inputValue:300000
2021-01-24 10:24:30,645  INFO [main] - mil.dtic.selenium.RunTest.readExcel 157 - testStepsKeyword:input
2021-01-24 10:24:30,645  INFO [main] - mil.dtic.selenium.RunTest.readExcel 158 - testStepsComparisonType:range
2021-01-24 10:24:30,645  INFO [main] - mil.dtic.selenium.RunTest.readExcel 159 - testStepsValueOne:1
2021-01-24 10:24:30,646  INFO [main] - mil.dtic.selenium.RunTest.readExcel 160 - testStepsValueTwo:3000
2021-01-24 10:24:30,646  INFO [main] - mil.dtic.selenium.RunTest.readExcel 161 - testStepsFailMessage:Exceeded maximum 
2021-01-24 10:24:30,647  INFO [main] - mil.dtic.selenium.RunTest.readExcel 162 - testCaseExecutionFlag:Y
2021-01-24 10:24:30,647  INFO [main] - mil.dtic.selenium.RunTest.readExcel 164 - Setting testCaseExecutionFlag:Y to testCaseNumber : TC6
2021-01-24 10:24:30,647  INFO [main] - mil.dtic.selenium.RunTest.readExcel 167 - Executing performActions Method with the five arguments -input 300000 //*[@id="engineperformance"] 1 3000
2021-01-24 10:24:30,647  INFO [main] - mil.dtic.selenium.KeywordFunctions.runTest 40 - keyword: input inputValue: 300000 webElementValue:  //*[@id="engineperformance"]
2021-01-24 10:24:30,648  INFO [main] - mil.dtic.selenium.KeywordFunctions.runTest 93 - In keyword: input inputValue: 300000 webElementValue:  //*[@id="engineperformance"] 1 3000
2021-01-24 10:24:30,648  INFO [main] - mil.dtic.selenium.KeywordFunctions.runDriver 411 - Web Element is an - > xpath
2021-01-24 10:24:30,719  INFO [main] - mil.dtic.selenium.KeywordFunctions.runDriver 411 - Web Element is an - > xpath
2021-01-24 10:24:30,884  INFO [main] - mil.dtic.selenium.KeywordFunctions.runTest 96 - valueOne : 1 valueTwo : 3000 failMessage : Exceeded maximum 
2021-01-24 10:24:30,893  INFO [main] - mil.dtic.selenium.KeywordFunctions.runTest 98 - failMessage is <Exceeded maximum >
2021-01-24 10:24:30,893  INFO [main] - mil.dtic.selenium.KeywordFunctions.runTest 100 - comparisonType is <range>
2021-01-24 10:24:30,893  INFO [main] - mil.dtic.selenium.KeywordFunctions.runTest 101 - Before : compareBoolean is <false>
2021-01-24 10:24:30,894  INFO [main] - mil.dtic.selenium.KeywordFunctions.compare 439 - Is input value : 300000 within range of 1 and 3000?
2021-01-24 10:24:30,894  INFO [main] - mil.dtic.selenium.KeywordFunctions.runTest 104 - After : compareBoolean is <false>
2021-01-24 10:24:30,894  INFO [main] - mil.dtic.selenium.KeywordFunctions.runTest 106 - Inside ...
2021-01-24 10:24:30,894  INFO [main] - mil.dtic.selenium.RunTest.readExcel 198 - TC6Y
2021-01-24 10:24:30,894  INFO [main] - mil.dtic.selenium.RunTest.readExcel 152 - testStepsSerialNumber:4
2021-01-24 10:24:30,895  INFO [main] - mil.dtic.selenium.RunTest.readExcel 153 - testStepsDescription:Enter Manufacturing Date
2021-01-24 10:24:30,895  INFO [main] - mil.dtic.selenium.RunTest.readExcel 154 - webElement:xpath
2021-01-24 10:24:30,895  INFO [main] - mil.dtic.selenium.RunTest.readExcel 155 - webElementValue://*[@id="dateofmanufacture"]
2021-01-24 10:24:30,895  INFO [main] - mil.dtic.selenium.RunTest.readExcel 156 - inputValue:10/12/2019
2021-01-24 10:24:30,896  INFO [main] - mil.dtic.selenium.RunTest.readExcel 157 - testStepsKeyword:input
2021-01-24 10:24:30,896  INFO [main] - mil.dtic.selenium.RunTest.readExcel 158 - testStepsComparisonType:
2021-01-24 10:24:30,896  INFO [main] - mil.dtic.selenium.RunTest.readExcel 159 - testStepsValueOne:
2021-01-24 10:24:30,896  INFO [main] - mil.dtic.selenium.RunTest.readExcel 160 - testStepsValueTwo:
2021-01-24 10:24:30,896  INFO [main] - mil.dtic.selenium.RunTest.readExcel 161 - testStepsFailMessage:
2021-01-24 10:24:30,897  INFO [main] - mil.dtic.selenium.RunTest.readExcel 162 - testCaseExecutionFlag:Y
2021-01-24 10:24:30,897  INFO [main] - mil.dtic.selenium.RunTest.readExcel 164 - Setting testCaseExecutionFlag:Y to testCaseNumber : TC6
2021-01-24 10:24:30,897  INFO [main] - mil.dtic.selenium.RunTest.readExcel 167 - Executing performActions Method with the five arguments -input 10/12/2019 //*[@id="dateofmanufacture"]  
2021-01-24 10:24:30,897  INFO [main] - mil.dtic.selenium.KeywordFunctions.runTest 40 - keyword: input inputValue: 10/12/2019 webElementValue:  //*[@id="dateofmanufacture"]
2021-01-24 10:24:30,897  INFO [main] - mil.dtic.selenium.KeywordFunctions.runTest 93 - In keyword: input inputValue: 10/12/2019 webElementValue:  //*[@id="dateofmanufacture"]  
2021-01-24 10:24:30,898  INFO [main] - mil.dtic.selenium.KeywordFunctions.runDriver 411 - Web Element is an - > xpath
2021-01-24 10:24:30,970  INFO [main] - mil.dtic.selenium.KeywordFunctions.runDriver 411 - Web Element is an - > xpath
2021-01-24 10:24:31,179  INFO [main] - mil.dtic.selenium.KeywordFunctions.runTest 96 - valueOne :  valueTwo :  failMessage : 
2021-01-24 10:24:31,179  INFO [main] - mil.dtic.selenium.KeywordFunctions.runTest 116 - Input is performed sucessfully
2021-01-24 10:24:31,179  INFO [main] - mil.dtic.selenium.RunTest.readExcel 198 - TC6Y
2021-01-24 10:24:31,179  INFO [main] - mil.dtic.selenium.RunTest.readExcel 152 - testStepsSerialNumber:5
2021-01-24 10:24:31,180  INFO [main] - mil.dtic.selenium.RunTest.readExcel 153 - testStepsDescription:Enter Cylinder
2021-01-24 10:24:31,180  INFO [main] - mil.dtic.selenium.RunTest.readExcel 154 - webElement:id
2021-01-24 10:24:31,180  INFO [main] - mil.dtic.selenium.RunTest.readExcel 155 - webElementValue:cylindercapacity
2021-01-24 10:24:31,180  INFO [main] - mil.dtic.selenium.RunTest.readExcel 156 - inputValue:6
2021-01-24 10:24:31,181  INFO [main] - mil.dtic.selenium.RunTest.readExcel 157 - testStepsKeyword:input
2021-01-24 10:24:31,181  INFO [main] - mil.dtic.selenium.RunTest.readExcel 158 - testStepsComparisonType:
2021-01-24 10:24:31,181  INFO [main] - mil.dtic.selenium.RunTest.readExcel 159 - testStepsValueOne:
2021-01-24 10:24:31,181  INFO [main] - mil.dtic.selenium.RunTest.readExcel 160 - testStepsValueTwo:
2021-01-24 10:24:31,182  INFO [main] - mil.dtic.selenium.RunTest.readExcel 161 - testStepsFailMessage:
2021-01-24 10:24:31,182  INFO [main] - mil.dtic.selenium.RunTest.readExcel 162 - testCaseExecutionFlag:Y
2021-01-24 10:24:31,182  INFO [main] - mil.dtic.selenium.RunTest.readExcel 164 - Setting testCaseExecutionFlag:Y to testCaseNumber : TC6
2021-01-24 10:24:31,182  INFO [main] - mil.dtic.selenium.RunTest.readExcel 167 - Executing performActions Method with the five arguments -input 6 cylindercapacity  
2021-01-24 10:24:31,182  INFO [main] - mil.dtic.selenium.KeywordFunctions.runTest 40 - keyword: input inputValue: 6 webElementValue:  cylindercapacity
2021-01-24 10:24:31,182  INFO [main] - mil.dtic.selenium.KeywordFunctions.runTest 93 - In keyword: input inputValue: 6 webElementValue:  cylindercapacity  
2021-01-24 10:24:31,183  INFO [main] - mil.dtic.selenium.KeywordFunctions.runDriver 408 - Web Element is an - > id
2021-01-24 10:24:31,274  INFO [main] - mil.dtic.selenium.KeywordFunctions.runDriver 408 - Web Element is an - > id
2021-01-24 10:24:31,394  INFO [main] - mil.dtic.selenium.KeywordFunctions.runTest 96 - valueOne :  valueTwo :  failMessage : 
2021-01-24 10:24:31,394  INFO [main] - mil.dtic.selenium.KeywordFunctions.runTest 116 - Input is performed sucessfully
2021-01-24 10:24:31,394  INFO [main] - mil.dtic.selenium.RunTest.readExcel 198 - TC6Y
2021-01-24 10:24:31,394  INFO [main] - mil.dtic.selenium.RunTest.readExcel 152 - testStepsSerialNumber:6
2021-01-24 10:24:31,395  INFO [main] - mil.dtic.selenium.RunTest.readExcel 153 - testStepsDescription:Number of Seat
2021-01-24 10:24:31,395  INFO [main] - mil.dtic.selenium.RunTest.readExcel 154 - webElement:xpath
2021-01-24 10:24:31,395  INFO [main] - mil.dtic.selenium.RunTest.readExcel 155 - webElementValue://*[@id="numberofseats"]
2021-01-24 10:24:31,395  INFO [main] - mil.dtic.selenium.RunTest.readExcel 156 - inputValue:5
2021-01-24 10:24:31,396  INFO [main] - mil.dtic.selenium.RunTest.readExcel 157 - testStepsKeyword:dropdown
2021-01-24 10:24:31,396  INFO [main] - mil.dtic.selenium.RunTest.readExcel 158 - testStepsComparisonType:
2021-01-24 10:24:31,396  INFO [main] - mil.dtic.selenium.RunTest.readExcel 159 - testStepsValueOne:
2021-01-24 10:24:31,397  INFO [main] - mil.dtic.selenium.RunTest.readExcel 160 - testStepsValueTwo:
2021-01-24 10:24:31,397  INFO [main] - mil.dtic.selenium.RunTest.readExcel 161 - testStepsFailMessage:
2021-01-24 10:24:31,397  INFO [main] - mil.dtic.selenium.RunTest.readExcel 162 - testCaseExecutionFlag:Y
2021-01-24 10:24:31,397  INFO [main] - mil.dtic.selenium.RunTest.readExcel 164 - Setting testCaseExecutionFlag:Y to testCaseNumber : TC6
2021-01-24 10:24:31,397  INFO [main] - mil.dtic.selenium.RunTest.readExcel 167 - Executing performActions Method with the five arguments -dropdown 5 //*[@id="numberofseats"]  
2021-01-24 10:24:31,398  INFO [main] - mil.dtic.selenium.KeywordFunctions.runTest 40 - keyword: dropdown inputValue: 5 webElementValue:  //*[@id="numberofseats"]
2021-01-24 10:24:31,399  INFO [main] - mil.dtic.selenium.KeywordFunctions.runDriver 411 - Web Element is an - > xpath
2021-01-24 10:24:31,462  INFO [main] - mil.dtic.selenium.KeywordFunctions.runTest 146 - xpath //*[@id="numberofseats"]
2021-01-24 10:24:31,463  INFO [main] - mil.dtic.selenium.KeywordFunctions.runTest 147 - 5
2021-01-24 10:24:31,542  INFO [main] - mil.dtic.selenium.RunTest.readExcel 198 - TC6Y
2021-01-24 10:24:31,543  INFO [main] - mil.dtic.selenium.RunTest.readExcel 152 - testStepsSerialNumber:7
2021-01-24 10:24:31,543  INFO [main] - mil.dtic.selenium.RunTest.readExcel 153 - testStepsDescription:Right Hand Drive
2021-01-24 10:24:31,543  INFO [main] - mil.dtic.selenium.RunTest.readExcel 154 - webElement:xpath
2021-01-24 10:24:31,544  INFO [main] - mil.dtic.selenium.RunTest.readExcel 155 - webElementValue://*[@id="insurance-form"]/div/section[1]/div[7]/p/label[2]/span
2021-01-24 10:24:31,544  INFO [main] - mil.dtic.selenium.RunTest.readExcel 156 - inputValue:No
2021-01-24 10:24:31,544  INFO [main] - mil.dtic.selenium.RunTest.readExcel 157 - testStepsKeyword:radio
2021-01-24 10:24:31,544  INFO [main] - mil.dtic.selenium.RunTest.readExcel 158 - testStepsComparisonType:
2021-01-24 10:24:31,544  INFO [main] - mil.dtic.selenium.RunTest.readExcel 159 - testStepsValueOne:
2021-01-24 10:24:31,544  INFO [main] - mil.dtic.selenium.RunTest.readExcel 160 - testStepsValueTwo:
2021-01-24 10:24:31,545  INFO [main] - mil.dtic.selenium.RunTest.readExcel 161 - testStepsFailMessage:
2021-01-24 10:24:31,545  INFO [main] - mil.dtic.selenium.RunTest.readExcel 162 - testCaseExecutionFlag:Y
2021-01-24 10:24:31,545  INFO [main] - mil.dtic.selenium.RunTest.readExcel 164 - Setting testCaseExecutionFlag:Y to testCaseNumber : TC6
2021-01-24 10:24:31,545  INFO [main] - mil.dtic.selenium.RunTest.readExcel 167 - Executing performActions Method with the five arguments -radio No //*[@id="insurance-form"]/div/section[1]/div[7]/p/label[2]/span  
2021-01-24 10:24:31,546  INFO [main] - mil.dtic.selenium.KeywordFunctions.runTest 40 - keyword: radio inputValue: No webElementValue:  //*[@id="insurance-form"]/div/section[1]/div[7]/p/label[2]/span
2021-01-24 10:24:31,565  INFO [main] - mil.dtic.selenium.KeywordFunctions.runDriver 411 - Web Element is an - > xpath
2021-01-24 10:24:31,657  INFO [main] - mil.dtic.selenium.KeywordFunctions.runTest 272 - Is Exp radio button displayed: true
2021-01-24 10:24:31,665  INFO [main] - mil.dtic.selenium.KeywordFunctions.runTest 276 - Is Exp radio button enabled: true
2021-01-24 10:24:31,675  INFO [main] - mil.dtic.selenium.KeywordFunctions.runTest 281 - Default Radio button selection Status: false
2021-01-24 10:24:31,831  INFO [main] - mil.dtic.selenium.KeywordFunctions.runTest 291 - Experience radio Selection status after perform click() event: false
2021-01-24 10:24:31,831  INFO [main] - mil.dtic.selenium.RunTest.readExcel 198 - TC6Y
2021-01-24 10:24:31,832  INFO [main] - mil.dtic.selenium.RunTest.readExcel 152 - testStepsSerialNumber:8
2021-01-24 10:24:31,832  INFO [main] - mil.dtic.selenium.RunTest.readExcel 153 - testStepsDescription:Number of Seat
2021-01-24 10:24:31,832  INFO [main] - mil.dtic.selenium.RunTest.readExcel 154 - webElement:xpath
2021-01-24 10:24:31,832  INFO [main] - mil.dtic.selenium.RunTest.readExcel 155 - webElementValue://*[@id="numberofseatsmotorcycle"]
2021-01-24 10:24:31,833  INFO [main] - mil.dtic.selenium.RunTest.readExcel 156 - inputValue:2
2021-01-24 10:24:31,833  INFO [main] - mil.dtic.selenium.RunTest.readExcel 157 - testStepsKeyword:dropdown
2021-01-24 10:24:31,833  INFO [main] - mil.dtic.selenium.RunTest.readExcel 158 - testStepsComparisonType:
2021-01-24 10:24:31,833  INFO [main] - mil.dtic.selenium.RunTest.readExcel 159 - testStepsValueOne:
2021-01-24 10:24:31,833  INFO [main] - mil.dtic.selenium.RunTest.readExcel 160 - testStepsValueTwo:
2021-01-24 10:24:31,834  INFO [main] - mil.dtic.selenium.RunTest.readExcel 161 - testStepsFailMessage:
2021-01-24 10:24:31,834  INFO [main] - mil.dtic.selenium.RunTest.readExcel 162 - testCaseExecutionFlag:Y
2021-01-24 10:24:31,834  INFO [main] - mil.dtic.selenium.RunTest.readExcel 164 - Setting testCaseExecutionFlag:Y to testCaseNumber : TC6
2021-01-24 10:24:31,834  INFO [main] - mil.dtic.selenium.RunTest.readExcel 167 - Executing performActions Method with the five arguments -dropdown 2 //*[@id="numberofseatsmotorcycle"]  
2021-01-24 10:24:31,835  INFO [main] - mil.dtic.selenium.KeywordFunctions.runTest 40 - keyword: dropdown inputValue: 2 webElementValue:  //*[@id="numberofseatsmotorcycle"]
2021-01-24 10:24:31,835  INFO [main] - mil.dtic.selenium.KeywordFunctions.runDriver 411 - Web Element is an - > xpath
2021-01-24 10:24:31,907  INFO [main] - mil.dtic.selenium.KeywordFunctions.runTest 146 - xpath //*[@id="numberofseatsmotorcycle"]
2021-01-24 10:24:31,908  INFO [main] - mil.dtic.selenium.KeywordFunctions.runTest 147 - 2
2021-01-24 10:24:31,987  INFO [main] - mil.dtic.selenium.RunTest.readExcel 198 - TC6Y
2021-01-24 10:24:31,988  INFO [main] - mil.dtic.selenium.RunTest.readExcel 152 - testStepsSerialNumber:9
2021-01-24 10:24:31,988  INFO [main] - mil.dtic.selenium.RunTest.readExcel 153 - testStepsDescription:Fuel Type
2021-01-24 10:24:31,989  INFO [main] - mil.dtic.selenium.RunTest.readExcel 154 - webElement:xpath
2021-01-24 10:24:31,989  INFO [main] - mil.dtic.selenium.RunTest.readExcel 155 - webElementValue://*[@id="fuel"]
2021-01-24 10:24:31,989  INFO [main] - mil.dtic.selenium.RunTest.readExcel 156 - inputValue:Petrol
2021-01-24 10:24:31,989  INFO [main] - mil.dtic.selenium.RunTest.readExcel 157 - testStepsKeyword:dropdown
2021-01-24 10:24:31,990  INFO [main] - mil.dtic.selenium.RunTest.readExcel 158 - testStepsComparisonType:
2021-01-24 10:24:31,990  INFO [main] - mil.dtic.selenium.RunTest.readExcel 159 - testStepsValueOne:
2021-01-24 10:24:31,990  INFO [main] - mil.dtic.selenium.RunTest.readExcel 160 - testStepsValueTwo:
2021-01-24 10:24:31,990  INFO [main] - mil.dtic.selenium.RunTest.readExcel 161 - testStepsFailMessage:
2021-01-24 10:24:31,990  INFO [main] - mil.dtic.selenium.RunTest.readExcel 162 - testCaseExecutionFlag:Y
2021-01-24 10:24:31,990  INFO [main] - mil.dtic.selenium.RunTest.readExcel 164 - Setting testCaseExecutionFlag:Y to testCaseNumber : TC6
2021-01-24 10:24:31,991  INFO [main] - mil.dtic.selenium.RunTest.readExcel 167 - Executing performActions Method with the five arguments -dropdown Petrol //*[@id="fuel"]  
2021-01-24 10:24:31,991  INFO [main] - mil.dtic.selenium.KeywordFunctions.runTest 40 - keyword: dropdown inputValue: Petrol webElementValue:  //*[@id="fuel"]
2021-01-24 10:24:31,991  INFO [main] - mil.dtic.selenium.KeywordFunctions.runDriver 411 - Web Element is an - > xpath
2021-01-24 10:24:32,042  INFO [main] - mil.dtic.selenium.KeywordFunctions.runTest 146 - xpath //*[@id="fuel"]
2021-01-24 10:24:32,043  INFO [main] - mil.dtic.selenium.KeywordFunctions.runTest 147 - Petrol
2021-01-24 10:24:32,129  INFO [main] - mil.dtic.selenium.RunTest.readExcel 198 - TC6Y
2021-01-24 10:24:32,130  INFO [main] - mil.dtic.selenium.RunTest.readExcel 152 - testStepsSerialNumber:10
2021-01-24 10:24:32,130  INFO [main] - mil.dtic.selenium.RunTest.readExcel 153 - testStepsDescription:PayLoad[kg]
2021-01-24 10:24:32,130  INFO [main] - mil.dtic.selenium.RunTest.readExcel 154 - webElement:xpath
2021-01-24 10:24:32,130  INFO [main] - mil.dtic.selenium.RunTest.readExcel 155 - webElementValue://*[@id="payload"]
2021-01-24 10:24:32,131  INFO [main] - mil.dtic.selenium.RunTest.readExcel 156 - inputValue:1000
2021-01-24 10:24:32,131  INFO [main] - mil.dtic.selenium.RunTest.readExcel 157 - testStepsKeyword:input
2021-01-24 10:24:32,131  INFO [main] - mil.dtic.selenium.RunTest.readExcel 158 - testStepsComparisonType:range
2021-01-24 10:24:32,131  INFO [main] - mil.dtic.selenium.RunTest.readExcel 159 - testStepsValueOne:1
2021-01-24 10:24:32,131  INFO [main] - mil.dtic.selenium.RunTest.readExcel 160 - testStepsValueTwo:1000
2021-01-24 10:24:32,131  INFO [main] - mil.dtic.selenium.RunTest.readExcel 161 - testStepsFailMessage:
2021-01-24 10:24:32,132  INFO [main] - mil.dtic.selenium.RunTest.readExcel 162 - testCaseExecutionFlag:Y
2021-01-24 10:24:32,132  INFO [main] - mil.dtic.selenium.RunTest.readExcel 164 - Setting testCaseExecutionFlag:Y to testCaseNumber : TC6
2021-01-24 10:24:32,132  INFO [main] - mil.dtic.selenium.RunTest.readExcel 167 - Executing performActions Method with the five arguments -input 1000 //*[@id="payload"] 1 1000
2021-01-24 10:24:32,132  INFO [main] - mil.dtic.selenium.KeywordFunctions.runTest 40 - keyword: input inputValue: 1000 webElementValue:  //*[@id="payload"]
2021-01-24 10:24:32,132  INFO [main] - mil.dtic.selenium.KeywordFunctions.runTest 93 - In keyword: input inputValue: 1000 webElementValue:  //*[@id="payload"] 1 1000
2021-01-24 10:24:32,133  INFO [main] - mil.dtic.selenium.KeywordFunctions.runDriver 411 - Web Element is an - > xpath
2021-01-24 10:24:32,217  INFO [main] - mil.dtic.selenium.KeywordFunctions.runDriver 411 - Web Element is an - > xpath
2021-01-24 10:24:32,322  INFO [main] - mil.dtic.selenium.KeywordFunctions.runTest 96 - valueOne : 1 valueTwo : 1000 failMessage : 
2021-01-24 10:24:32,323  INFO [main] - mil.dtic.selenium.KeywordFunctions.runTest 116 - Input is performed sucessfully
2021-01-24 10:24:32,323  INFO [main] - mil.dtic.selenium.RunTest.readExcel 198 - TC6Y
2021-01-24 10:24:32,323  INFO [main] - mil.dtic.selenium.RunTest.readExcel 152 - testStepsSerialNumber:11
2021-01-24 10:24:32,324  INFO [main] - mil.dtic.selenium.RunTest.readExcel 153 - testStepsDescription:Total Weight[kg]
2021-01-24 10:24:32,324  INFO [main] - mil.dtic.selenium.RunTest.readExcel 154 - webElement:xpath
2021-01-24 10:24:32,324  INFO [main] - mil.dtic.selenium.RunTest.readExcel 155 - webElementValue://*[@id="totalweight"]
2021-01-24 10:24:32,324  INFO [main] - mil.dtic.selenium.RunTest.readExcel 156 - inputValue:3000
2021-01-24 10:24:32,324  INFO [main] - mil.dtic.selenium.RunTest.readExcel 157 - testStepsKeyword:input
2021-01-24 10:24:32,325  INFO [main] - mil.dtic.selenium.RunTest.readExcel 158 - testStepsComparisonType:
2021-01-24 10:24:32,325  INFO [main] - mil.dtic.selenium.RunTest.readExcel 159 - testStepsValueOne:
2021-01-24 10:24:32,325  INFO [main] - mil.dtic.selenium.RunTest.readExcel 160 - testStepsValueTwo:
2021-01-24 10:24:32,325  INFO [main] - mil.dtic.selenium.RunTest.readExcel 161 - testStepsFailMessage:
2021-01-24 10:24:32,325  INFO [main] - mil.dtic.selenium.RunTest.readExcel 162 - testCaseExecutionFlag:Y
2021-01-24 10:24:32,325  INFO [main] - mil.dtic.selenium.RunTest.readExcel 164 - Setting testCaseExecutionFlag:Y to testCaseNumber : TC6
2021-01-24 10:24:32,326  INFO [main] - mil.dtic.selenium.RunTest.readExcel 167 - Executing performActions Method with the five arguments -input 3000 //*[@id="totalweight"]  
2021-01-24 10:24:32,326  INFO [main] - mil.dtic.selenium.KeywordFunctions.runTest 40 - keyword: input inputValue: 3000 webElementValue:  //*[@id="totalweight"]
2021-01-24 10:24:32,326  INFO [main] - mil.dtic.selenium.KeywordFunctions.runTest 93 - In keyword: input inputValue: 3000 webElementValue:  //*[@id="totalweight"]  
2021-01-24 10:24:32,326  INFO [main] - mil.dtic.selenium.KeywordFunctions.runDriver 411 - Web Element is an - > xpath
2021-01-24 10:24:32,391  INFO [main] - mil.dtic.selenium.KeywordFunctions.runDriver 411 - Web Element is an - > xpath
2021-01-24 10:24:32,524  INFO [main] - mil.dtic.selenium.KeywordFunctions.runTest 96 - valueOne :  valueTwo :  failMessage : 
2021-01-24 10:24:32,524  INFO [main] - mil.dtic.selenium.KeywordFunctions.runTest 116 - Input is performed sucessfully
2021-01-24 10:24:32,524  INFO [main] - mil.dtic.selenium.RunTest.readExcel 198 - TC6Y
2021-01-24 10:24:32,525  INFO [main] - mil.dtic.selenium.RunTest.readExcel 152 - testStepsSerialNumber:12
2021-01-24 10:24:32,525  INFO [main] - mil.dtic.selenium.RunTest.readExcel 153 - testStepsDescription:List Price 
2021-01-24 10:24:32,525  INFO [main] - mil.dtic.selenium.RunTest.readExcel 154 - webElement:xpath
2021-01-24 10:24:32,525  INFO [main] - mil.dtic.selenium.RunTest.readExcel 155 - webElementValue://*[@id="listprice"]
2021-01-24 10:24:32,526  INFO [main] - mil.dtic.selenium.RunTest.readExcel 156 - inputValue:45000
2021-01-24 10:24:32,526  INFO [main] - mil.dtic.selenium.RunTest.readExcel 157 - testStepsKeyword:input
2021-01-24 10:24:32,526  INFO [main] - mil.dtic.selenium.RunTest.readExcel 158 - testStepsComparisonType:
2021-01-24 10:24:32,526  INFO [main] - mil.dtic.selenium.RunTest.readExcel 159 - testStepsValueOne:
2021-01-24 10:24:32,526  INFO [main] - mil.dtic.selenium.RunTest.readExcel 160 - testStepsValueTwo:
2021-01-24 10:24:32,527  INFO [main] - mil.dtic.selenium.RunTest.readExcel 161 - testStepsFailMessage:
2021-01-24 10:24:32,527  INFO [main] - mil.dtic.selenium.RunTest.readExcel 162 - testCaseExecutionFlag:Y
2021-01-24 10:24:32,527  INFO [main] - mil.dtic.selenium.RunTest.readExcel 164 - Setting testCaseExecutionFlag:Y to testCaseNumber : TC6
2021-01-24 10:24:32,527  INFO [main] - mil.dtic.selenium.RunTest.readExcel 167 - Executing performActions Method with the five arguments -input 45000 //*[@id="listprice"]  
2021-01-24 10:24:32,527  INFO [main] - mil.dtic.selenium.KeywordFunctions.runTest 40 - keyword: input inputValue: 45000 webElementValue:  //*[@id="listprice"]
2021-01-24 10:24:32,528  INFO [main] - mil.dtic.selenium.KeywordFunctions.runTest 93 - In keyword: input inputValue: 45000 webElementValue:  //*[@id="listprice"]  
2021-01-24 10:24:32,528  INFO [main] - mil.dtic.selenium.KeywordFunctions.runDriver 411 - Web Element is an - > xpath
2021-01-24 10:24:32,597  INFO [main] - mil.dtic.selenium.KeywordFunctions.runDriver 411 - Web Element is an - > xpath
2021-01-24 10:24:32,740  INFO [main] - mil.dtic.selenium.KeywordFunctions.runTest 96 - valueOne :  valueTwo :  failMessage : 
2021-01-24 10:24:32,740  INFO [main] - mil.dtic.selenium.KeywordFunctions.runTest 116 - Input is performed sucessfully
2021-01-24 10:24:32,741  INFO [main] - mil.dtic.selenium.RunTest.readExcel 198 - TC6Y
2021-01-24 10:24:32,741  INFO [main] - mil.dtic.selenium.RunTest.readExcel 152 - testStepsSerialNumber:13
2021-01-24 10:24:32,741  INFO [main] - mil.dtic.selenium.RunTest.readExcel 153 - testStepsDescription:License Plate Number 
2021-01-24 10:24:32,742  INFO [main] - mil.dtic.selenium.RunTest.readExcel 154 - webElement:xpath
2021-01-24 10:24:32,742  INFO [main] - mil.dtic.selenium.RunTest.readExcel 155 - webElementValue://*[@id="licenseplatenumber"]
2021-01-24 10:24:32,742  INFO [main] - mil.dtic.selenium.RunTest.readExcel 156 - inputValue:KBG6426
2021-01-24 10:24:32,742  INFO [main] - mil.dtic.selenium.RunTest.readExcel 157 - testStepsKeyword:input
2021-01-24 10:24:32,743  INFO [main] - mil.dtic.selenium.RunTest.readExcel 158 - testStepsComparisonType:
2021-01-24 10:24:32,743  INFO [main] - mil.dtic.selenium.RunTest.readExcel 159 - testStepsValueOne:
2021-01-24 10:24:32,743  INFO [main] - mil.dtic.selenium.RunTest.readExcel 160 - testStepsValueTwo:
2021-01-24 10:24:32,743  INFO [main] - mil.dtic.selenium.RunTest.readExcel 161 - testStepsFailMessage:
2021-01-24 10:24:32,743  INFO [main] - mil.dtic.selenium.RunTest.readExcel 162 - testCaseExecutionFlag:Y
2021-01-24 10:24:32,743  INFO [main] - mil.dtic.selenium.RunTest.readExcel 164 - Setting testCaseExecutionFlag:Y to testCaseNumber : TC6
2021-01-24 10:24:32,744  INFO [main] - mil.dtic.selenium.RunTest.readExcel 167 - Executing performActions Method with the five arguments -input KBG6426 //*[@id="licenseplatenumber"]  
2021-01-24 10:24:32,744  INFO [main] - mil.dtic.selenium.KeywordFunctions.runTest 40 - keyword: input inputValue: KBG6426 webElementValue:  //*[@id="licenseplatenumber"]
2021-01-24 10:24:32,744  INFO [main] - mil.dtic.selenium.KeywordFunctions.runTest 93 - In keyword: input inputValue: KBG6426 webElementValue:  //*[@id="licenseplatenumber"]  
2021-01-24 10:24:32,744  INFO [main] - mil.dtic.selenium.KeywordFunctions.runDriver 411 - Web Element is an - > xpath
2021-01-24 10:24:32,818  INFO [main] - mil.dtic.selenium.KeywordFunctions.runDriver 411 - Web Element is an - > xpath
2021-01-24 10:24:32,940  INFO [main] - mil.dtic.selenium.KeywordFunctions.runTest 96 - valueOne :  valueTwo :  failMessage : 
2021-01-24 10:24:32,940  INFO [main] - mil.dtic.selenium.KeywordFunctions.runTest 116 - Input is performed sucessfully
2021-01-24 10:24:32,941  INFO [main] - mil.dtic.selenium.RunTest.readExcel 198 - TC6Y
2021-01-24 10:24:32,941  INFO [main] - mil.dtic.selenium.RunTest.readExcel 152 - testStepsSerialNumber:14
2021-01-24 10:24:32,941  INFO [main] - mil.dtic.selenium.RunTest.readExcel 153 - testStepsDescription:Annual Mileage 
2021-01-24 10:24:32,941  INFO [main] - mil.dtic.selenium.RunTest.readExcel 154 - webElement:xpath
2021-01-24 10:24:32,941  INFO [main] - mil.dtic.selenium.RunTest.readExcel 155 - webElementValue://*[@id="annualmileage"]
2021-01-24 10:24:32,942  INFO [main] - mil.dtic.selenium.RunTest.readExcel 156 - inputValue:10000
2021-01-24 10:24:32,942  INFO [main] - mil.dtic.selenium.RunTest.readExcel 157 - testStepsKeyword:input
2021-01-24 10:24:32,942  INFO [main] - mil.dtic.selenium.RunTest.readExcel 158 - testStepsComparisonType:
2021-01-24 10:24:32,942  INFO [main] - mil.dtic.selenium.RunTest.readExcel 159 - testStepsValueOne:
2021-01-24 10:24:32,942  INFO [main] - mil.dtic.selenium.RunTest.readExcel 160 - testStepsValueTwo:
2021-01-24 10:24:32,942  INFO [main] - mil.dtic.selenium.RunTest.readExcel 161 - testStepsFailMessage:
2021-01-24 10:24:32,942  INFO [main] - mil.dtic.selenium.RunTest.readExcel 162 - testCaseExecutionFlag:Y
2021-01-24 10:24:32,943  INFO [main] - mil.dtic.selenium.RunTest.readExcel 164 - Setting testCaseExecutionFlag:Y to testCaseNumber : TC6
2021-01-24 10:24:32,943  INFO [main] - mil.dtic.selenium.RunTest.readExcel 167 - Executing performActions Method with the five arguments -input 10000 //*[@id="annualmileage"]  
2021-01-24 10:24:32,943  INFO [main] - mil.dtic.selenium.KeywordFunctions.runTest 40 - keyword: input inputValue: 10000 webElementValue:  //*[@id="annualmileage"]
2021-01-24 10:24:32,943  INFO [main] - mil.dtic.selenium.KeywordFunctions.runTest 93 - In keyword: input inputValue: 10000 webElementValue:  //*[@id="annualmileage"]  
2021-01-24 10:24:32,943  INFO [main] - mil.dtic.selenium.KeywordFunctions.runDriver 411 - Web Element is an - > xpath
2021-01-24 10:24:33,039  INFO [main] - mil.dtic.selenium.KeywordFunctions.runDriver 411 - Web Element is an - > xpath
2021-01-24 10:24:33,161  INFO [main] - mil.dtic.selenium.KeywordFunctions.runTest 96 - valueOne :  valueTwo :  failMessage : 
2021-01-24 10:24:33,161  INFO [main] - mil.dtic.selenium.KeywordFunctions.runTest 116 - Input is performed sucessfully
2021-01-24 10:24:33,161  INFO [main] - mil.dtic.selenium.RunTest.readExcel 198 - TC6Y
2021-01-24 10:24:33,161  INFO [main] - mil.dtic.selenium.RunTest.readExcel 152 - testStepsSerialNumber:16
2021-01-24 10:24:33,161  INFO [main] - mil.dtic.selenium.RunTest.readExcel 153 - testStepsDescription:Click on Next Button
2021-01-24 10:24:33,162  INFO [main] - mil.dtic.selenium.RunTest.readExcel 154 - webElement:xpath
2021-01-24 10:24:33,162  INFO [main] - mil.dtic.selenium.RunTest.readExcel 155 - webElementValue://*[@id="nextenterinsurantdata"]
2021-01-24 10:24:33,162  INFO [main] - mil.dtic.selenium.RunTest.readExcel 156 - inputValue:
2021-01-24 10:24:33,162  INFO [main] - mil.dtic.selenium.RunTest.readExcel 157 - testStepsKeyword:click
2021-01-24 10:24:33,162  INFO [main] - mil.dtic.selenium.RunTest.readExcel 158 - testStepsComparisonType:
2021-01-24 10:24:33,162  INFO [main] - mil.dtic.selenium.RunTest.readExcel 159 - testStepsValueOne:
2021-01-24 10:24:33,163  INFO [main] - mil.dtic.selenium.RunTest.readExcel 160 - testStepsValueTwo:
2021-01-24 10:24:33,163  INFO [main] - mil.dtic.selenium.RunTest.readExcel 161 - testStepsFailMessage:
2021-01-24 10:24:33,163  INFO [main] - mil.dtic.selenium.RunTest.readExcel 162 - testCaseExecutionFlag:Y
2021-01-24 10:24:33,163  INFO [main] - mil.dtic.selenium.RunTest.readExcel 164 - Setting testCaseExecutionFlag:Y to testCaseNumber : TC6
2021-01-24 10:24:33,163  INFO [main] - mil.dtic.selenium.RunTest.readExcel 167 - Executing performActions Method with the five arguments -click  //*[@id="nextenterinsurantdata"]  
2021-01-24 10:24:33,164  INFO [main] - mil.dtic.selenium.KeywordFunctions.runTest 40 - keyword: click inputValue:  webElementValue:  //*[@id="nextenterinsurantdata"]
2021-01-24 10:24:33,164  INFO [main] - mil.dtic.selenium.KeywordFunctions.runTest 46 - In keyword: click inputValue:  webElementValue:  //*[@id="nextenterinsurantdata"]
2021-01-24 10:24:33,164  INFO [main] - mil.dtic.selenium.KeywordFunctions.runDriver 411 - Web Element is an - > xpath
2021-01-24 10:24:33,342  INFO [main] - mil.dtic.selenium.KeywordFunctions.runTest 48 - Click is performed sucessfully
2021-01-24 10:24:33,342  INFO [main] - mil.dtic.selenium.RunTest.readExcel 198 - TC6Y
2021-01-24 10:24:33,342  INFO [main] - mil.dtic.selenium.RunTest.readExcel 152 - testStepsSerialNumber:17
2021-01-24 10:24:33,342  INFO [main] - mil.dtic.selenium.RunTest.readExcel 153 - testStepsDescription:First Name
2021-01-24 10:24:33,343  INFO [main] - mil.dtic.selenium.RunTest.readExcel 154 - webElement:xpath
2021-01-24 10:24:33,343  INFO [main] - mil.dtic.selenium.RunTest.readExcel 155 - webElementValue://*[@id="firstname"]
2021-01-24 10:24:33,343  INFO [main] - mil.dtic.selenium.RunTest.readExcel 156 - inputValue:Afroz
2021-01-24 10:24:33,343  INFO [main] - mil.dtic.selenium.RunTest.readExcel 157 - testStepsKeyword:input
2021-01-24 10:24:33,343  INFO [main] - mil.dtic.selenium.RunTest.readExcel 158 - testStepsComparisonType:
2021-01-24 10:24:33,343  INFO [main] - mil.dtic.selenium.RunTest.readExcel 159 - testStepsValueOne:
2021-01-24 10:24:33,344  INFO [main] - mil.dtic.selenium.RunTest.readExcel 160 - testStepsValueTwo:
2021-01-24 10:24:33,344  INFO [main] - mil.dtic.selenium.RunTest.readExcel 161 - testStepsFailMessage:
2021-01-24 10:24:33,344  INFO [main] - mil.dtic.selenium.RunTest.readExcel 162 - testCaseExecutionFlag:Y
2021-01-24 10:24:33,344  INFO [main] - mil.dtic.selenium.RunTest.readExcel 164 - Setting testCaseExecutionFlag:Y to testCaseNumber : TC6
2021-01-24 10:24:33,344  INFO [main] - mil.dtic.selenium.RunTest.readExcel 167 - Executing performActions Method with the five arguments -input Afroz //*[@id="firstname"]  
2021-01-24 10:24:33,344  INFO [main] - mil.dtic.selenium.KeywordFunctions.runTest 40 - keyword: input inputValue: Afroz webElementValue:  //*[@id="firstname"]
2021-01-24 10:24:33,345  INFO [main] - mil.dtic.selenium.KeywordFunctions.runTest 93 - In keyword: input inputValue: Afroz webElementValue:  //*[@id="firstname"]  
2021-01-24 10:24:33,345  INFO [main] - mil.dtic.selenium.KeywordFunctions.runDriver 411 - Web Element is an - > xpath
2021-01-24 10:24:33,439  INFO [main] - mil.dtic.selenium.KeywordFunctions.runDriver 411 - Web Element is an - > xpath
2021-01-24 10:24:33,597  INFO [main] - mil.dtic.selenium.KeywordFunctions.runTest 96 - valueOne :  valueTwo :  failMessage : 
2021-01-24 10:24:33,598  INFO [main] - mil.dtic.selenium.KeywordFunctions.runTest 116 - Input is performed sucessfully
2021-01-24 10:24:33,598  INFO [main] - mil.dtic.selenium.RunTest.readExcel 198 - TC6Y
2021-01-24 10:24:33,598  INFO [main] - mil.dtic.selenium.RunTest.readExcel 152 - testStepsSerialNumber:18
2021-01-24 10:24:33,598  INFO [main] - mil.dtic.selenium.RunTest.readExcel 153 - testStepsDescription:Last Name
2021-01-24 10:24:33,599  INFO [main] - mil.dtic.selenium.RunTest.readExcel 154 - webElement:xpath
2021-01-24 10:24:33,599  INFO [main] - mil.dtic.selenium.RunTest.readExcel 155 - webElementValue://*[@id="lastname"]
2021-01-24 10:24:33,599  INFO [main] - mil.dtic.selenium.RunTest.readExcel 156 - inputValue:Churchyard
2021-01-24 10:24:33,599  INFO [main] - mil.dtic.selenium.RunTest.readExcel 157 - testStepsKeyword:input
2021-01-24 10:24:33,599  INFO [main] - mil.dtic.selenium.RunTest.readExcel 158 - testStepsComparisonType:
2021-01-24 10:24:33,599  INFO [main] - mil.dtic.selenium.RunTest.readExcel 159 - testStepsValueOne:
2021-01-24 10:24:33,600  INFO [main] - mil.dtic.selenium.RunTest.readExcel 160 - testStepsValueTwo:
2021-01-24 10:24:33,600  INFO [main] - mil.dtic.selenium.RunTest.readExcel 161 - testStepsFailMessage:
2021-01-24 10:24:33,600  INFO [main] - mil.dtic.selenium.RunTest.readExcel 162 - testCaseExecutionFlag:Y
2021-01-24 10:24:33,600  INFO [main] - mil.dtic.selenium.RunTest.readExcel 164 - Setting testCaseExecutionFlag:Y to testCaseNumber : TC6
2021-01-24 10:24:33,600  INFO [main] - mil.dtic.selenium.RunTest.readExcel 167 - Executing performActions Method with the five arguments -input Churchyard //*[@id="lastname"]  
2021-01-24 10:24:33,600  INFO [main] - mil.dtic.selenium.KeywordFunctions.runTest 40 - keyword: input inputValue: Churchyard webElementValue:  //*[@id="lastname"]
2021-01-24 10:24:33,600  INFO [main] - mil.dtic.selenium.KeywordFunctions.runTest 93 - In keyword: input inputValue: Churchyard webElementValue:  //*[@id="lastname"]  
2021-01-24 10:24:33,601  INFO [main] - mil.dtic.selenium.KeywordFunctions.runDriver 411 - Web Element is an - > xpath
2021-01-24 10:24:33,747  INFO [main] - mil.dtic.selenium.KeywordFunctions.runDriver 411 - Web Element is an - > xpath
2021-01-24 10:24:33,968  INFO [main] - mil.dtic.selenium.KeywordFunctions.runTest 96 - valueOne :  valueTwo :  failMessage : 
2021-01-24 10:24:33,968  INFO [main] - mil.dtic.selenium.KeywordFunctions.runTest 116 - Input is performed sucessfully
2021-01-24 10:24:33,969  INFO [main] - mil.dtic.selenium.RunTest.readExcel 198 - TC6Y
2021-01-24 10:24:33,969  INFO [main] - mil.dtic.selenium.RunTest.readExcel 152 - testStepsSerialNumber:19
2021-01-24 10:24:33,969  INFO [main] - mil.dtic.selenium.RunTest.readExcel 153 - testStepsDescription:Date of Birth 
2021-01-24 10:24:33,970  INFO [main] - mil.dtic.selenium.RunTest.readExcel 154 - webElement:xpath
2021-01-24 10:24:33,970  INFO [main] - mil.dtic.selenium.RunTest.readExcel 155 - webElementValue://*[@id="birthdate"]
2021-01-24 10:24:33,970  INFO [main] - mil.dtic.selenium.RunTest.readExcel 156 - inputValue:43862
2021-01-24 10:24:33,971  INFO [main] - mil.dtic.selenium.RunTest.readExcel 157 - testStepsKeyword:input
2021-01-24 10:24:33,971  INFO [main] - mil.dtic.selenium.RunTest.readExcel 158 - testStepsComparisonType:
2021-01-24 10:24:33,971  INFO [main] - mil.dtic.selenium.RunTest.readExcel 159 - testStepsValueOne:
2021-01-24 10:24:33,971  INFO [main] - mil.dtic.selenium.RunTest.readExcel 160 - testStepsValueTwo:
2021-01-24 10:24:33,971  INFO [main] - mil.dtic.selenium.RunTest.readExcel 161 - testStepsFailMessage:
2021-01-24 10:24:33,972  INFO [main] - mil.dtic.selenium.RunTest.readExcel 162 - testCaseExecutionFlag:Y
2021-01-24 10:24:33,972  INFO [main] - mil.dtic.selenium.RunTest.readExcel 164 - Setting testCaseExecutionFlag:Y to testCaseNumber : TC6
2021-01-24 10:24:33,972  INFO [main] - mil.dtic.selenium.RunTest.readExcel 167 - Executing performActions Method with the five arguments -input 43862 //*[@id="birthdate"]  
2021-01-24 10:24:33,972  INFO [main] - mil.dtic.selenium.KeywordFunctions.runTest 40 - keyword: input inputValue: 43862 webElementValue:  //*[@id="birthdate"]
2021-01-24 10:24:33,972  INFO [main] - mil.dtic.selenium.KeywordFunctions.runTest 93 - In keyword: input inputValue: 43862 webElementValue:  //*[@id="birthdate"]  
2021-01-24 10:24:33,972  INFO [main] - mil.dtic.selenium.KeywordFunctions.runDriver 411 - Web Element is an - > xpath
2021-01-24 10:24:34,090  INFO [main] - mil.dtic.selenium.KeywordFunctions.runDriver 411 - Web Element is an - > xpath
2021-01-24 10:24:34,268  INFO [main] - mil.dtic.selenium.KeywordFunctions.runTest 96 - valueOne :  valueTwo :  failMessage : 
2021-01-24 10:24:34,269  INFO [main] - mil.dtic.selenium.KeywordFunctions.runTest 116 - Input is performed sucessfully
2021-01-24 10:24:34,269  INFO [main] - mil.dtic.selenium.RunTest.readExcel 198 - TC6Y
2021-01-24 10:24:34,269  INFO [main] - mil.dtic.selenium.RunTest.readExcel 152 - testStepsSerialNumber:20
2021-01-24 10:24:34,270  INFO [main] - mil.dtic.selenium.RunTest.readExcel 153 - testStepsDescription:Gender
2021-01-24 10:24:34,270  INFO [main] - mil.dtic.selenium.RunTest.readExcel 154 - webElement:xpath
2021-01-24 10:24:34,270  INFO [main] - mil.dtic.selenium.RunTest.readExcel 155 - webElementValue://*[@id="insurance-form"]/div/section[2]/div[4]/p/label[1]/span
2021-01-24 10:24:34,270  INFO [main] - mil.dtic.selenium.RunTest.readExcel 156 - inputValue:Male
2021-01-24 10:24:34,271  INFO [main] - mil.dtic.selenium.RunTest.readExcel 157 - testStepsKeyword:radio
2021-01-24 10:24:34,271  INFO [main] - mil.dtic.selenium.RunTest.readExcel 158 - testStepsComparisonType:
2021-01-24 10:24:34,271  INFO [main] - mil.dtic.selenium.RunTest.readExcel 159 - testStepsValueOne:
2021-01-24 10:24:34,271  INFO [main] - mil.dtic.selenium.RunTest.readExcel 160 - testStepsValueTwo:
2021-01-24 10:24:34,271  INFO [main] - mil.dtic.selenium.RunTest.readExcel 161 - testStepsFailMessage:
2021-01-24 10:24:34,271  INFO [main] - mil.dtic.selenium.RunTest.readExcel 162 - testCaseExecutionFlag:Y
2021-01-24 10:24:34,272  INFO [main] - mil.dtic.selenium.RunTest.readExcel 164 - Setting testCaseExecutionFlag:Y to testCaseNumber : TC6
2021-01-24 10:24:34,272  INFO [main] - mil.dtic.selenium.RunTest.readExcel 167 - Executing performActions Method with the five arguments -radio Male //*[@id="insurance-form"]/div/section[2]/div[4]/p/label[1]/span  
2021-01-24 10:24:34,272  INFO [main] - mil.dtic.selenium.KeywordFunctions.runTest 40 - keyword: radio inputValue: Male webElementValue:  //*[@id="insurance-form"]/div/section[2]/div[4]/p/label[1]/span
2021-01-24 10:24:34,293  INFO [main] - mil.dtic.selenium.KeywordFunctions.runDriver 411 - Web Element is an - > xpath
2021-01-24 10:24:34,366  INFO [main] - mil.dtic.selenium.KeywordFunctions.runTest 272 - Is Exp radio button displayed: true
2021-01-24 10:24:34,380  INFO [main] - mil.dtic.selenium.KeywordFunctions.runTest 276 - Is Exp radio button enabled: true
2021-01-24 10:24:34,398  INFO [main] - mil.dtic.selenium.KeywordFunctions.runTest 281 - Default Radio button selection Status: false
2021-01-24 10:24:34,574  INFO [main] - mil.dtic.selenium.KeywordFunctions.runTest 291 - Experience radio Selection status after perform click() event: false
2021-01-24 10:24:34,574  INFO [main] - mil.dtic.selenium.RunTest.readExcel 198 - TC6Y
2021-01-24 10:24:34,574  INFO [main] - mil.dtic.selenium.RunTest.readExcel 152 - testStepsSerialNumber:21
2021-01-24 10:24:34,574  INFO [main] - mil.dtic.selenium.RunTest.readExcel 153 - testStepsDescription:Street Address 
2021-01-24 10:24:34,575  INFO [main] - mil.dtic.selenium.RunTest.readExcel 154 - webElement:xpath
2021-01-24 10:24:34,575  INFO [main] - mil.dtic.selenium.RunTest.readExcel 155 - webElementValue://*[@id="streetaddress"]
2021-01-24 10:24:34,575  INFO [main] - mil.dtic.selenium.RunTest.readExcel 156 - inputValue:10159 Pale Rose Loop
2021-01-24 10:24:34,575  INFO [main] - mil.dtic.selenium.RunTest.readExcel 157 - testStepsKeyword:input
2021-01-24 10:24:34,575  INFO [main] - mil.dtic.selenium.RunTest.readExcel 158 - testStepsComparisonType:
2021-01-24 10:24:34,575  INFO [main] - mil.dtic.selenium.RunTest.readExcel 159 - testStepsValueOne:
2021-01-24 10:24:34,575  INFO [main] - mil.dtic.selenium.RunTest.readExcel 160 - testStepsValueTwo:
2021-01-24 10:24:34,576  INFO [main] - mil.dtic.selenium.RunTest.readExcel 161 - testStepsFailMessage:
2021-01-24 10:24:34,576  INFO [main] - mil.dtic.selenium.RunTest.readExcel 162 - testCaseExecutionFlag:Y
2021-01-24 10:24:34,576  INFO [main] - mil.dtic.selenium.RunTest.readExcel 164 - Setting testCaseExecutionFlag:Y to testCaseNumber : TC6
2021-01-24 10:24:34,576  INFO [main] - mil.dtic.selenium.RunTest.readExcel 167 - Executing performActions Method with the five arguments -input 10159 Pale Rose Loop //*[@id="streetaddress"]  
2021-01-24 10:24:34,576  INFO [main] - mil.dtic.selenium.KeywordFunctions.runTest 40 - keyword: input inputValue: 10159 Pale Rose Loop webElementValue:  //*[@id="streetaddress"]
2021-01-24 10:24:34,576  INFO [main] - mil.dtic.selenium.KeywordFunctions.runTest 93 - In keyword: input inputValue: 10159 Pale Rose Loop webElementValue:  //*[@id="streetaddress"]  
2021-01-24 10:24:34,576  INFO [main] - mil.dtic.selenium.KeywordFunctions.runDriver 411 - Web Element is an - > xpath
2021-01-24 10:24:34,651  INFO [main] - mil.dtic.selenium.KeywordFunctions.runDriver 411 - Web Element is an - > xpath
2021-01-24 10:24:34,862  INFO [main] - mil.dtic.selenium.KeywordFunctions.runTest 96 - valueOne :  valueTwo :  failMessage : 
2021-01-24 10:24:34,862  INFO [main] - mil.dtic.selenium.KeywordFunctions.runTest 116 - Input is performed sucessfully
2021-01-24 10:24:34,862  INFO [main] - mil.dtic.selenium.RunTest.readExcel 198 - TC6Y
2021-01-24 10:24:34,863  INFO [main] - mil.dtic.selenium.RunTest.readExcel 152 - testStepsSerialNumber:22
2021-01-24 10:24:34,863  INFO [main] - mil.dtic.selenium.RunTest.readExcel 153 - testStepsDescription:Sleep 
2021-01-24 10:24:34,863  INFO [main] - mil.dtic.selenium.RunTest.readExcel 154 - webElement:
2021-01-24 10:24:34,863  INFO [main] - mil.dtic.selenium.RunTest.readExcel 155 - webElementValue:
2021-01-24 10:24:34,863  INFO [main] - mil.dtic.selenium.RunTest.readExcel 156 - inputValue:60
2021-01-24 10:24:34,863  INFO [main] - mil.dtic.selenium.RunTest.readExcel 157 - testStepsKeyword:sleep
2021-01-24 10:24:34,863  INFO [main] - mil.dtic.selenium.RunTest.readExcel 158 - testStepsComparisonType:
2021-01-24 10:24:34,864  INFO [main] - mil.dtic.selenium.RunTest.readExcel 159 - testStepsValueOne:
2021-01-24 10:24:34,864  INFO [main] - mil.dtic.selenium.RunTest.readExcel 160 - testStepsValueTwo:
2021-01-24 10:24:34,864  INFO [main] - mil.dtic.selenium.RunTest.readExcel 161 - testStepsFailMessage:
2021-01-24 10:24:34,864  INFO [main] - mil.dtic.selenium.RunTest.readExcel 162 - testCaseExecutionFlag:Y
2021-01-24 10:24:34,864  INFO [main] - mil.dtic.selenium.RunTest.readExcel 164 - Setting testCaseExecutionFlag:Y to testCaseNumber : TC6
2021-01-24 10:24:34,864  INFO [main] - mil.dtic.selenium.RunTest.readExcel 167 - Executing performActions Method with the five arguments -sleep 60   
2021-01-24 10:24:34,864  INFO [main] - mil.dtic.selenium.KeywordFunctions.runTest 40 - keyword: sleep inputValue: 60 webElementValue:  
2021-01-24 10:24:39,878  INFO [main] - mil.dtic.selenium.KeywordFunctions.runTest 370 - sleep is done sucessfully
2021-01-24 10:24:39,878  INFO [main] - mil.dtic.selenium.RunTest.readExcel 198 - TC6Y
2021-01-24 10:24:39,879  INFO [main] - mil.dtic.selenium.RunTest.readExcel 152 - testStepsSerialNumber:23
2021-01-24 10:24:39,879  INFO [main] - mil.dtic.selenium.RunTest.readExcel 153 - testStepsDescription:Country
2021-01-24 10:24:39,879  INFO [main] - mil.dtic.selenium.RunTest.readExcel 154 - webElement:xpath
2021-01-24 10:24:39,879  INFO [main] - mil.dtic.selenium.RunTest.readExcel 155 - webElementValue://*[@id="country"]
2021-01-24 10:24:39,880  INFO [main] - mil.dtic.selenium.RunTest.readExcel 156 - inputValue:Angola
2021-01-24 10:24:39,880  INFO [main] - mil.dtic.selenium.RunTest.readExcel 157 - testStepsKeyword:dropdown
2021-01-24 10:24:39,880  INFO [main] - mil.dtic.selenium.RunTest.readExcel 158 - testStepsComparisonType:
2021-01-24 10:24:39,881  INFO [main] - mil.dtic.selenium.RunTest.readExcel 159 - testStepsValueOne:
2021-01-24 10:24:39,881  INFO [main] - mil.dtic.selenium.RunTest.readExcel 160 - testStepsValueTwo:
2021-01-24 10:24:39,881  INFO [main] - mil.dtic.selenium.RunTest.readExcel 161 - testStepsFailMessage:
2021-01-24 10:24:39,882  INFO [main] - mil.dtic.selenium.RunTest.readExcel 162 - testCaseExecutionFlag:Y
2021-01-24 10:24:39,882  INFO [main] - mil.dtic.selenium.RunTest.readExcel 164 - Setting testCaseExecutionFlag:Y to testCaseNumber : TC6
2021-01-24 10:24:39,883  INFO [main] - mil.dtic.selenium.RunTest.readExcel 167 - Executing performActions Method with the five arguments -dropdown Angola //*[@id="country"]  
2021-01-24 10:24:39,883  INFO [main] - mil.dtic.selenium.KeywordFunctions.runTest 40 - keyword: dropdown inputValue: Angola webElementValue:  //*[@id="country"]
2021-01-24 10:24:39,884  INFO [main] - mil.dtic.selenium.KeywordFunctions.runDriver 411 - Web Element is an - > xpath
2021-01-24 10:24:40,000  INFO [main] - mil.dtic.selenium.KeywordFunctions.runTest 146 - xpath //*[@id="country"]
2021-01-24 10:24:40,001  INFO [main] - mil.dtic.selenium.KeywordFunctions.runTest 147 - Angola
2021-01-24 10:24:40,106  INFO [main] - mil.dtic.selenium.RunTest.readExcel 198 - TC6Y
2021-01-24 10:24:40,106  INFO [main] - mil.dtic.selenium.RunTest.readExcel 152 - testStepsSerialNumber:24
2021-01-24 10:24:40,106  INFO [main] - mil.dtic.selenium.RunTest.readExcel 153 - testStepsDescription:ZipCode
2021-01-24 10:24:40,108  INFO [main] - mil.dtic.selenium.RunTest.readExcel 154 - webElement:xpath
2021-01-24 10:24:40,108  INFO [main] - mil.dtic.selenium.RunTest.readExcel 155 - webElementValue://*[@id="zipcode"]
2021-01-24 10:24:40,109  INFO [main] - mil.dtic.selenium.RunTest.readExcel 156 - inputValue:20136
2021-01-24 10:24:40,109  INFO [main] - mil.dtic.selenium.RunTest.readExcel 157 - testStepsKeyword:input
2021-01-24 10:24:40,109  INFO [main] - mil.dtic.selenium.RunTest.readExcel 158 - testStepsComparisonType:
2021-01-24 10:24:40,109  INFO [main] - mil.dtic.selenium.RunTest.readExcel 159 - testStepsValueOne:
2021-01-24 10:24:40,109  INFO [main] - mil.dtic.selenium.RunTest.readExcel 160 - testStepsValueTwo:
2021-01-24 10:24:40,110  INFO [main] - mil.dtic.selenium.RunTest.readExcel 161 - testStepsFailMessage:
2021-01-24 10:24:40,110  INFO [main] - mil.dtic.selenium.RunTest.readExcel 162 - testCaseExecutionFlag:Y
2021-01-24 10:24:40,110  INFO [main] - mil.dtic.selenium.RunTest.readExcel 164 - Setting testCaseExecutionFlag:Y to testCaseNumber : TC6
2021-01-24 10:24:40,110  INFO [main] - mil.dtic.selenium.RunTest.readExcel 167 - Executing performActions Method with the five arguments -input 20136 //*[@id="zipcode"]  
2021-01-24 10:24:40,110  INFO [main] - mil.dtic.selenium.KeywordFunctions.runTest 40 - keyword: input inputValue: 20136 webElementValue:  //*[@id="zipcode"]
2021-01-24 10:24:40,110  INFO [main] - mil.dtic.selenium.KeywordFunctions.runTest 93 - In keyword: input inputValue: 20136 webElementValue:  //*[@id="zipcode"]  
2021-01-24 10:24:40,110  INFO [main] - mil.dtic.selenium.KeywordFunctions.runDriver 411 - Web Element is an - > xpath
2021-01-24 10:24:40,181  INFO [main] - mil.dtic.selenium.KeywordFunctions.runDriver 411 - Web Element is an - > xpath
2021-01-24 10:24:40,291  INFO [main] - mil.dtic.selenium.KeywordFunctions.runTest 96 - valueOne :  valueTwo :  failMessage : 
2021-01-24 10:24:40,291  INFO [main] - mil.dtic.selenium.KeywordFunctions.runTest 116 - Input is performed sucessfully
2021-01-24 10:24:40,291  INFO [main] - mil.dtic.selenium.RunTest.readExcel 198 - TC6Y
2021-01-24 10:24:40,292  INFO [main] - mil.dtic.selenium.RunTest.readExcel 152 - testStepsSerialNumber:25
2021-01-24 10:24:40,292  INFO [main] - mil.dtic.selenium.RunTest.readExcel 153 - testStepsDescription:City
2021-01-24 10:24:40,292  INFO [main] - mil.dtic.selenium.RunTest.readExcel 154 - webElement:xpath
2021-01-24 10:24:40,292  INFO [main] - mil.dtic.selenium.RunTest.readExcel 155 - webElementValue://*[@id="city"]
2021-01-24 10:24:40,292  INFO [main] - mil.dtic.selenium.RunTest.readExcel 156 - inputValue:Bristow
2021-01-24 10:24:40,293  INFO [main] - mil.dtic.selenium.RunTest.readExcel 157 - testStepsKeyword:input
2021-01-24 10:24:40,293  INFO [main] - mil.dtic.selenium.RunTest.readExcel 158 - testStepsComparisonType:
2021-01-24 10:24:40,293  INFO [main] - mil.dtic.selenium.RunTest.readExcel 159 - testStepsValueOne:
2021-01-24 10:24:40,293  INFO [main] - mil.dtic.selenium.RunTest.readExcel 160 - testStepsValueTwo:
2021-01-24 10:24:40,293  INFO [main] - mil.dtic.selenium.RunTest.readExcel 161 - testStepsFailMessage:
2021-01-24 10:24:40,293  INFO [main] - mil.dtic.selenium.RunTest.readExcel 162 - testCaseExecutionFlag:Y
2021-01-24 10:24:40,293  INFO [main] - mil.dtic.selenium.RunTest.readExcel 164 - Setting testCaseExecutionFlag:Y to testCaseNumber : TC6
2021-01-24 10:24:40,294  INFO [main] - mil.dtic.selenium.RunTest.readExcel 167 - Executing performActions Method with the five arguments -input Bristow //*[@id="city"]  
2021-01-24 10:24:40,294  INFO [main] - mil.dtic.selenium.KeywordFunctions.runTest 40 - keyword: input inputValue: Bristow webElementValue:  //*[@id="city"]
2021-01-24 10:24:40,294  INFO [main] - mil.dtic.selenium.KeywordFunctions.runTest 93 - In keyword: input inputValue: Bristow webElementValue:  //*[@id="city"]  
2021-01-24 10:24:40,294  INFO [main] - mil.dtic.selenium.KeywordFunctions.runDriver 411 - Web Element is an - > xpath
2021-01-24 10:24:40,361  INFO [main] - mil.dtic.selenium.KeywordFunctions.runDriver 411 - Web Element is an - > xpath
2021-01-24 10:24:40,464  INFO [main] - mil.dtic.selenium.KeywordFunctions.runTest 96 - valueOne :  valueTwo :  failMessage : 
2021-01-24 10:24:40,465  INFO [main] - mil.dtic.selenium.KeywordFunctions.runTest 116 - Input is performed sucessfully
2021-01-24 10:24:40,465  INFO [main] - mil.dtic.selenium.RunTest.readExcel 198 - TC6Y
2021-01-24 10:24:40,465  INFO [main] - mil.dtic.selenium.RunTest.readExcel 152 - testStepsSerialNumber:26
2021-01-24 10:24:40,465  INFO [main] - mil.dtic.selenium.RunTest.readExcel 153 - testStepsDescription:Occupation
2021-01-24 10:24:40,465  INFO [main] - mil.dtic.selenium.RunTest.readExcel 154 - webElement:xpath
2021-01-24 10:24:40,465  INFO [main] - mil.dtic.selenium.RunTest.readExcel 155 - webElementValue://*[@id="occupation"]
2021-01-24 10:24:40,466  INFO [main] - mil.dtic.selenium.RunTest.readExcel 156 - inputValue:Employee
2021-01-24 10:24:40,466  INFO [main] - mil.dtic.selenium.RunTest.readExcel 157 - testStepsKeyword:dropdown
2021-01-24 10:24:40,466  INFO [main] - mil.dtic.selenium.RunTest.readExcel 158 - testStepsComparisonType:
2021-01-24 10:24:40,466  INFO [main] - mil.dtic.selenium.RunTest.readExcel 159 - testStepsValueOne:
2021-01-24 10:24:40,466  INFO [main] - mil.dtic.selenium.RunTest.readExcel 160 - testStepsValueTwo:
2021-01-24 10:24:40,466  INFO [main] - mil.dtic.selenium.RunTest.readExcel 161 - testStepsFailMessage:
2021-01-24 10:24:40,467  INFO [main] - mil.dtic.selenium.RunTest.readExcel 162 - testCaseExecutionFlag:Y
2021-01-24 10:24:40,467  INFO [main] - mil.dtic.selenium.RunTest.readExcel 164 - Setting testCaseExecutionFlag:Y to testCaseNumber : TC6
2021-01-24 10:24:40,467  INFO [main] - mil.dtic.selenium.RunTest.readExcel 167 - Executing performActions Method with the five arguments -dropdown Employee //*[@id="occupation"]  
2021-01-24 10:24:40,467  INFO [main] - mil.dtic.selenium.KeywordFunctions.runTest 40 - keyword: dropdown inputValue: Employee webElementValue:  //*[@id="occupation"]
2021-01-24 10:24:40,467  INFO [main] - mil.dtic.selenium.KeywordFunctions.runDriver 411 - Web Element is an - > xpath
2021-01-24 10:24:40,510  INFO [main] - mil.dtic.selenium.KeywordFunctions.runTest 146 - xpath //*[@id="occupation"]
2021-01-24 10:24:40,511  INFO [main] - mil.dtic.selenium.KeywordFunctions.runTest 147 - Employee
2021-01-24 10:24:40,587  INFO [main] - mil.dtic.selenium.RunTest.readExcel 198 - TC6Y
2021-01-24 10:24:40,588  INFO [main] - mil.dtic.selenium.RunTest.readExcel 152 - testStepsSerialNumber:27
2021-01-24 10:24:40,588  INFO [main] - mil.dtic.selenium.RunTest.readExcel 153 - testStepsDescription:Hobbies 
2021-01-24 10:24:40,588  INFO [main] - mil.dtic.selenium.RunTest.readExcel 154 - webElement:xpath
2021-01-24 10:24:40,589  INFO [main] - mil.dtic.selenium.RunTest.readExcel 155 - webElementValue://*[@id="insurance-form"]/div/section[2]/div[10]/p/label[1]/span
2021-01-24 10:24:40,589  INFO [main] - mil.dtic.selenium.RunTest.readExcel 156 - inputValue: Speeding
2021-01-24 10:24:40,589  INFO [main] - mil.dtic.selenium.RunTest.readExcel 157 - testStepsKeyword:radio
2021-01-24 10:24:40,590  INFO [main] - mil.dtic.selenium.RunTest.readExcel 158 - testStepsComparisonType:
2021-01-24 10:24:40,590  INFO [main] - mil.dtic.selenium.RunTest.readExcel 159 - testStepsValueOne:
2021-01-24 10:24:40,590  INFO [main] - mil.dtic.selenium.RunTest.readExcel 160 - testStepsValueTwo:
2021-01-24 10:24:40,591  INFO [main] - mil.dtic.selenium.RunTest.readExcel 161 - testStepsFailMessage:
2021-01-24 10:24:40,591  INFO [main] - mil.dtic.selenium.RunTest.readExcel 162 - testCaseExecutionFlag:Y
2021-01-24 10:24:40,591  INFO [main] - mil.dtic.selenium.RunTest.readExcel 164 - Setting testCaseExecutionFlag:Y to testCaseNumber : TC6
2021-01-24 10:24:40,591  INFO [main] - mil.dtic.selenium.RunTest.readExcel 167 - Executing performActions Method with the five arguments -radio  Speeding //*[@id="insurance-form"]/div/section[2]/div[10]/p/label[1]/span  
2021-01-24 10:24:40,591  INFO [main] - mil.dtic.selenium.KeywordFunctions.runTest 40 - keyword: radio inputValue:  Speeding webElementValue:  //*[@id="insurance-form"]/div/section[2]/div[10]/p/label[1]/span
2021-01-24 10:24:40,599  INFO [main] - mil.dtic.selenium.KeywordFunctions.runDriver 411 - Web Element is an - > xpath
2021-01-24 10:24:40,686  INFO [main] - mil.dtic.selenium.KeywordFunctions.runTest 272 - Is Exp radio button displayed: true
2021-01-24 10:24:40,704  INFO [main] - mil.dtic.selenium.KeywordFunctions.runTest 276 - Is Exp radio button enabled: true
2021-01-24 10:24:40,712  INFO [main] - mil.dtic.selenium.KeywordFunctions.runTest 281 - Default Radio button selection Status: false
2021-01-24 10:24:40,866  INFO [main] - mil.dtic.selenium.KeywordFunctions.runTest 291 - Experience radio Selection status after perform click() event: false
2021-01-24 10:24:40,867  INFO [main] - mil.dtic.selenium.RunTest.readExcel 198 - TC6Y
2021-01-24 10:24:40,867  INFO [main] - mil.dtic.selenium.RunTest.readExcel 152 - testStepsSerialNumber:28
2021-01-24 10:24:40,867  INFO [main] - mil.dtic.selenium.RunTest.readExcel 153 - testStepsDescription:Website 
2021-01-24 10:24:40,867  INFO [main] - mil.dtic.selenium.RunTest.readExcel 154 - webElement:xpath
2021-01-24 10:24:40,867  INFO [main] - mil.dtic.selenium.RunTest.readExcel 155 - webElementValue://*[@id="website"]
2021-01-24 10:24:40,867  INFO [main] - mil.dtic.selenium.RunTest.readExcel 156 - inputValue:www.google.com
2021-01-24 10:24:40,867  INFO [main] - mil.dtic.selenium.RunTest.readExcel 157 - testStepsKeyword:input
2021-01-24 10:24:40,868  INFO [main] - mil.dtic.selenium.RunTest.readExcel 158 - testStepsComparisonType:
2021-01-24 10:24:40,868  INFO [main] - mil.dtic.selenium.RunTest.readExcel 159 - testStepsValueOne:
2021-01-24 10:24:40,868  INFO [main] - mil.dtic.selenium.RunTest.readExcel 160 - testStepsValueTwo:
2021-01-24 10:24:40,868  INFO [main] - mil.dtic.selenium.RunTest.readExcel 161 - testStepsFailMessage:
2021-01-24 10:24:40,868  INFO [main] - mil.dtic.selenium.RunTest.readExcel 162 - testCaseExecutionFlag:Y
2021-01-24 10:24:40,868  INFO [main] - mil.dtic.selenium.RunTest.readExcel 164 - Setting testCaseExecutionFlag:Y to testCaseNumber : TC6
2021-01-24 10:24:40,868  INFO [main] - mil.dtic.selenium.RunTest.readExcel 167 - Executing performActions Method with the five arguments -input www.google.com //*[@id="website"]  
2021-01-24 10:24:40,868  INFO [main] - mil.dtic.selenium.KeywordFunctions.runTest 40 - keyword: input inputValue: www.google.com webElementValue:  //*[@id="website"]
2021-01-24 10:24:40,869  INFO [main] - mil.dtic.selenium.KeywordFunctions.runTest 93 - In keyword: input inputValue: www.google.com webElementValue:  //*[@id="website"]  
2021-01-24 10:24:40,869  INFO [main] - mil.dtic.selenium.KeywordFunctions.runDriver 411 - Web Element is an - > xpath
2021-01-24 10:24:40,943  INFO [main] - mil.dtic.selenium.KeywordFunctions.runDriver 411 - Web Element is an - > xpath
2021-01-24 10:24:41,129  INFO [main] - mil.dtic.selenium.KeywordFunctions.runTest 96 - valueOne :  valueTwo :  failMessage : 
2021-01-24 10:24:41,129  INFO [main] - mil.dtic.selenium.KeywordFunctions.runTest 116 - Input is performed sucessfully
2021-01-24 10:24:41,129  INFO [main] - mil.dtic.selenium.RunTest.readExcel 198 - TC6Y
2021-01-24 10:24:41,130  INFO [main] - mil.dtic.selenium.RunTest.readExcel 152 - testStepsSerialNumber:29
2021-01-24 10:24:41,130  INFO [main] - mil.dtic.selenium.RunTest.readExcel 153 - testStepsDescription:Upload File
2021-01-24 10:24:41,130  INFO [main] - mil.dtic.selenium.RunTest.readExcel 154 - webElement:id
2021-01-24 10:24:41,130  INFO [main] - mil.dtic.selenium.RunTest.readExcel 155 - webElementValue:picture
2021-01-24 10:24:41,130  INFO [main] - mil.dtic.selenium.RunTest.readExcel 156 - inputValue:/TestCases/Tricentis/landscape1.jpg
2021-01-24 10:24:41,130  INFO [main] - mil.dtic.selenium.RunTest.readExcel 157 - testStepsKeyword:upload
2021-01-24 10:24:41,130  INFO [main] - mil.dtic.selenium.RunTest.readExcel 158 - testStepsComparisonType:
2021-01-24 10:24:41,131  INFO [main] - mil.dtic.selenium.RunTest.readExcel 159 - testStepsValueOne:
2021-01-24 10:24:41,131  INFO [main] - mil.dtic.selenium.RunTest.readExcel 160 - testStepsValueTwo:
2021-01-24 10:24:41,131  INFO [main] - mil.dtic.selenium.RunTest.readExcel 161 - testStepsFailMessage:
2021-01-24 10:24:41,131  INFO [main] - mil.dtic.selenium.RunTest.readExcel 162 - testCaseExecutionFlag:Y
2021-01-24 10:24:41,131  INFO [main] - mil.dtic.selenium.RunTest.readExcel 164 - Setting testCaseExecutionFlag:Y to testCaseNumber : TC6
2021-01-24 10:24:41,131  INFO [main] - mil.dtic.selenium.RunTest.readExcel 167 - Executing performActions Method with the five arguments -upload /TestCases/Tricentis/landscape1.jpg picture  
2021-01-24 10:24:41,131  INFO [main] - mil.dtic.selenium.KeywordFunctions.runTest 40 - keyword: upload inputValue: /TestCases/Tricentis/landscape1.jpg webElementValue:  picture
2021-01-24 10:24:41,132  INFO [main] - mil.dtic.selenium.KeywordFunctions.runTest 304 - in upload file ...
2021-01-24 10:24:41,132  INFO [main] - mil.dtic.selenium.KeywordFunctions.runDriver 408 - Web Element is an - > id
2021-01-24 10:24:41,328  INFO [main] - mil.dtic.selenium.KeywordFunctions.runTest 307 - upload is performed sucessfully
2021-01-24 10:24:41,329  INFO [main] - mil.dtic.selenium.RunTest.readExcel 198 - TC6Y
2021-01-24 10:24:41,329  INFO [main] - mil.dtic.selenium.RunTest.readExcel 152 - testStepsSerialNumber:30
2021-01-24 10:24:41,329  INFO [main] - mil.dtic.selenium.RunTest.readExcel 153 - testStepsDescription:Click on Next Button
2021-01-24 10:24:41,329  INFO [main] - mil.dtic.selenium.RunTest.readExcel 154 - webElement:xpath
2021-01-24 10:24:41,329  INFO [main] - mil.dtic.selenium.RunTest.readExcel 155 - webElementValue://*[@id="nextenterproductdata"]
2021-01-24 10:24:41,330  INFO [main] - mil.dtic.selenium.RunTest.readExcel 156 - inputValue:
2021-01-24 10:24:41,330  INFO [main] - mil.dtic.selenium.RunTest.readExcel 157 - testStepsKeyword:click
2021-01-24 10:24:41,330  INFO [main] - mil.dtic.selenium.RunTest.readExcel 158 - testStepsComparisonType:
2021-01-24 10:24:41,330  INFO [main] - mil.dtic.selenium.RunTest.readExcel 159 - testStepsValueOne:
2021-01-24 10:24:41,330  INFO [main] - mil.dtic.selenium.RunTest.readExcel 160 - testStepsValueTwo:
2021-01-24 10:24:41,330  INFO [main] - mil.dtic.selenium.RunTest.readExcel 161 - testStepsFailMessage:
2021-01-24 10:24:41,331  INFO [main] - mil.dtic.selenium.RunTest.readExcel 162 - testCaseExecutionFlag:Y
2021-01-24 10:24:41,331  INFO [main] - mil.dtic.selenium.RunTest.readExcel 164 - Setting testCaseExecutionFlag:Y to testCaseNumber : TC6
2021-01-24 10:24:41,331  INFO [main] - mil.dtic.selenium.RunTest.readExcel 167 - Executing performActions Method with the five arguments -click  //*[@id="nextenterproductdata"]  
2021-01-24 10:24:41,331  INFO [main] - mil.dtic.selenium.KeywordFunctions.runTest 40 - keyword: click inputValue:  webElementValue:  //*[@id="nextenterproductdata"]
2021-01-24 10:24:41,331  INFO [main] - mil.dtic.selenium.KeywordFunctions.runTest 46 - In keyword: click inputValue:  webElementValue:  //*[@id="nextenterproductdata"]
2021-01-24 10:24:41,331  INFO [main] - mil.dtic.selenium.KeywordFunctions.runDriver 411 - Web Element is an - > xpath
2021-01-24 10:24:41,449  INFO [main] - mil.dtic.selenium.KeywordFunctions.runTest 48 - Click is performed sucessfully
2021-01-24 10:24:41,450  INFO [main] - mil.dtic.selenium.RunTest.readExcel 198 - TC6Y
2021-01-24 10:24:41,450  INFO [main] - mil.dtic.selenium.RunTest.readExcel 152 - testStepsSerialNumber:31
2021-01-24 10:24:41,451  INFO [main] - mil.dtic.selenium.RunTest.readExcel 153 - testStepsDescription:Start date 
2021-01-24 10:24:41,451  INFO [main] - mil.dtic.selenium.RunTest.readExcel 154 - webElement:xpath
2021-01-24 10:24:41,451  INFO [main] - mil.dtic.selenium.RunTest.readExcel 155 - webElementValue://*[@id="startdate"]
2021-01-24 10:24:41,451  INFO [main] - mil.dtic.selenium.RunTest.readExcel 156 - inputValue:43928
2021-01-24 10:24:41,451  INFO [main] - mil.dtic.selenium.RunTest.readExcel 157 - testStepsKeyword:input
2021-01-24 10:24:41,451  INFO [main] - mil.dtic.selenium.RunTest.readExcel 158 - testStepsComparisonType:
2021-01-24 10:24:41,452  INFO [main] - mil.dtic.selenium.RunTest.readExcel 159 - testStepsValueOne:
2021-01-24 10:24:41,452  INFO [main] - mil.dtic.selenium.RunTest.readExcel 160 - testStepsValueTwo:
2021-01-24 10:24:41,452  INFO [main] - mil.dtic.selenium.RunTest.readExcel 161 - testStepsFailMessage:
2021-01-24 10:24:41,452  INFO [main] - mil.dtic.selenium.RunTest.readExcel 162 - testCaseExecutionFlag:Y
2021-01-24 10:24:41,453  INFO [main] - mil.dtic.selenium.RunTest.readExcel 164 - Setting testCaseExecutionFlag:Y to testCaseNumber : TC6
2021-01-24 10:24:41,454  INFO [main] - mil.dtic.selenium.RunTest.readExcel 167 - Executing performActions Method with the five arguments -input 43928 //*[@id="startdate"]  
2021-01-24 10:24:41,454  INFO [main] - mil.dtic.selenium.KeywordFunctions.runTest 40 - keyword: input inputValue: 43928 webElementValue:  //*[@id="startdate"]
2021-01-24 10:24:41,454  INFO [main] - mil.dtic.selenium.KeywordFunctions.runTest 93 - In keyword: input inputValue: 43928 webElementValue:  //*[@id="startdate"]  
2021-01-24 10:24:41,454  INFO [main] - mil.dtic.selenium.KeywordFunctions.runDriver 411 - Web Element is an - > xpath
2021-01-24 10:24:41,563  INFO [main] - mil.dtic.selenium.KeywordFunctions.runDriver 411 - Web Element is an - > xpath
2021-01-24 10:24:41,703  INFO [main] - mil.dtic.selenium.KeywordFunctions.runTest 96 - valueOne :  valueTwo :  failMessage : 
2021-01-24 10:24:41,703  INFO [main] - mil.dtic.selenium.KeywordFunctions.runTest 116 - Input is performed sucessfully
2021-01-24 10:24:41,703  INFO [main] - mil.dtic.selenium.RunTest.readExcel 198 - TC6Y
2021-01-24 10:24:41,703  INFO [main] - mil.dtic.selenium.RunTest.readExcel 152 - testStepsSerialNumber:32
2021-01-24 10:24:41,703  INFO [main] - mil.dtic.selenium.RunTest.readExcel 153 - testStepsDescription:Insurance sum
2021-01-24 10:24:41,704  INFO [main] - mil.dtic.selenium.RunTest.readExcel 154 - webElement:xpath
2021-01-24 10:24:41,704  INFO [main] - mil.dtic.selenium.RunTest.readExcel 155 - webElementValue://*[@id="insurancesum"]
2021-01-24 10:24:41,704  INFO [main] - mil.dtic.selenium.RunTest.readExcel 156 - inputValue:3000000
2021-01-24 10:24:41,704  INFO [main] - mil.dtic.selenium.RunTest.readExcel 157 - testStepsKeyword:click
2021-01-24 10:24:41,704  INFO [main] - mil.dtic.selenium.RunTest.readExcel 158 - testStepsComparisonType:
2021-01-24 10:24:41,705  INFO [main] - mil.dtic.selenium.RunTest.readExcel 159 - testStepsValueOne:
2021-01-24 10:24:41,705  INFO [main] - mil.dtic.selenium.RunTest.readExcel 160 - testStepsValueTwo:
2021-01-24 10:24:41,705  INFO [main] - mil.dtic.selenium.RunTest.readExcel 161 - testStepsFailMessage:
2021-01-24 10:24:41,705  INFO [main] - mil.dtic.selenium.RunTest.readExcel 162 - testCaseExecutionFlag:Y
2021-01-24 10:24:41,705  INFO [main] - mil.dtic.selenium.RunTest.readExcel 164 - Setting testCaseExecutionFlag:Y to testCaseNumber : TC6
2021-01-24 10:24:41,705  INFO [main] - mil.dtic.selenium.RunTest.readExcel 167 - Executing performActions Method with the five arguments -click 3000000 //*[@id="insurancesum"]  
2021-01-24 10:24:41,705  INFO [main] - mil.dtic.selenium.KeywordFunctions.runTest 40 - keyword: click inputValue: 3000000 webElementValue:  //*[@id="insurancesum"]
2021-01-24 10:24:41,706  INFO [main] - mil.dtic.selenium.KeywordFunctions.runTest 46 - In keyword: click inputValue: 3000000 webElementValue:  //*[@id="insurancesum"]
2021-01-24 10:24:41,706  INFO [main] - mil.dtic.selenium.KeywordFunctions.runDriver 411 - Web Element is an - > xpath
2021-01-24 10:24:41,813  INFO [main] - mil.dtic.selenium.KeywordFunctions.runTest 48 - Click is performed sucessfully
2021-01-24 10:24:41,813  INFO [main] - mil.dtic.selenium.RunTest.readExcel 198 - TC6Y
2021-01-24 10:24:41,813  INFO [main] - mil.dtic.selenium.RunTest.readExcel 152 - testStepsSerialNumber:33
2021-01-24 10:24:41,814  INFO [main] - mil.dtic.selenium.RunTest.readExcel 153 - testStepsDescription:Optional Product 
2021-01-24 10:24:41,814  INFO [main] - mil.dtic.selenium.RunTest.readExcel 154 - webElement:xpath
2021-01-24 10:24:41,814  INFO [main] - mil.dtic.selenium.RunTest.readExcel 155 - webElementValue://*[@id="insurance-form"]/div/section[3]/div[5]/p/label[1]/span
2021-01-24 10:24:41,814  INFO [main] - mil.dtic.selenium.RunTest.readExcel 156 - inputValue:
2021-01-24 10:24:41,814  INFO [main] - mil.dtic.selenium.RunTest.readExcel 157 - testStepsKeyword:click
2021-01-24 10:24:41,814  INFO [main] - mil.dtic.selenium.RunTest.readExcel 158 - testStepsComparisonType:
2021-01-24 10:24:41,814  INFO [main] - mil.dtic.selenium.RunTest.readExcel 159 - testStepsValueOne:
2021-01-24 10:24:41,815  INFO [main] - mil.dtic.selenium.RunTest.readExcel 160 - testStepsValueTwo:
2021-01-24 10:24:41,815  INFO [main] - mil.dtic.selenium.RunTest.readExcel 161 - testStepsFailMessage:
2021-01-24 10:24:41,815  INFO [main] - mil.dtic.selenium.RunTest.readExcel 162 - testCaseExecutionFlag:Y
2021-01-24 10:24:41,815  INFO [main] - mil.dtic.selenium.RunTest.readExcel 164 - Setting testCaseExecutionFlag:Y to testCaseNumber : TC6
2021-01-24 10:24:41,815  INFO [main] - mil.dtic.selenium.RunTest.readExcel 167 - Executing performActions Method with the five arguments -click  //*[@id="insurance-form"]/div/section[3]/div[5]/p/label[1]/span  
2021-01-24 10:24:41,815  INFO [main] - mil.dtic.selenium.KeywordFunctions.runTest 40 - keyword: click inputValue:  webElementValue:  //*[@id="insurance-form"]/div/section[3]/div[5]/p/label[1]/span
2021-01-24 10:24:41,816  INFO [main] - mil.dtic.selenium.KeywordFunctions.runTest 46 - In keyword: click inputValue:  webElementValue:  //*[@id="insurance-form"]/div/section[3]/div[5]/p/label[1]/span
2021-01-24 10:24:41,816  INFO [main] - mil.dtic.selenium.KeywordFunctions.runDriver 411 - Web Element is an - > xpath
2021-01-24 10:24:41,912  INFO [main] - mil.dtic.selenium.KeywordFunctions.runTest 48 - Click is performed sucessfully
2021-01-24 10:24:41,913  INFO [main] - mil.dtic.selenium.RunTest.readExcel 198 - TC6Y
2021-01-24 10:24:41,913  INFO [main] - mil.dtic.selenium.RunTest.readExcel 152 - testStepsSerialNumber:34
2021-01-24 10:24:41,913  INFO [main] - mil.dtic.selenium.RunTest.readExcel 153 - testStepsDescription:Courtesy car 
2021-01-24 10:24:41,913  INFO [main] - mil.dtic.selenium.RunTest.readExcel 154 - webElement:xpath
2021-01-24 10:24:41,914  INFO [main] - mil.dtic.selenium.RunTest.readExcel 155 - webElementValue://*[@id="courtesycar"]
2021-01-24 10:24:41,914  INFO [main] - mil.dtic.selenium.RunTest.readExcel 156 - inputValue:No
2021-01-24 10:24:41,914  INFO [main] - mil.dtic.selenium.RunTest.readExcel 157 - testStepsKeyword:dropdown
2021-01-24 10:24:41,914  INFO [main] - mil.dtic.selenium.RunTest.readExcel 158 - testStepsComparisonType:
2021-01-24 10:24:41,914  INFO [main] - mil.dtic.selenium.RunTest.readExcel 159 - testStepsValueOne:
2021-01-24 10:24:41,915  INFO [main] - mil.dtic.selenium.RunTest.readExcel 160 - testStepsValueTwo:
2021-01-24 10:24:41,915  INFO [main] - mil.dtic.selenium.RunTest.readExcel 161 - testStepsFailMessage:
2021-01-24 10:24:41,916  INFO [main] - mil.dtic.selenium.RunTest.readExcel 162 - testCaseExecutionFlag:Y
2021-01-24 10:24:41,916  INFO [main] - mil.dtic.selenium.RunTest.readExcel 164 - Setting testCaseExecutionFlag:Y to testCaseNumber : TC6
2021-01-24 10:24:41,916  INFO [main] - mil.dtic.selenium.RunTest.readExcel 167 - Executing performActions Method with the five arguments -dropdown No //*[@id="courtesycar"]  
2021-01-24 10:24:41,916  INFO [main] - mil.dtic.selenium.KeywordFunctions.runTest 40 - keyword: dropdown inputValue: No webElementValue:  //*[@id="courtesycar"]
2021-01-24 10:24:41,917  INFO [main] - mil.dtic.selenium.KeywordFunctions.runDriver 411 - Web Element is an - > xpath
2021-01-24 10:24:41,969  INFO [main] - mil.dtic.selenium.KeywordFunctions.runTest 146 - xpath //*[@id="courtesycar"]
2021-01-24 10:24:41,970  INFO [main] - mil.dtic.selenium.KeywordFunctions.runTest 147 - No
2021-01-24 10:24:42,052  INFO [main] - mil.dtic.selenium.RunTest.readExcel 198 - TC6Y
2021-01-24 10:24:42,053  INFO [main] - mil.dtic.selenium.RunTest.readExcel 152 - testStepsSerialNumber:35
2021-01-24 10:24:42,053  INFO [main] - mil.dtic.selenium.RunTest.readExcel 153 - testStepsDescription:Sleep 
2021-01-24 10:24:42,053  INFO [main] - mil.dtic.selenium.RunTest.readExcel 154 - webElement:
2021-01-24 10:24:42,053  INFO [main] - mil.dtic.selenium.RunTest.readExcel 155 - webElementValue:
2021-01-24 10:24:42,053  INFO [main] - mil.dtic.selenium.RunTest.readExcel 156 - inputValue:1200
2021-01-24 10:24:42,054  INFO [main] - mil.dtic.selenium.RunTest.readExcel 157 - testStepsKeyword:sleep
2021-01-24 10:24:42,054  INFO [main] - mil.dtic.selenium.RunTest.readExcel 158 - testStepsComparisonType:
2021-01-24 10:24:42,054  INFO [main] - mil.dtic.selenium.RunTest.readExcel 159 - testStepsValueOne:
2021-01-24 10:24:42,054  INFO [main] - mil.dtic.selenium.RunTest.readExcel 160 - testStepsValueTwo:
2021-01-24 10:24:42,054  INFO [main] - mil.dtic.selenium.RunTest.readExcel 161 - testStepsFailMessage:
2021-01-24 10:24:42,054  INFO [main] - mil.dtic.selenium.RunTest.readExcel 162 - testCaseExecutionFlag:Y
2021-01-24 10:24:42,055  INFO [main] - mil.dtic.selenium.RunTest.readExcel 164 - Setting testCaseExecutionFlag:Y to testCaseNumber : TC6
2021-01-24 10:24:42,055  INFO [main] - mil.dtic.selenium.RunTest.readExcel 167 - Executing performActions Method with the five arguments -sleep 1200   
2021-01-24 10:24:42,055  INFO [main] - mil.dtic.selenium.KeywordFunctions.runTest 40 - keyword: sleep inputValue: 1200 webElementValue:  
2021-01-24 10:24:47,056  INFO [main] - mil.dtic.selenium.KeywordFunctions.runTest 370 - sleep is done sucessfully
2021-01-24 10:24:47,056  INFO [main] - mil.dtic.selenium.RunTest.readExcel 198 - TC6Y
2021-01-24 10:24:47,057  INFO [main] - mil.dtic.selenium.RunTest.readExcel 152 - testStepsSerialNumber:36
2021-01-24 10:24:47,057  INFO [main] - mil.dtic.selenium.RunTest.readExcel 153 - testStepsDescription:Close Browser
2021-01-24 10:24:47,057  INFO [main] - mil.dtic.selenium.RunTest.readExcel 154 - webElement:
2021-01-24 10:24:47,057  INFO [main] - mil.dtic.selenium.RunTest.readExcel 155 - webElementValue:
2021-01-24 10:24:47,057  INFO [main] - mil.dtic.selenium.RunTest.readExcel 156 - inputValue:
2021-01-24 10:24:47,057  INFO [main] - mil.dtic.selenium.RunTest.readExcel 157 - testStepsKeyword:CloseBrowser
2021-01-24 10:24:47,057  INFO [main] - mil.dtic.selenium.RunTest.readExcel 158 - testStepsComparisonType:
2021-01-24 10:24:47,058  INFO [main] - mil.dtic.selenium.RunTest.readExcel 159 - testStepsValueOne:
2021-01-24 10:24:47,058  INFO [main] - mil.dtic.selenium.RunTest.readExcel 160 - testStepsValueTwo:
2021-01-24 10:24:47,058  INFO [main] - mil.dtic.selenium.RunTest.readExcel 161 - testStepsFailMessage:
2021-01-24 10:24:47,058  INFO [main] - mil.dtic.selenium.RunTest.readExcel 162 - testCaseExecutionFlag:Y
2021-01-24 10:24:47,058  INFO [main] - mil.dtic.selenium.RunTest.readExcel 164 - Setting testCaseExecutionFlag:Y to testCaseNumber : TC6
2021-01-24 10:24:47,058  INFO [main] - mil.dtic.selenium.RunTest.readExcel 167 - Executing performActions Method with the five arguments -CloseBrowser    
2021-01-24 10:24:47,058  INFO [main] - mil.dtic.selenium.KeywordFunctions.runTest 40 - keyword: CloseBrowser inputValue:  webElementValue:  
2021-01-24 10:24:47,774  INFO [main] - mil.dtic.selenium.KeywordFunctions.runTest 345 - Browser is closed sucessfully
2021-01-24 10:24:47,775  INFO [main] - mil.dtic.selenium.RunTest.readExcel 198 - TC6Y
2021-01-24 10:24:47,776  INFO [main] - mil.dtic.selenium.RunTest.readExcel 232 - Adding to case list ...
2021-01-24 10:24:47,777  INFO [main] - mil.dtic.selenium.RunTest.readExcel 80 - The value of i is -> 5
2021-01-24 10:24:47,777  INFO [main] - mil.dtic.selenium.RunTest.readExcel 81 - testSuitesheet -> Sheet1
2021-01-24 10:24:47,778  INFO [main] - mil.dtic.selenium.RunTest.readExcel 80 - The value of i is -> 6
2021-01-24 10:24:47,778  INFO [main] - mil.dtic.selenium.RunTest.readExcel 81 - testSuitesheet -> Sheet1
2021-01-24 10:24:47,779  INFO [main] - mil.dtic.selenium.RunTest.writeToExcelFile 297 - Sheet -> TricentisAuto Test Case # -> TC6 Row Number is -> 1
2021-01-24 10:24:47,836  INFO [main] - mil.dtic.selenium.RunTest.writeToExcelFile 317 - obj.toString() -> TC6
2021-01-24 10:24:47,837  INFO [main] - mil.dtic.selenium.RunTest.writeToExcelFile 317 - obj.toString() -> 1
2021-01-24 10:24:47,838  INFO [main] - mil.dtic.selenium.RunTest.writeToExcelFile 317 - obj.toString() -> Open url
2021-01-24 10:24:47,839  INFO [main] - mil.dtic.selenium.RunTest.writeToExcelFile 317 - obj.toString() -> 
2021-01-24 10:24:47,840  INFO [main] - mil.dtic.selenium.RunTest.writeToExcelFile 317 - obj.toString() -> http://sampleapp.tricentis.com/101/app.php
2021-01-24 10:24:47,841  INFO [main] - mil.dtic.selenium.RunTest.writeToExcelFile 317 - obj.toString() -> url
2021-01-24 10:24:47,841  INFO [main] - mil.dtic.selenium.RunTest.writeToExcelFile 317 - obj.toString() -> PASSED
2021-01-24 10:24:47,843  INFO [main] - mil.dtic.selenium.RunTest.writeToExcelFile 317 - obj.toString() -> Url is opened sucessfully
2021-01-24 10:24:48,041  INFO [main] - mil.dtic.selenium.RunTest.writeToExcelFile 297 - Sheet -> TricentisAuto Test Case # -> TC6 Row Number is -> 2
2021-01-24 10:24:48,047  INFO [main] - mil.dtic.selenium.RunTest.writeToExcelFile 317 - obj.toString() -> TC6
2021-01-24 10:24:48,048  INFO [main] - mil.dtic.selenium.RunTest.writeToExcelFile 317 - obj.toString() -> 2
2021-01-24 10:24:48,048  INFO [main] - mil.dtic.selenium.RunTest.writeToExcelFile 317 - obj.toString() -> Dropdown select
2021-01-24 10:24:48,051  INFO [main] - mil.dtic.selenium.RunTest.writeToExcelFile 317 - obj.toString() -> //*[@id="make"]
2021-01-24 10:24:48,052  INFO [main] - mil.dtic.selenium.RunTest.writeToExcelFile 317 - obj.toString() -> BMW
2021-01-24 10:24:48,053  INFO [main] - mil.dtic.selenium.RunTest.writeToExcelFile 317 - obj.toString() -> dropdown
2021-01-24 10:24:48,055  INFO [main] - mil.dtic.selenium.RunTest.writeToExcelFile 317 - obj.toString() -> PASSED
2021-01-24 10:24:48,056  INFO [main] - mil.dtic.selenium.RunTest.writeToExcelFile 317 - obj.toString() -> dropdown selection was done successfully
2021-01-24 10:24:48,079  INFO [main] - mil.dtic.selenium.RunTest.writeToExcelFile 297 - Sheet -> TricentisAuto Test Case # -> TC6 Row Number is -> 3
2021-01-24 10:24:48,089  INFO [main] - mil.dtic.selenium.RunTest.writeToExcelFile 317 - obj.toString() -> TC6
2021-01-24 10:24:48,092  INFO [main] - mil.dtic.selenium.RunTest.writeToExcelFile 317 - obj.toString() -> 3
2021-01-24 10:24:48,093  INFO [main] - mil.dtic.selenium.RunTest.writeToExcelFile 317 - obj.toString() -> Enter Engine Performance
2021-01-24 10:24:48,097  INFO [main] - mil.dtic.selenium.RunTest.writeToExcelFile 317 - obj.toString() -> //*[@id="engineperformance"]
2021-01-24 10:24:48,098  INFO [main] - mil.dtic.selenium.RunTest.writeToExcelFile 317 - obj.toString() -> 300000
2021-01-24 10:24:48,099  INFO [main] - mil.dtic.selenium.RunTest.writeToExcelFile 317 - obj.toString() -> input
2021-01-24 10:24:48,100  INFO [main] - mil.dtic.selenium.RunTest.writeToExcelFile 317 - obj.toString() -> FAILED
2021-01-24 10:24:48,101  INFO [main] - mil.dtic.selenium.RunTest.writeToExcelFile 317 - obj.toString() -> Exceeded maximum  [ Comparison Type : range : 1 - 3000 ]
2021-01-24 10:24:48,130  INFO [main] - mil.dtic.selenium.RunTest.writeToExcelFile 297 - Sheet -> TricentisAuto Test Case # -> TC6 Row Number is -> 4
2021-01-24 10:24:48,136  INFO [main] - mil.dtic.selenium.RunTest.writeToExcelFile 317 - obj.toString() -> TC6
2021-01-24 10:24:48,137  INFO [main] - mil.dtic.selenium.RunTest.writeToExcelFile 317 - obj.toString() -> 4
2021-01-24 10:24:48,139  INFO [main] - mil.dtic.selenium.RunTest.writeToExcelFile 317 - obj.toString() -> Enter Manufacturing Date
2021-01-24 10:24:48,139  INFO [main] - mil.dtic.selenium.RunTest.writeToExcelFile 317 - obj.toString() -> //*[@id="dateofmanufacture"]
2021-01-24 10:24:48,140  INFO [main] - mil.dtic.selenium.RunTest.writeToExcelFile 317 - obj.toString() -> 10/12/2019
2021-01-24 10:24:48,141  INFO [main] - mil.dtic.selenium.RunTest.writeToExcelFile 317 - obj.toString() -> input
2021-01-24 10:24:48,141  INFO [main] - mil.dtic.selenium.RunTest.writeToExcelFile 317 - obj.toString() -> PASSED
2021-01-24 10:24:48,142  INFO [main] - mil.dtic.selenium.RunTest.writeToExcelFile 317 - obj.toString() -> Input is performed sucessfully
2021-01-24 10:24:48,168  INFO [main] - mil.dtic.selenium.RunTest.writeToExcelFile 297 - Sheet -> TricentisAuto Test Case # -> TC6 Row Number is -> 5
2021-01-24 10:24:48,178  INFO [main] - mil.dtic.selenium.RunTest.writeToExcelFile 317 - obj.toString() -> TC6
2021-01-24 10:24:48,180  INFO [main] - mil.dtic.selenium.RunTest.writeToExcelFile 317 - obj.toString() -> 5
2021-01-24 10:24:48,182  INFO [main] - mil.dtic.selenium.RunTest.writeToExcelFile 317 - obj.toString() -> Enter Cylinder
2021-01-24 10:24:48,183  INFO [main] - mil.dtic.selenium.RunTest.writeToExcelFile 317 - obj.toString() -> cylindercapacity
2021-01-24 10:24:48,185  INFO [main] - mil.dtic.selenium.RunTest.writeToExcelFile 317 - obj.toString() -> 6
2021-01-24 10:24:48,186  INFO [main] - mil.dtic.selenium.RunTest.writeToExcelFile 317 - obj.toString() -> input
2021-01-24 10:24:48,188  INFO [main] - mil.dtic.selenium.RunTest.writeToExcelFile 317 - obj.toString() -> PASSED
2021-01-24 10:24:48,189  INFO [main] - mil.dtic.selenium.RunTest.writeToExcelFile 317 - obj.toString() -> Input is performed sucessfully
2021-01-24 10:24:48,226  INFO [main] - mil.dtic.selenium.RunTest.writeToExcelFile 297 - Sheet -> TricentisAuto Test Case # -> TC6 Row Number is -> 6
2021-01-24 10:24:48,229  INFO [main] - mil.dtic.selenium.RunTest.writeToExcelFile 317 - obj.toString() -> TC6
2021-01-24 10:24:48,229  INFO [main] - mil.dtic.selenium.RunTest.writeToExcelFile 317 - obj.toString() -> 6
2021-01-24 10:24:48,230  INFO [main] - mil.dtic.selenium.RunTest.writeToExcelFile 317 - obj.toString() -> Number of Seat
2021-01-24 10:24:48,231  INFO [main] - mil.dtic.selenium.RunTest.writeToExcelFile 317 - obj.toString() -> //*[@id="numberofseats"]
2021-01-24 10:24:48,231  INFO [main] - mil.dtic.selenium.RunTest.writeToExcelFile 317 - obj.toString() -> 5
2021-01-24 10:24:48,231  INFO [main] - mil.dtic.selenium.RunTest.writeToExcelFile 317 - obj.toString() -> dropdown
2021-01-24 10:24:48,232  INFO [main] - mil.dtic.selenium.RunTest.writeToExcelFile 317 - obj.toString() -> PASSED
2021-01-24 10:24:48,233  INFO [main] - mil.dtic.selenium.RunTest.writeToExcelFile 317 - obj.toString() -> dropdown selection was done successfully
2021-01-24 10:24:48,259  INFO [main] - mil.dtic.selenium.RunTest.writeToExcelFile 297 - Sheet -> TricentisAuto Test Case # -> TC6 Row Number is -> 7
2021-01-24 10:24:48,261  INFO [main] - mil.dtic.selenium.RunTest.writeToExcelFile 317 - obj.toString() -> TC6
2021-01-24 10:24:48,262  INFO [main] - mil.dtic.selenium.RunTest.writeToExcelFile 317 - obj.toString() -> 7
2021-01-24 10:24:48,263  INFO [main] - mil.dtic.selenium.RunTest.writeToExcelFile 317 - obj.toString() -> Right Hand Drive
2021-01-24 10:24:48,263  INFO [main] - mil.dtic.selenium.RunTest.writeToExcelFile 317 - obj.toString() -> //*[@id="insurance-form"]/div/section[1]/div[7]/p/label[2]/span
2021-01-24 10:24:48,264  INFO [main] - mil.dtic.selenium.RunTest.writeToExcelFile 317 - obj.toString() -> No
2021-01-24 10:24:48,264  INFO [main] - mil.dtic.selenium.RunTest.writeToExcelFile 317 - obj.toString() -> radio
2021-01-24 10:24:48,265  INFO [main] - mil.dtic.selenium.RunTest.writeToExcelFile 317 - obj.toString() -> PASSED
2021-01-24 10:24:48,265  INFO [main] - mil.dtic.selenium.RunTest.writeToExcelFile 317 - obj.toString() -> radio button selection was done successfully
2021-01-24 10:24:48,305  INFO [main] - mil.dtic.selenium.RunTest.writeToExcelFile 297 - Sheet -> TricentisAuto Test Case # -> TC6 Row Number is -> 8
2021-01-24 10:24:48,308  INFO [main] - mil.dtic.selenium.RunTest.writeToExcelFile 317 - obj.toString() -> TC6
2021-01-24 10:24:48,308  INFO [main] - mil.dtic.selenium.RunTest.writeToExcelFile 317 - obj.toString() -> 8
2021-01-24 10:24:48,308  INFO [main] - mil.dtic.selenium.RunTest.writeToExcelFile 317 - obj.toString() -> Number of Seat
2021-01-24 10:24:48,309  INFO [main] - mil.dtic.selenium.RunTest.writeToExcelFile 317 - obj.toString() -> //*[@id="numberofseatsmotorcycle"]
2021-01-24 10:24:48,309  INFO [main] - mil.dtic.selenium.RunTest.writeToExcelFile 317 - obj.toString() -> 2
2021-01-24 10:24:48,310  INFO [main] - mil.dtic.selenium.RunTest.writeToExcelFile 317 - obj.toString() -> dropdown
2021-01-24 10:24:48,310  INFO [main] - mil.dtic.selenium.RunTest.writeToExcelFile 317 - obj.toString() -> PASSED
2021-01-24 10:24:48,311  INFO [main] - mil.dtic.selenium.RunTest.writeToExcelFile 317 - obj.toString() -> dropdown selection was done successfully
2021-01-24 10:24:48,344  INFO [main] - mil.dtic.selenium.RunTest.writeToExcelFile 297 - Sheet -> TricentisAuto Test Case # -> TC6 Row Number is -> 9
2021-01-24 10:24:48,347  INFO [main] - mil.dtic.selenium.RunTest.writeToExcelFile 317 - obj.toString() -> TC6
2021-01-24 10:24:48,348  INFO [main] - mil.dtic.selenium.RunTest.writeToExcelFile 317 - obj.toString() -> 9
2021-01-24 10:24:48,348  INFO [main] - mil.dtic.selenium.RunTest.writeToExcelFile 317 - obj.toString() -> Fuel Type
2021-01-24 10:24:48,349  INFO [main] - mil.dtic.selenium.RunTest.writeToExcelFile 317 - obj.toString() -> //*[@id="fuel"]
2021-01-24 10:24:48,349  INFO [main] - mil.dtic.selenium.RunTest.writeToExcelFile 317 - obj.toString() -> Petrol
2021-01-24 10:24:48,350  INFO [main] - mil.dtic.selenium.RunTest.writeToExcelFile 317 - obj.toString() -> dropdown
2021-01-24 10:24:48,350  INFO [main] - mil.dtic.selenium.RunTest.writeToExcelFile 317 - obj.toString() -> PASSED
2021-01-24 10:24:48,351  INFO [main] - mil.dtic.selenium.RunTest.writeToExcelFile 317 - obj.toString() -> dropdown selection was done successfully
2021-01-24 10:24:48,392  INFO [main] - mil.dtic.selenium.RunTest.writeToExcelFile 297 - Sheet -> TricentisAuto Test Case # -> TC6 Row Number is -> 10
2021-01-24 10:24:48,401  INFO [main] - mil.dtic.selenium.RunTest.writeToExcelFile 317 - obj.toString() -> TC6
2021-01-24 10:24:48,402  INFO [main] - mil.dtic.selenium.RunTest.writeToExcelFile 317 - obj.toString() -> 10
2021-01-24 10:24:48,404  INFO [main] - mil.dtic.selenium.RunTest.writeToExcelFile 317 - obj.toString() -> PayLoad[kg]
2021-01-24 10:24:48,405  INFO [main] - mil.dtic.selenium.RunTest.writeToExcelFile 317 - obj.toString() -> //*[@id="payload"]
2021-01-24 10:24:48,406  INFO [main] - mil.dtic.selenium.RunTest.writeToExcelFile 317 - obj.toString() -> 1000
2021-01-24 10:24:48,408  INFO [main] - mil.dtic.selenium.RunTest.writeToExcelFile 317 - obj.toString() -> input
2021-01-24 10:24:48,409  INFO [main] - mil.dtic.selenium.RunTest.writeToExcelFile 317 - obj.toString() -> PASSED
2021-01-24 10:24:48,430  INFO [main] - mil.dtic.selenium.RunTest.writeToExcelFile 317 - obj.toString() -> Input is performed sucessfully
2021-01-24 10:24:48,471  INFO [main] - mil.dtic.selenium.RunTest.writeToExcelFile 297 - Sheet -> TricentisAuto Test Case # -> TC6 Row Number is -> 11
2021-01-24 10:24:48,473  INFO [main] - mil.dtic.selenium.RunTest.writeToExcelFile 317 - obj.toString() -> TC6
2021-01-24 10:24:48,473  INFO [main] - mil.dtic.selenium.RunTest.writeToExcelFile 317 - obj.toString() -> 11
2021-01-24 10:24:48,474  INFO [main] - mil.dtic.selenium.RunTest.writeToExcelFile 317 - obj.toString() -> Total Weight[kg]
2021-01-24 10:24:48,474  INFO [main] - mil.dtic.selenium.RunTest.writeToExcelFile 317 - obj.toString() -> //*[@id="totalweight"]
2021-01-24 10:24:48,474  INFO [main] - mil.dtic.selenium.RunTest.writeToExcelFile 317 - obj.toString() -> 3000
2021-01-24 10:24:48,475  INFO [main] - mil.dtic.selenium.RunTest.writeToExcelFile 317 - obj.toString() -> input
2021-01-24 10:24:48,475  INFO [main] - mil.dtic.selenium.RunTest.writeToExcelFile 317 - obj.toString() -> PASSED
2021-01-24 10:24:48,476  INFO [main] - mil.dtic.selenium.RunTest.writeToExcelFile 317 - obj.toString() -> Input is performed sucessfully
2021-01-24 10:24:48,520  INFO [main] - mil.dtic.selenium.RunTest.writeToExcelFile 297 - Sheet -> TricentisAuto Test Case # -> TC6 Row Number is -> 12
2021-01-24 10:24:48,523  INFO [main] - mil.dtic.selenium.RunTest.writeToExcelFile 317 - obj.toString() -> TC6
2021-01-24 10:24:48,524  INFO [main] - mil.dtic.selenium.RunTest.writeToExcelFile 317 - obj.toString() -> 12
2021-01-24 10:24:48,524  INFO [main] - mil.dtic.selenium.RunTest.writeToExcelFile 317 - obj.toString() -> List Price 
2021-01-24 10:24:48,597  INFO [main] - mil.dtic.selenium.RunTest.writeToExcelFile 317 - obj.toString() -> //*[@id="listprice"]
2021-01-24 10:24:48,599  INFO [main] - mil.dtic.selenium.RunTest.writeToExcelFile 317 - obj.toString() -> 45000
2021-01-24 10:24:48,600  INFO [main] - mil.dtic.selenium.RunTest.writeToExcelFile 317 - obj.toString() -> input
2021-01-24 10:24:48,600  INFO [main] - mil.dtic.selenium.RunTest.writeToExcelFile 317 - obj.toString() -> PASSED
2021-01-24 10:24:48,601  INFO [main] - mil.dtic.selenium.RunTest.writeToExcelFile 317 - obj.toString() -> Input is performed sucessfully
2021-01-24 10:24:48,633  INFO [main] - mil.dtic.selenium.RunTest.writeToExcelFile 297 - Sheet -> TricentisAuto Test Case # -> TC6 Row Number is -> 13
2021-01-24 10:24:48,636  INFO [main] - mil.dtic.selenium.RunTest.writeToExcelFile 317 - obj.toString() -> TC6
2021-01-24 10:24:48,637  INFO [main] - mil.dtic.selenium.RunTest.writeToExcelFile 317 - obj.toString() -> 13
2021-01-24 10:24:48,639  INFO [main] - mil.dtic.selenium.RunTest.writeToExcelFile 317 - obj.toString() -> License Plate Number 
2021-01-24 10:24:48,640  INFO [main] - mil.dtic.selenium.RunTest.writeToExcelFile 317 - obj.toString() -> //*[@id="licenseplatenumber"]
2021-01-24 10:24:48,641  INFO [main] - mil.dtic.selenium.RunTest.writeToExcelFile 317 - obj.toString() -> KBG6426
2021-01-24 10:24:48,641  INFO [main] - mil.dtic.selenium.RunTest.writeToExcelFile 317 - obj.toString() -> input
2021-01-24 10:24:48,642  INFO [main] - mil.dtic.selenium.RunTest.writeToExcelFile 317 - obj.toString() -> PASSED
2021-01-24 10:24:48,642  INFO [main] - mil.dtic.selenium.RunTest.writeToExcelFile 317 - obj.toString() -> Input is performed sucessfully
2021-01-24 10:24:48,679  INFO [main] - mil.dtic.selenium.RunTest.writeToExcelFile 297 - Sheet -> TricentisAuto Test Case # -> TC6 Row Number is -> 14
2021-01-24 10:24:48,682  INFO [main] - mil.dtic.selenium.RunTest.writeToExcelFile 317 - obj.toString() -> TC6
2021-01-24 10:24:48,682  INFO [main] - mil.dtic.selenium.RunTest.writeToExcelFile 317 - obj.toString() -> 14
2021-01-24 10:24:48,682  INFO [main] - mil.dtic.selenium.RunTest.writeToExcelFile 317 - obj.toString() -> Annual Mileage 
2021-01-24 10:24:48,683  INFO [main] - mil.dtic.selenium.RunTest.writeToExcelFile 317 - obj.toString() -> //*[@id="annualmileage"]
2021-01-24 10:24:48,683  INFO [main] - mil.dtic.selenium.RunTest.writeToExcelFile 317 - obj.toString() -> 10000
2021-01-24 10:24:48,684  INFO [main] - mil.dtic.selenium.RunTest.writeToExcelFile 317 - obj.toString() -> input
2021-01-24 10:24:48,684  INFO [main] - mil.dtic.selenium.RunTest.writeToExcelFile 317 - obj.toString() -> PASSED
2021-01-24 10:24:48,685  INFO [main] - mil.dtic.selenium.RunTest.writeToExcelFile 317 - obj.toString() -> Input is performed sucessfully
2021-01-24 10:24:48,737  INFO [main] - mil.dtic.selenium.RunTest.writeToExcelFile 297 - Sheet -> TricentisAuto Test Case # -> TC6 Row Number is -> 15
2021-01-24 10:24:48,739  INFO [main] - mil.dtic.selenium.RunTest.writeToExcelFile 317 - obj.toString() -> TC6
2021-01-24 10:24:48,740  INFO [main] - mil.dtic.selenium.RunTest.writeToExcelFile 317 - obj.toString() -> 16
2021-01-24 10:24:48,740  INFO [main] - mil.dtic.selenium.RunTest.writeToExcelFile 317 - obj.toString() -> Click on Next Button
2021-01-24 10:24:48,742  INFO [main] - mil.dtic.selenium.RunTest.writeToExcelFile 317 - obj.toString() -> //*[@id="nextenterinsurantdata"]
2021-01-24 10:24:48,743  INFO [main] - mil.dtic.selenium.RunTest.writeToExcelFile 317 - obj.toString() -> 
2021-01-24 10:24:48,744  INFO [main] - mil.dtic.selenium.RunTest.writeToExcelFile 317 - obj.toString() -> click
2021-01-24 10:24:48,744  INFO [main] - mil.dtic.selenium.RunTest.writeToExcelFile 317 - obj.toString() -> PASSED
2021-01-24 10:24:48,745  INFO [main] - mil.dtic.selenium.RunTest.writeToExcelFile 317 - obj.toString() -> Click is performed sucessfully
2021-01-24 10:24:48,784  INFO [main] - mil.dtic.selenium.RunTest.writeToExcelFile 297 - Sheet -> TricentisAuto Test Case # -> TC6 Row Number is -> 16
2021-01-24 10:24:48,792  INFO [main] - mil.dtic.selenium.RunTest.writeToExcelFile 317 - obj.toString() -> TC6
2021-01-24 10:24:48,794  INFO [main] - mil.dtic.selenium.RunTest.writeToExcelFile 317 - obj.toString() -> 17
2021-01-24 10:24:48,794  INFO [main] - mil.dtic.selenium.RunTest.writeToExcelFile 317 - obj.toString() -> First Name
2021-01-24 10:24:48,795  INFO [main] - mil.dtic.selenium.RunTest.writeToExcelFile 317 - obj.toString() -> //*[@id="firstname"]
2021-01-24 10:24:48,796  INFO [main] - mil.dtic.selenium.RunTest.writeToExcelFile 317 - obj.toString() -> Afroz
2021-01-24 10:24:48,797  INFO [main] - mil.dtic.selenium.RunTest.writeToExcelFile 317 - obj.toString() -> input
2021-01-24 10:24:48,797  INFO [main] - mil.dtic.selenium.RunTest.writeToExcelFile 317 - obj.toString() -> PASSED
2021-01-24 10:24:48,798  INFO [main] - mil.dtic.selenium.RunTest.writeToExcelFile 317 - obj.toString() -> Input is performed sucessfully
2021-01-24 10:24:48,827  INFO [main] - mil.dtic.selenium.RunTest.writeToExcelFile 297 - Sheet -> TricentisAuto Test Case # -> TC6 Row Number is -> 17
2021-01-24 10:24:48,830  INFO [main] - mil.dtic.selenium.RunTest.writeToExcelFile 317 - obj.toString() -> TC6
2021-01-24 10:24:48,830  INFO [main] - mil.dtic.selenium.RunTest.writeToExcelFile 317 - obj.toString() -> 18
2021-01-24 10:24:48,831  INFO [main] - mil.dtic.selenium.RunTest.writeToExcelFile 317 - obj.toString() -> Last Name
2021-01-24 10:24:48,831  INFO [main] - mil.dtic.selenium.RunTest.writeToExcelFile 317 - obj.toString() -> //*[@id="lastname"]
2021-01-24 10:24:48,832  INFO [main] - mil.dtic.selenium.RunTest.writeToExcelFile 317 - obj.toString() -> Churchyard
2021-01-24 10:24:48,832  INFO [main] - mil.dtic.selenium.RunTest.writeToExcelFile 317 - obj.toString() -> input
2021-01-24 10:24:48,833  INFO [main] - mil.dtic.selenium.RunTest.writeToExcelFile 317 - obj.toString() -> PASSED
2021-01-24 10:24:48,833  INFO [main] - mil.dtic.selenium.RunTest.writeToExcelFile 317 - obj.toString() -> Input is performed sucessfully
2021-01-24 10:24:48,886  INFO [main] - mil.dtic.selenium.RunTest.writeToExcelFile 297 - Sheet -> TricentisAuto Test Case # -> TC6 Row Number is -> 18
2021-01-24 10:24:48,891  INFO [main] - mil.dtic.selenium.RunTest.writeToExcelFile 317 - obj.toString() -> TC6
2021-01-24 10:24:48,891  INFO [main] - mil.dtic.selenium.RunTest.writeToExcelFile 317 - obj.toString() -> 19
2021-01-24 10:24:48,892  INFO [main] - mil.dtic.selenium.RunTest.writeToExcelFile 317 - obj.toString() -> Date of Birth 
2021-01-24 10:24:48,893  INFO [main] - mil.dtic.selenium.RunTest.writeToExcelFile 317 - obj.toString() -> //*[@id="birthdate"]
2021-01-24 10:24:48,894  INFO [main] - mil.dtic.selenium.RunTest.writeToExcelFile 317 - obj.toString() -> 43862
2021-01-24 10:24:48,895  INFO [main] - mil.dtic.selenium.RunTest.writeToExcelFile 317 - obj.toString() -> input
2021-01-24 10:24:48,896  INFO [main] - mil.dtic.selenium.RunTest.writeToExcelFile 317 - obj.toString() -> PASSED
2021-01-24 10:24:48,897  INFO [main] - mil.dtic.selenium.RunTest.writeToExcelFile 317 - obj.toString() -> Input is performed sucessfully
2021-01-24 10:24:48,949  INFO [main] - mil.dtic.selenium.RunTest.writeToExcelFile 297 - Sheet -> TricentisAuto Test Case # -> TC6 Row Number is -> 19
2021-01-24 10:24:48,959  INFO [main] - mil.dtic.selenium.RunTest.writeToExcelFile 317 - obj.toString() -> TC6
2021-01-24 10:24:48,962  INFO [main] - mil.dtic.selenium.RunTest.writeToExcelFile 317 - obj.toString() -> 20
2021-01-24 10:24:48,963  INFO [main] - mil.dtic.selenium.RunTest.writeToExcelFile 317 - obj.toString() -> Gender
2021-01-24 10:24:48,964  INFO [main] - mil.dtic.selenium.RunTest.writeToExcelFile 317 - obj.toString() -> //*[@id="insurance-form"]/div/section[2]/div[4]/p/label[1]/span
2021-01-24 10:24:48,964  INFO [main] - mil.dtic.selenium.RunTest.writeToExcelFile 317 - obj.toString() -> Male
2021-01-24 10:24:48,965  INFO [main] - mil.dtic.selenium.RunTest.writeToExcelFile 317 - obj.toString() -> radio
2021-01-24 10:24:48,965  INFO [main] - mil.dtic.selenium.RunTest.writeToExcelFile 317 - obj.toString() -> PASSED
2021-01-24 10:24:48,966  INFO [main] - mil.dtic.selenium.RunTest.writeToExcelFile 317 - obj.toString() -> radio button selection was done successfully
2021-01-24 10:24:49,018  INFO [main] - mil.dtic.selenium.RunTest.writeToExcelFile 297 - Sheet -> TricentisAuto Test Case # -> TC6 Row Number is -> 20
2021-01-24 10:24:49,021  INFO [main] - mil.dtic.selenium.RunTest.writeToExcelFile 317 - obj.toString() -> TC6
2021-01-24 10:24:49,021  INFO [main] - mil.dtic.selenium.RunTest.writeToExcelFile 317 - obj.toString() -> 21
2021-01-24 10:24:49,022  INFO [main] - mil.dtic.selenium.RunTest.writeToExcelFile 317 - obj.toString() -> Street Address 
2021-01-24 10:24:49,023  INFO [main] - mil.dtic.selenium.RunTest.writeToExcelFile 317 - obj.toString() -> //*[@id="streetaddress"]
2021-01-24 10:24:49,023  INFO [main] - mil.dtic.selenium.RunTest.writeToExcelFile 317 - obj.toString() -> 10159 Pale Rose Loop
2021-01-24 10:24:49,023  INFO [main] - mil.dtic.selenium.RunTest.writeToExcelFile 317 - obj.toString() -> input
2021-01-24 10:24:49,023  INFO [main] - mil.dtic.selenium.RunTest.writeToExcelFile 317 - obj.toString() -> PASSED
2021-01-24 10:24:49,024  INFO [main] - mil.dtic.selenium.RunTest.writeToExcelFile 317 - obj.toString() -> Input is performed sucessfully
2021-01-24 10:24:49,057  INFO [main] - mil.dtic.selenium.RunTest.writeToExcelFile 297 - Sheet -> TricentisAuto Test Case # -> TC6 Row Number is -> 21
2021-01-24 10:24:49,059  INFO [main] - mil.dtic.selenium.RunTest.writeToExcelFile 317 - obj.toString() -> TC6
2021-01-24 10:24:49,059  INFO [main] - mil.dtic.selenium.RunTest.writeToExcelFile 317 - obj.toString() -> 22
2021-01-24 10:24:49,060  INFO [main] - mil.dtic.selenium.RunTest.writeToExcelFile 317 - obj.toString() -> Sleep 
2021-01-24 10:24:49,061  INFO [main] - mil.dtic.selenium.RunTest.writeToExcelFile 317 - obj.toString() -> 
2021-01-24 10:24:49,061  INFO [main] - mil.dtic.selenium.RunTest.writeToExcelFile 317 - obj.toString() -> 60
2021-01-24 10:24:49,064  INFO [main] - mil.dtic.selenium.RunTest.writeToExcelFile 317 - obj.toString() -> sleep
2021-01-24 10:24:49,065  INFO [main] - mil.dtic.selenium.RunTest.writeToExcelFile 317 - obj.toString() -> PASSED
2021-01-24 10:24:49,065  INFO [main] - mil.dtic.selenium.RunTest.writeToExcelFile 317 - obj.toString() -> sleep is done sucessfully
2021-01-24 10:24:49,109  INFO [main] - mil.dtic.selenium.RunTest.writeToExcelFile 297 - Sheet -> TricentisAuto Test Case # -> TC6 Row Number is -> 22
2021-01-24 10:24:49,110  INFO [main] - mil.dtic.selenium.RunTest.writeToExcelFile 317 - obj.toString() -> TC6
2021-01-24 10:24:49,110  INFO [main] - mil.dtic.selenium.RunTest.writeToExcelFile 317 - obj.toString() -> 23
2021-01-24 10:24:49,110  INFO [main] - mil.dtic.selenium.RunTest.writeToExcelFile 317 - obj.toString() -> Country
2021-01-24 10:24:49,111  INFO [main] - mil.dtic.selenium.RunTest.writeToExcelFile 317 - obj.toString() -> //*[@id="country"]
2021-01-24 10:24:49,112  INFO [main] - mil.dtic.selenium.RunTest.writeToExcelFile 317 - obj.toString() -> Angola
2021-01-24 10:24:49,113  INFO [main] - mil.dtic.selenium.RunTest.writeToExcelFile 317 - obj.toString() -> dropdown
2021-01-24 10:24:49,113  INFO [main] - mil.dtic.selenium.RunTest.writeToExcelFile 317 - obj.toString() -> PASSED
2021-01-24 10:24:49,113  INFO [main] - mil.dtic.selenium.RunTest.writeToExcelFile 317 - obj.toString() -> dropdown selection was done successfully
2021-01-24 10:24:49,163  INFO [main] - mil.dtic.selenium.RunTest.writeToExcelFile 297 - Sheet -> TricentisAuto Test Case # -> TC6 Row Number is -> 23
2021-01-24 10:24:49,164  INFO [main] - mil.dtic.selenium.RunTest.writeToExcelFile 317 - obj.toString() -> TC6
2021-01-24 10:24:49,165  INFO [main] - mil.dtic.selenium.RunTest.writeToExcelFile 317 - obj.toString() -> 24
2021-01-24 10:24:49,165  INFO [main] - mil.dtic.selenium.RunTest.writeToExcelFile 317 - obj.toString() -> ZipCode
2021-01-24 10:24:49,166  INFO [main] - mil.dtic.selenium.RunTest.writeToExcelFile 317 - obj.toString() -> //*[@id="zipcode"]
2021-01-24 10:24:49,167  INFO [main] - mil.dtic.selenium.RunTest.writeToExcelFile 317 - obj.toString() -> 20136
2021-01-24 10:24:49,168  INFO [main] - mil.dtic.selenium.RunTest.writeToExcelFile 317 - obj.toString() -> input
2021-01-24 10:24:49,169  INFO [main] - mil.dtic.selenium.RunTest.writeToExcelFile 317 - obj.toString() -> PASSED
2021-01-24 10:24:49,172  INFO [main] - mil.dtic.selenium.RunTest.writeToExcelFile 317 - obj.toString() -> Input is performed sucessfully
2021-01-24 10:24:49,213  INFO [main] - mil.dtic.selenium.RunTest.writeToExcelFile 297 - Sheet -> TricentisAuto Test Case # -> TC6 Row Number is -> 24
2021-01-24 10:24:49,214  INFO [main] - mil.dtic.selenium.RunTest.writeToExcelFile 317 - obj.toString() -> TC6
2021-01-24 10:24:49,214  INFO [main] - mil.dtic.selenium.RunTest.writeToExcelFile 317 - obj.toString() -> 25
2021-01-24 10:24:49,215  INFO [main] - mil.dtic.selenium.RunTest.writeToExcelFile 317 - obj.toString() -> City
2021-01-24 10:24:49,215  INFO [main] - mil.dtic.selenium.RunTest.writeToExcelFile 317 - obj.toString() -> //*[@id="city"]
2021-01-24 10:24:49,215  INFO [main] - mil.dtic.selenium.RunTest.writeToExcelFile 317 - obj.toString() -> Bristow
2021-01-24 10:24:49,216  INFO [main] - mil.dtic.selenium.RunTest.writeToExcelFile 317 - obj.toString() -> input
2021-01-24 10:24:49,216  INFO [main] - mil.dtic.selenium.RunTest.writeToExcelFile 317 - obj.toString() -> PASSED
2021-01-24 10:24:49,216  INFO [main] - mil.dtic.selenium.RunTest.writeToExcelFile 317 - obj.toString() -> Input is performed sucessfully
2021-01-24 10:24:49,290  INFO [main] - mil.dtic.selenium.RunTest.writeToExcelFile 297 - Sheet -> TricentisAuto Test Case # -> TC6 Row Number is -> 25
2021-01-24 10:24:49,293  INFO [main] - mil.dtic.selenium.RunTest.writeToExcelFile 317 - obj.toString() -> TC6
2021-01-24 10:24:49,294  INFO [main] - mil.dtic.selenium.RunTest.writeToExcelFile 317 - obj.toString() -> 26
2021-01-24 10:24:49,294  INFO [main] - mil.dtic.selenium.RunTest.writeToExcelFile 317 - obj.toString() -> Occupation
2021-01-24 10:24:49,295  INFO [main] - mil.dtic.selenium.RunTest.writeToExcelFile 317 - obj.toString() -> //*[@id="occupation"]
2021-01-24 10:24:49,295  INFO [main] - mil.dtic.selenium.RunTest.writeToExcelFile 317 - obj.toString() -> Employee
2021-01-24 10:24:49,296  INFO [main] - mil.dtic.selenium.RunTest.writeToExcelFile 317 - obj.toString() -> dropdown
2021-01-24 10:24:49,296  INFO [main] - mil.dtic.selenium.RunTest.writeToExcelFile 317 - obj.toString() -> PASSED
2021-01-24 10:24:49,296  INFO [main] - mil.dtic.selenium.RunTest.writeToExcelFile 317 - obj.toString() -> dropdown selection was done successfully
2021-01-24 10:24:49,351  INFO [main] - mil.dtic.selenium.RunTest.writeToExcelFile 297 - Sheet -> TricentisAuto Test Case # -> TC6 Row Number is -> 26
2021-01-24 10:24:49,352  INFO [main] - mil.dtic.selenium.RunTest.writeToExcelFile 317 - obj.toString() -> TC6
2021-01-24 10:24:49,352  INFO [main] - mil.dtic.selenium.RunTest.writeToExcelFile 317 - obj.toString() -> 27
2021-01-24 10:24:49,353  INFO [main] - mil.dtic.selenium.RunTest.writeToExcelFile 317 - obj.toString() -> Hobbies 
2021-01-24 10:24:49,354  INFO [main] - mil.dtic.selenium.RunTest.writeToExcelFile 317 - obj.toString() -> //*[@id="insurance-form"]/div/section[2]/div[10]/p/label[1]/span
2021-01-24 10:24:49,355  INFO [main] - mil.dtic.selenium.RunTest.writeToExcelFile 317 - obj.toString() ->  Speeding
2021-01-24 10:24:49,356  INFO [main] - mil.dtic.selenium.RunTest.writeToExcelFile 317 - obj.toString() -> radio
2021-01-24 10:24:49,356  INFO [main] - mil.dtic.selenium.RunTest.writeToExcelFile 317 - obj.toString() -> PASSED
2021-01-24 10:24:49,357  INFO [main] - mil.dtic.selenium.RunTest.writeToExcelFile 317 - obj.toString() -> radio button selection was done successfully
2021-01-24 10:24:49,403  INFO [main] - mil.dtic.selenium.RunTest.writeToExcelFile 297 - Sheet -> TricentisAuto Test Case # -> TC6 Row Number is -> 27
2021-01-24 10:24:49,404  INFO [main] - mil.dtic.selenium.RunTest.writeToExcelFile 317 - obj.toString() -> TC6
2021-01-24 10:24:49,406  INFO [main] - mil.dtic.selenium.RunTest.writeToExcelFile 317 - obj.toString() -> 28
2021-01-24 10:24:49,407  INFO [main] - mil.dtic.selenium.RunTest.writeToExcelFile 317 - obj.toString() -> Website 
2021-01-24 10:24:49,407  INFO [main] - mil.dtic.selenium.RunTest.writeToExcelFile 317 - obj.toString() -> //*[@id="website"]
2021-01-24 10:24:49,408  INFO [main] - mil.dtic.selenium.RunTest.writeToExcelFile 317 - obj.toString() -> www.google.com
2021-01-24 10:24:49,408  INFO [main] - mil.dtic.selenium.RunTest.writeToExcelFile 317 - obj.toString() -> input
2021-01-24 10:24:49,409  INFO [main] - mil.dtic.selenium.RunTest.writeToExcelFile 317 - obj.toString() -> PASSED
2021-01-24 10:24:49,409  INFO [main] - mil.dtic.selenium.RunTest.writeToExcelFile 317 - obj.toString() -> Input is performed sucessfully
2021-01-24 10:24:49,451  INFO [main] - mil.dtic.selenium.RunTest.writeToExcelFile 297 - Sheet -> TricentisAuto Test Case # -> TC6 Row Number is -> 28
2021-01-24 10:24:49,453  INFO [main] - mil.dtic.selenium.RunTest.writeToExcelFile 317 - obj.toString() -> TC6
2021-01-24 10:24:49,453  INFO [main] - mil.dtic.selenium.RunTest.writeToExcelFile 317 - obj.toString() -> 29
2021-01-24 10:24:49,454  INFO [main] - mil.dtic.selenium.RunTest.writeToExcelFile 317 - obj.toString() -> Upload File
2021-01-24 10:24:49,454  INFO [main] - mil.dtic.selenium.RunTest.writeToExcelFile 317 - obj.toString() -> picture
2021-01-24 10:24:49,456  INFO [main] - mil.dtic.selenium.RunTest.writeToExcelFile 317 - obj.toString() -> /TestCases/Tricentis/landscape1.jpg
2021-01-24 10:24:49,456  INFO [main] - mil.dtic.selenium.RunTest.writeToExcelFile 317 - obj.toString() -> upload
2021-01-24 10:24:49,457  INFO [main] - mil.dtic.selenium.RunTest.writeToExcelFile 317 - obj.toString() -> PASSED
2021-01-24 10:24:49,457  INFO [main] - mil.dtic.selenium.RunTest.writeToExcelFile 317 - obj.toString() -> upload is performed sucessfully
2021-01-24 10:24:49,509  INFO [main] - mil.dtic.selenium.RunTest.writeToExcelFile 297 - Sheet -> TricentisAuto Test Case # -> TC6 Row Number is -> 29
2021-01-24 10:24:49,512  INFO [main] - mil.dtic.selenium.RunTest.writeToExcelFile 317 - obj.toString() -> TC6
2021-01-24 10:24:49,513  INFO [main] - mil.dtic.selenium.RunTest.writeToExcelFile 317 - obj.toString() -> 30
2021-01-24 10:24:49,514  INFO [main] - mil.dtic.selenium.RunTest.writeToExcelFile 317 - obj.toString() -> Click on Next Button
2021-01-24 10:24:49,514  INFO [main] - mil.dtic.selenium.RunTest.writeToExcelFile 317 - obj.toString() -> //*[@id="nextenterproductdata"]
2021-01-24 10:24:49,514  INFO [main] - mil.dtic.selenium.RunTest.writeToExcelFile 317 - obj.toString() -> 
2021-01-24 10:24:49,515  INFO [main] - mil.dtic.selenium.RunTest.writeToExcelFile 317 - obj.toString() -> click
2021-01-24 10:24:49,515  INFO [main] - mil.dtic.selenium.RunTest.writeToExcelFile 317 - obj.toString() -> PASSED
2021-01-24 10:24:49,516  INFO [main] - mil.dtic.selenium.RunTest.writeToExcelFile 317 - obj.toString() -> Click is performed sucessfully
2021-01-24 10:24:49,564  INFO [main] - mil.dtic.selenium.RunTest.writeToExcelFile 297 - Sheet -> TricentisAuto Test Case # -> TC6 Row Number is -> 30
2021-01-24 10:24:49,566  INFO [main] - mil.dtic.selenium.RunTest.writeToExcelFile 317 - obj.toString() -> TC6
2021-01-24 10:24:49,567  INFO [main] - mil.dtic.selenium.RunTest.writeToExcelFile 317 - obj.toString() -> 31
2021-01-24 10:24:49,567  INFO [main] - mil.dtic.selenium.RunTest.writeToExcelFile 317 - obj.toString() -> Start date 
2021-01-24 10:24:49,568  INFO [main] - mil.dtic.selenium.RunTest.writeToExcelFile 317 - obj.toString() -> //*[@id="startdate"]
2021-01-24 10:24:49,568  INFO [main] - mil.dtic.selenium.RunTest.writeToExcelFile 317 - obj.toString() -> 43928
2021-01-24 10:24:49,568  INFO [main] - mil.dtic.selenium.RunTest.writeToExcelFile 317 - obj.toString() -> input
2021-01-24 10:24:49,569  INFO [main] - mil.dtic.selenium.RunTest.writeToExcelFile 317 - obj.toString() -> PASSED
2021-01-24 10:24:49,569  INFO [main] - mil.dtic.selenium.RunTest.writeToExcelFile 317 - obj.toString() -> Input is performed sucessfully
2021-01-24 10:24:49,618  INFO [main] - mil.dtic.selenium.RunTest.writeToExcelFile 297 - Sheet -> TricentisAuto Test Case # -> TC6 Row Number is -> 31
2021-01-24 10:24:49,629  INFO [main] - mil.dtic.selenium.RunTest.writeToExcelFile 317 - obj.toString() -> TC6
2021-01-24 10:24:49,630  INFO [main] - mil.dtic.selenium.RunTest.writeToExcelFile 317 - obj.toString() -> 32
2021-01-24 10:24:49,630  INFO [main] - mil.dtic.selenium.RunTest.writeToExcelFile 317 - obj.toString() -> Insurance sum
2021-01-24 10:24:49,631  INFO [main] - mil.dtic.selenium.RunTest.writeToExcelFile 317 - obj.toString() -> //*[@id="insurancesum"]
2021-01-24 10:24:49,632  INFO [main] - mil.dtic.selenium.RunTest.writeToExcelFile 317 - obj.toString() -> 3000000
2021-01-24 10:24:49,632  INFO [main] - mil.dtic.selenium.RunTest.writeToExcelFile 317 - obj.toString() -> click
2021-01-24 10:24:49,633  INFO [main] - mil.dtic.selenium.RunTest.writeToExcelFile 317 - obj.toString() -> PASSED
2021-01-24 10:24:49,633  INFO [main] - mil.dtic.selenium.RunTest.writeToExcelFile 317 - obj.toString() -> Click is performed sucessfully
2021-01-24 10:24:49,680  INFO [main] - mil.dtic.selenium.RunTest.writeToExcelFile 297 - Sheet -> TricentisAuto Test Case # -> TC6 Row Number is -> 32
2021-01-24 10:24:49,682  INFO [main] - mil.dtic.selenium.RunTest.writeToExcelFile 317 - obj.toString() -> TC6
2021-01-24 10:24:49,682  INFO [main] - mil.dtic.selenium.RunTest.writeToExcelFile 317 - obj.toString() -> 33
2021-01-24 10:24:49,683  INFO [main] - mil.dtic.selenium.RunTest.writeToExcelFile 317 - obj.toString() -> Optional Product 
2021-01-24 10:24:49,685  INFO [main] - mil.dtic.selenium.RunTest.writeToExcelFile 317 - obj.toString() -> //*[@id="insurance-form"]/div/section[3]/div[5]/p/label[1]/span
2021-01-24 10:24:49,686  INFO [main] - mil.dtic.selenium.RunTest.writeToExcelFile 317 - obj.toString() -> 
2021-01-24 10:24:49,689  INFO [main] - mil.dtic.selenium.RunTest.writeToExcelFile 317 - obj.toString() -> click
2021-01-24 10:24:49,698  INFO [main] - mil.dtic.selenium.RunTest.writeToExcelFile 317 - obj.toString() -> PASSED
2021-01-24 10:24:49,699  INFO [main] - mil.dtic.selenium.RunTest.writeToExcelFile 317 - obj.toString() -> Click is performed sucessfully
2021-01-24 10:24:49,764  INFO [main] - mil.dtic.selenium.RunTest.writeToExcelFile 297 - Sheet -> TricentisAuto Test Case # -> TC6 Row Number is -> 33
2021-01-24 10:24:49,766  INFO [main] - mil.dtic.selenium.RunTest.writeToExcelFile 317 - obj.toString() -> TC6
2021-01-24 10:24:49,767  INFO [main] - mil.dtic.selenium.RunTest.writeToExcelFile 317 - obj.toString() -> 34
2021-01-24 10:24:49,768  INFO [main] - mil.dtic.selenium.RunTest.writeToExcelFile 317 - obj.toString() -> Courtesy car 
2021-01-24 10:24:49,769  INFO [main] - mil.dtic.selenium.RunTest.writeToExcelFile 317 - obj.toString() -> //*[@id="courtesycar"]
2021-01-24 10:24:49,770  INFO [main] - mil.dtic.selenium.RunTest.writeToExcelFile 317 - obj.toString() -> No
2021-01-24 10:24:49,774  INFO [main] - mil.dtic.selenium.RunTest.writeToExcelFile 317 - obj.toString() -> dropdown
2021-01-24 10:24:49,774  INFO [main] - mil.dtic.selenium.RunTest.writeToExcelFile 317 - obj.toString() -> PASSED
2021-01-24 10:24:49,775  INFO [main] - mil.dtic.selenium.RunTest.writeToExcelFile 317 - obj.toString() -> dropdown selection was done successfully
2021-01-24 10:24:49,853  INFO [main] - mil.dtic.selenium.RunTest.writeToExcelFile 297 - Sheet -> TricentisAuto Test Case # -> TC6 Row Number is -> 34
2021-01-24 10:24:49,854  INFO [main] - mil.dtic.selenium.RunTest.writeToExcelFile 317 - obj.toString() -> TC6
2021-01-24 10:24:49,855  INFO [main] - mil.dtic.selenium.RunTest.writeToExcelFile 317 - obj.toString() -> 35
2021-01-24 10:24:49,856  INFO [main] - mil.dtic.selenium.RunTest.writeToExcelFile 317 - obj.toString() -> Sleep 
2021-01-24 10:24:49,857  INFO [main] - mil.dtic.selenium.RunTest.writeToExcelFile 317 - obj.toString() -> 
2021-01-24 10:24:49,858  INFO [main] - mil.dtic.selenium.RunTest.writeToExcelFile 317 - obj.toString() -> 1200
2021-01-24 10:24:49,858  INFO [main] - mil.dtic.selenium.RunTest.writeToExcelFile 317 - obj.toString() -> sleep
2021-01-24 10:24:49,859  INFO [main] - mil.dtic.selenium.RunTest.writeToExcelFile 317 - obj.toString() -> PASSED
2021-01-24 10:24:49,860  INFO [main] - mil.dtic.selenium.RunTest.writeToExcelFile 317 - obj.toString() -> sleep is done sucessfully
2021-01-24 10:24:49,932  INFO [main] - mil.dtic.selenium.RunTest.writeToExcelFile 297 - Sheet -> TricentisAuto Test Case # -> TC6 Row Number is -> 35
2021-01-24 10:24:49,933  INFO [main] - mil.dtic.selenium.RunTest.writeToExcelFile 317 - obj.toString() -> TC6
2021-01-24 10:24:49,934  INFO [main] - mil.dtic.selenium.RunTest.writeToExcelFile 317 - obj.toString() -> 36
2021-01-24 10:24:49,934  INFO [main] - mil.dtic.selenium.RunTest.writeToExcelFile 317 - obj.toString() -> Close Browser
2021-01-24 10:24:49,934  INFO [main] - mil.dtic.selenium.RunTest.writeToExcelFile 317 - obj.toString() -> 
2021-01-24 10:24:49,935  INFO [main] - mil.dtic.selenium.RunTest.writeToExcelFile 317 - obj.toString() -> 
2021-01-24 10:24:49,935  INFO [main] - mil.dtic.selenium.RunTest.writeToExcelFile 317 - obj.toString() -> CloseBrowser
2021-01-24 10:24:49,936  INFO [main] - mil.dtic.selenium.RunTest.writeToExcelFile 317 - obj.toString() -> PASSED
2021-01-24 10:24:49,936  INFO [main] - mil.dtic.selenium.RunTest.writeToExcelFile 317 - obj.toString() -> Browser is closed sucessfully
2021-01-24 10:24:50,017  INFO [main] - mil.dtic.selenium.RunTest.writeToExcelFile 297 - Sheet -> Test Cases Test Case # -> TC6 Row Number is -> 1
2021-01-24 10:24:50,018  INFO [main] - mil.dtic.selenium.RunTest.writeToExcelFile 317 - obj.toString() -> TricentisAuto
2021-01-24 10:24:50,019  INFO [main] - mil.dtic.selenium.RunTest.writeToExcelFile 317 - obj.toString() -> 1
2021-01-24 10:24:50,020  INFO [main] - mil.dtic.selenium.RunTest.writeToExcelFile 317 - obj.toString() -> TC6
2021-01-24 10:24:50,022  INFO [main] - mil.dtic.selenium.RunTest.writeToExcelFile 317 - obj.toString() -> Tricentis  Auto Test
2021-01-24 10:24:50,023  INFO [main] - mil.dtic.selenium.RunTest.writeToExcelFile 317 - obj.toString() -> Y
2021-01-24 10:24:50,024  INFO [main] - mil.dtic.selenium.RunTest.writeToExcelFile 317 - obj.toString() -> FAILED
2021-01-24 10:24:50,029  INFO [main] - mil.dtic.selenium.RunTest.writeToExcelFile 297 - Sheet -> Test Suite Test Case # -> LoginTestcases Row Number is -> 1
2021-01-24 10:24:50,030  INFO [main] - mil.dtic.selenium.RunTest.writeToExcelFile 317 - obj.toString() -> 1
2021-01-24 10:24:50,031  INFO [main] - mil.dtic.selenium.RunTest.writeToExcelFile 317 - obj.toString() -> LoginTestcases
2021-01-24 10:24:50,032  INFO [main] - mil.dtic.selenium.RunTest.writeToExcelFile 317 - obj.toString() -> N
2021-01-24 10:24:50,032  INFO [main] - mil.dtic.selenium.RunTest.writeToExcelFile 317 - obj.toString() -> SKIPPED
2021-01-24 10:24:50,036  INFO [main] - mil.dtic.selenium.RunTest.writeToExcelFile 297 - Sheet -> Test Suite Test Case # -> UserRegistrationTestCases Row Number is -> 2
2021-01-24 10:24:50,046  INFO [main] - mil.dtic.selenium.RunTest.writeToExcelFile 317 - obj.toString() -> 2
2021-01-24 10:24:50,047  INFO [main] - mil.dtic.selenium.RunTest.writeToExcelFile 317 - obj.toString() -> UserRegistrationTestCases
2021-01-24 10:24:50,047  INFO [main] - mil.dtic.selenium.RunTest.writeToExcelFile 317 - obj.toString() -> N
2021-01-24 10:24:50,048  INFO [main] - mil.dtic.selenium.RunTest.writeToExcelFile 317 - obj.toString() -> SKIPPED
2021-01-24 10:24:50,052  INFO [main] - mil.dtic.selenium.RunTest.writeToExcelFile 297 - Sheet -> Test Suite Test Case # -> AnotherTestCase Row Number is -> 3
2021-01-24 10:24:50,054  INFO [main] - mil.dtic.selenium.RunTest.writeToExcelFile 317 - obj.toString() -> 3
2021-01-24 10:24:50,054  INFO [main] - mil.dtic.selenium.RunTest.writeToExcelFile 317 - obj.toString() -> AnotherTestCase
2021-01-24 10:24:50,055  INFO [main] - mil.dtic.selenium.RunTest.writeToExcelFile 317 - obj.toString() -> N
2021-01-24 10:24:50,055  INFO [main] - mil.dtic.selenium.RunTest.writeToExcelFile 317 - obj.toString() -> SKIPPED
2021-01-24 10:24:50,060  INFO [main] - mil.dtic.selenium.RunTest.writeToExcelFile 297 - Sheet -> Test Suite Test Case # -> TricentisAuto Row Number is -> 4
2021-01-24 10:24:50,063  INFO [main] - mil.dtic.selenium.RunTest.writeToExcelFile 317 - obj.toString() -> 4
2021-01-24 10:24:50,063  INFO [main] - mil.dtic.selenium.RunTest.writeToExcelFile 317 - obj.toString() -> TricentisAuto
2021-01-24 10:24:50,063  INFO [main] - mil.dtic.selenium.RunTest.writeToExcelFile 317 - obj.toString() -> Y
2021-01-24 10:24:50,064  INFO [main] - mil.dtic.selenium.RunTest.writeToExcelFile 317 - obj.toString() -> FAILED
2021-01-24 10:24:50,078  INFO [main] - mil.dtic.selenium.RunTest.writeToExcelFile 297 - Sheet -> Test Suite Test Case # -> TricentisAutoTest Row Number is -> 5
2021-01-24 10:24:50,079  INFO [main] - mil.dtic.selenium.RunTest.writeToExcelFile 317 - obj.toString() -> 5
2021-01-24 10:24:50,079  INFO [main] - mil.dtic.selenium.RunTest.writeToExcelFile 317 - obj.toString() -> TricentisAutoTest
2021-01-24 10:24:50,080  INFO [main] - mil.dtic.selenium.RunTest.writeToExcelFile 317 - obj.toString() -> N
2021-01-24 10:24:50,082  INFO [main] - mil.dtic.selenium.RunTest.writeToExcelFile 317 - obj.toString() -> SKIPPED
2021-01-24 10:24:50,088  INFO [main] - mil.dtic.selenium.RunTest.writeToExcelFile 297 - Sheet -> Test Suite Test Case # -> Tricentis Row Number is -> 6
2021-01-24 10:24:50,090  INFO [main] - mil.dtic.selenium.RunTest.writeToExcelFile 317 - obj.toString() -> 6
2021-01-24 10:24:50,090  INFO [main] - mil.dtic.selenium.RunTest.writeToExcelFile 317 - obj.toString() -> Tricentis
2021-01-24 10:24:50,090  INFO [main] - mil.dtic.selenium.RunTest.writeToExcelFile 317 - obj.toString() -> N
2021-01-24 10:24:50,090  INFO [main] - mil.dtic.selenium.RunTest.writeToExcelFile 317 - obj.toString() -> SKIPPED
2021-01-24 10:24:50,299  INFO [main] - mil.dtic.selenium.RunTest.readExcel 275 - Closing workbook ...
